2024-04-28 12:16:35,286 [ERROR] LogOutputStream:75 - [STDERR_REDIRECT] 
2024-04-28 13:02:54,350 [INFO] Activator:176 - 


2024-04-28 13:02:54,352 [INFO] Activator:177 - !SESSION log4j initialized
2024-04-28 13:03:02,242 [INFO] LogOutputStream:77 - [STDOUT_REDIRECT] 
2024-04-28 13:03:04,985 [INFO] ApplicationProperties:184 - Using Application install path: C:\ST\STM32CubeIDE_1.13.0\STM32CubeIDE\plugins\com.st.stm32cube.common.mx_6.9.0.202307051724
2024-04-28 13:03:05,004 [INFO] DbMcusXml:78 - Set database path to: C:\ST\STM32CubeIDE_1.13.0\STM32CubeIDE\plugins\com.st.stm32cube.common.mx_6.9.0.202307051724\\db\/mcu/
2024-04-28 13:03:05,004 [INFO] ApiDb:274 - Set plugin database path to: C:\ST\STM32CubeIDE_1.13.0\STM32CubeIDE\plugins\com.st.stm32cube.common.mx_6.9.0.202307051724\\db\/plugins/boardmanager/
2024-04-28 13:03:05,004 [WARN] ApiDb:259 - Overriding images path with different value:  => C:\ST\STM32CubeIDE_1.13.0\STM32CubeIDE\plugins\com.st.stm32cube.common.mx_6.9.0.202307051724\\db\/plugins/mcufinder/images/
2024-04-28 13:03:05,015 [INFO] ApiDb:250 - Set database path to: C:\Users\jesus\.stmcufinder\plugins\mcufinder//mcu/
2024-04-28 13:03:05,018 [INFO] DbMcusAds:125 - Set database path to: C:\Users\jesus\.stmcufinder\plugins\mcufinder//mcu/
2024-04-28 13:03:05,020 [INFO] CrossReferenceDbSqlite:203 - Set database path to: C:\Users\jesus\.stmcufinder\plugins\mcufinder//mcu/cs/
2024-04-28 13:03:05,142 [INFO] RulesReader:64 - Compatibility file has been processed (293 Rules)
2024-04-28 13:03:05,238 [INFO] DbMcusXml:78 - Set database path to: C:\ST\STM32CubeIDE_1.13.0\STM32CubeIDE\plugins\com.st.stm32cube.common.mx_6.9.0.202307051724\\db\/mcu/
2024-04-28 13:03:05,239 [INFO] ApiDb:274 - Set plugin database path to: C:\ST\STM32CubeIDE_1.13.0\STM32CubeIDE\plugins\com.st.stm32cube.common.mx_6.9.0.202307051724\\db\/plugins/boardmanager/
2024-04-28 13:03:05,239 [INFO] ApiDb:261 - Set plugin images path to: C:\ST\STM32CubeIDE_1.13.0\STM32CubeIDE\plugins\com.st.stm32cube.common.mx_6.9.0.202307051724\\db\/plugins/mcufinder/images/
2024-04-28 13:03:05,239 [WARN] DbFile:41 - Overriding database path with different value: C:\Users\jesus\.stmcufinder\plugins\mcufinder/ => C:\Users\jesus\.stmcufinder\plugins\mcufinder
2024-04-28 13:03:05,239 [INFO] ApiDb:250 - Set database path to: C:\Users\jesus\.stmcufinder\plugins\mcufinder//mcu/
2024-04-28 13:03:05,239 [WARN] DbFile:41 - Overriding database path with different value: C:\Users\jesus\.stmcufinder\plugins\mcufinder/ => C:\Users\jesus\.stmcufinder\plugins\mcufinder
2024-04-28 13:03:05,239 [INFO] DbMcusAds:125 - Set database path to: C:\Users\jesus\.stmcufinder\plugins\mcufinder//mcu/
2024-04-28 13:03:05,239 [WARN] DbFile:41 - Overriding database path with different value: C:\Users\jesus\.stmcufinder\plugins\mcufinder/ => C:\Users\jesus\.stmcufinder\plugins\mcufinder
2024-04-28 13:03:05,239 [WARN] DbFile:41 - Overriding database path with different value: C:\Users\jesus\.stmcufinder\plugins\mcufinder/ => C:\Users\jesus\.stmcufinder\plugins\mcufinder
2024-04-28 13:03:05,239 [INFO] CrossReferenceDbSqlite:203 - Set database path to: C:\Users\jesus\.stmcufinder\plugins\mcufinder//mcu/cs/
2024-04-28 13:03:05,323 [INFO] MainPanel:262 - HeapMemory: 268435456
2024-04-28 13:03:05,420 [INFO] DbMcusXml:78 - Set database path to: C:\ST\STM32CubeIDE_1.13.0\STM32CubeIDE\plugins\com.st.stm32cube.common.mx_6.9.0.202307051724\\db\/mcu/
2024-04-28 13:03:05,420 [INFO] ApiDb:274 - Set plugin database path to: C:\ST\STM32CubeIDE_1.13.0\STM32CubeIDE\plugins\com.st.stm32cube.common.mx_6.9.0.202307051724\\db\/plugins/boardmanager/
2024-04-28 13:03:05,421 [INFO] ApiDb:261 - Set plugin images path to: C:\ST\STM32CubeIDE_1.13.0\STM32CubeIDE\plugins\com.st.stm32cube.common.mx_6.9.0.202307051724\\db\/plugins/mcufinder/images/
2024-04-28 13:03:05,422 [WARN] DbFile:41 - Overriding database path with different value: C:\Users\jesus\.stmcufinder\plugins\mcufinder/ => C:\Users\jesus\.stmcufinder\plugins\mcufinder
2024-04-28 13:03:05,422 [INFO] ApiDb:250 - Set database path to: C:\Users\jesus\.stmcufinder\plugins\mcufinder//mcu/
2024-04-28 13:03:05,422 [WARN] DbFile:41 - Overriding database path with different value: C:\Users\jesus\.stmcufinder\plugins\mcufinder/ => C:\Users\jesus\.stmcufinder\plugins\mcufinder
2024-04-28 13:03:05,422 [INFO] DbMcusAds:125 - Set database path to: C:\Users\jesus\.stmcufinder\plugins\mcufinder//mcu/
2024-04-28 13:03:05,422 [WARN] DbFile:41 - Overriding database path with different value: C:\Users\jesus\.stmcufinder\plugins\mcufinder/ => C:\Users\jesus\.stmcufinder\plugins\mcufinder
2024-04-28 13:03:05,422 [WARN] DbFile:41 - Overriding database path with different value: C:\Users\jesus\.stmcufinder\plugins\mcufinder/ => C:\Users\jesus\.stmcufinder\plugins\mcufinder
2024-04-28 13:03:05,423 [INFO] CrossReferenceDbSqlite:203 - Set database path to: C:\Users\jesus\.stmcufinder\plugins\mcufinder//mcu/cs/
2024-04-28 13:03:05,440 [INFO] ApplicationProperties:184 - Using Application install path: C:\ST\STM32CubeIDE_1.13.0\STM32CubeIDE\plugins\com.st.stm32cube.common.mx_6.9.0.202307051724
2024-04-28 13:03:05,442 [INFO] PluginManage:196 - Search for loadable plugins [exclusion list=, ]
2024-04-28 13:03:05,443 [INFO] PluginManage:310 - Check plugin analytics
2024-04-28 13:03:05,706 [INFO] AnalyticsPlugin:253 - Accepted Software Licenses: 
2024-04-28 13:03:05,707 [INFO] AnalyticsPlugin:255 - Accepted CMSIS Pack Licenses: 
2024-04-28 13:03:05,707 [INFO] AnalyticsPlugin:257 - Accepted Firmware Licenses: FW.L4.1.18.0
2024-04-28 13:03:05,713 [INFO] PluginManage:359 - Loaded plugin analytics (category:tool,tabindex:-1)
2024-04-28 13:03:05,715 [INFO] PluginManage:310 - Check plugin cadmodel
2024-04-28 13:03:05,734 [INFO] CADModel:105 - Init CAD model plugin
2024-04-28 13:03:05,734 [INFO] PluginManage:359 - Loaded plugin cadmodel (category:power,tabindex:5)
2024-04-28 13:03:05,735 [INFO] PluginManage:310 - Check plugin clock
2024-04-28 13:03:05,773 [INFO] PluginManage:359 - Loaded plugin clock (category:base,tabindex:2)
2024-04-28 13:03:05,774 [INFO] PluginManage:310 - Check plugin ddr
2024-04-28 13:03:05,787 [INFO] PluginManage:359 - Loaded plugin ddr (category:tool,tabindex:6)
2024-04-28 13:03:05,788 [INFO] PluginManage:310 - Check plugin filemanager
2024-04-28 13:03:05,994 [INFO] PluginManage:359 - Loaded plugin filemanager (category:base,tabindex:10)
2024-04-28 13:03:05,994 [INFO] PluginManage:310 - Check plugin ipmanager
2024-04-28 13:03:06,002 [INFO] PluginManage:359 - Loaded plugin ipmanager (category:base,tabindex:5)
2024-04-28 13:03:06,002 [INFO] PluginManage:310 - Check plugin lpbam
2024-04-28 13:03:06,019 [INFO] PluginManage:359 - Loaded plugin lpbam (category:base,tabindex:0)
2024-04-28 13:03:06,019 [INFO] PluginManage:310 - Check plugin memorymap
2024-04-28 13:03:06,039 [INFO] PluginManage:359 - Loaded plugin memorymap (category:base,tabindex:4)
2024-04-28 13:03:06,040 [INFO] PluginManage:310 - Check plugin pinoutandconfiguration
2024-04-28 13:03:06,054 [INFO] PluginManage:359 - Loaded plugin pinoutandconfiguration (category:base,tabindex:1)
2024-04-28 13:03:06,054 [INFO] PluginManage:310 - Check plugin pinoutconfig
2024-04-28 13:03:06,163 [WARN] SupportedApi:132 - Cannot load RTOS API schema: s4s-elt-must-match.1: The content of 'definitions' must match (annotation?, (simpleType | complexType)?, (unique | key | keyref)*)). A problem was found starting at: attribute.
2024-04-28 13:03:06,319 [INFO] PluginManage:359 - Loaded plugin pinoutconfig (category:base,tabindex:0)
2024-04-28 13:03:06,319 [INFO] PluginManage:310 - Check plugin power
2024-04-28 13:03:06,350 [INFO] PluginManage:359 - Loaded plugin power (category:power,tabindex:4)
2024-04-28 13:03:06,350 [INFO] PluginManage:310 - Check plugin projectmanager
2024-04-28 13:03:06,367 [INFO] PluginManage:359 - Loaded plugin projectmanager (category:projectmanager,tabindex:3)
2024-04-28 13:03:06,367 [INFO] PluginManage:310 - Check plugin thirdparty
2024-04-28 13:03:06,651 [WARN] IntegrityCheckThread:84 - waiting for thirdparty lock release [integrity check]
2024-04-28 13:03:06,652 [INFO] IntegrityCheckThread:86 - entering critical section [integrity check]
2024-04-28 13:03:06,652 [INFO] PluginManage:359 - Loaded plugin thirdparty (category:base,tabindex:-1)
2024-04-28 13:03:06,652 [INFO] PluginManage:310 - Check plugin tools
2024-04-28 13:03:06,653 [INFO] ThirdPartyUpdaterWithRetryManager:70 - Updater plugin not ready yet. [1/15]
2024-04-28 13:03:06,687 [INFO] PluginManage:359 - Loaded plugin tools (category:base,tabindex:7)
2024-04-28 13:03:06,687 [INFO] PluginManage:310 - Check plugin tutovideos
2024-04-28 13:03:06,885 [INFO] PluginManage:359 - Loaded plugin tutovideos (category:base,tabindex:-1)
2024-04-28 13:03:06,885 [INFO] PluginManage:310 - Check plugin updater
2024-04-28 13:03:06,902 [INFO] PluginManage:359 - Loaded plugin updater (category:base,tabindex:12)
2024-04-28 13:03:06,902 [INFO] PluginManage:310 - Check plugin userauth
2024-04-28 13:03:06,908 [INFO] UserAuth:113 - Init User Auth plugin
2024-04-28 13:03:06,908 [INFO] PluginManage:359 - Loaded plugin userauth (category:base,tabindex:14)
2024-04-28 13:03:06,908 [INFO] PluginManage:283 - PluginManage : Loaded plugins [17]
2024-04-28 13:03:07,174 [INFO] PinOutPanel:1499 - setPackage(No Configuration,No Configuration)
2024-04-28 13:03:07,290 [INFO] CADModel:165 - CPN selected for project level
2024-04-28 13:03:07,290 [INFO] CADModel:114 - Register for checkConnection events
2024-04-28 13:03:07,313 [INFO] IPUIPlugin:80 - create IPUIPlugin
2024-04-28 13:03:07,313 [INFO] PluginManager:220 - loadIPPluginJar : add adc
2024-04-28 13:03:07,341 [INFO] IPUIPlugin:80 - create IPUIPlugin
2024-04-28 13:03:07,341 [INFO] PluginManager:220 - loadIPPluginJar : add aes
2024-04-28 13:03:07,372 [INFO] IPUIPlugin:80 - create IPUIPlugin
2024-04-28 13:03:07,373 [INFO] PluginManager:220 - loadIPPluginJar : add can
2024-04-28 13:03:07,390 [INFO] IPUIPlugin:80 - create IPUIPlugin
2024-04-28 13:03:07,390 [INFO] PluginManager:220 - loadIPPluginJar : add comp
2024-04-28 13:03:07,414 [INFO] IPUIPlugin:80 - create IPUIPlugin
2024-04-28 13:03:07,414 [INFO] PluginManager:220 - loadIPPluginJar : add cryp
2024-04-28 13:03:07,436 [INFO] IPUIPlugin:80 - create IPUIPlugin
2024-04-28 13:03:07,436 [INFO] PluginManager:220 - loadIPPluginJar : add dfsdm
2024-04-28 13:03:07,447 [INFO] IPUIPlugin:80 - create IPUIPlugin
2024-04-28 13:03:07,447 [INFO] PluginManager:220 - loadIPPluginJar : add dma
2024-04-28 13:03:07,482 [INFO] IPUIPlugin:80 - create IPUIPlugin
2024-04-28 13:03:07,482 [INFO] PluginManager:220 - loadIPPluginJar : add dma3
2024-04-28 13:03:07,497 [INFO] IPUIPlugin:80 - create IPUIPlugin
2024-04-28 13:03:07,498 [INFO] PluginManager:220 - loadIPPluginJar : add fatfs
2024-04-28 13:03:07,533 [INFO] IPUIPlugin:80 - create IPUIPlugin
2024-04-28 13:03:07,533 [INFO] PluginManager:220 - loadIPPluginJar : add fmc
2024-04-28 13:03:07,545 [INFO] IPUIPlugin:80 - create IPUIPlugin
2024-04-28 13:03:07,545 [INFO] PluginManager:220 - loadIPPluginJar : add freertos
2024-04-28 13:03:07,560 [INFO] IPUIPlugin:80 - create IPUIPlugin
2024-04-28 13:03:07,561 [INFO] PluginManager:220 - loadIPPluginJar : add genericplugin
2024-04-28 13:03:07,635 [INFO] IPUIPlugin:80 - create IPUIPlugin
2024-04-28 13:03:07,635 [INFO] PluginManager:220 - loadIPPluginJar : add gfxmmu
2024-04-28 13:03:07,757 [INFO] IPUIPlugin:80 - create IPUIPlugin
2024-04-28 13:03:07,758 [INFO] PluginManager:220 - loadIPPluginJar : add gic
2024-04-28 13:03:07,769 [INFO] IPUIPlugin:80 - create IPUIPlugin
2024-04-28 13:03:07,769 [INFO] PluginManager:220 - loadIPPluginJar : add gpio
2024-04-28 13:03:07,850 [INFO] IPUIPlugin:80 - create IPUIPlugin
2024-04-28 13:03:07,850 [INFO] PluginManager:220 - loadIPPluginJar : add gtzc
2024-04-28 13:03:07,877 [INFO] IPUIPlugin:80 - create IPUIPlugin
2024-04-28 13:03:07,877 [INFO] PluginManager:220 - loadIPPluginJar : add hash
2024-04-28 13:03:07,920 [INFO] IPUIPlugin:80 - create IPUIPlugin
2024-04-28 13:03:07,920 [INFO] PluginManager:220 - loadIPPluginJar : add i2c
2024-04-28 13:03:07,951 [INFO] IPUIPlugin:80 - create IPUIPlugin
2024-04-28 13:03:07,951 [INFO] PluginManager:220 - loadIPPluginJar : add i2s
2024-04-28 13:03:07,986 [INFO] IPUIPlugin:80 - create IPUIPlugin
2024-04-28 13:03:07,986 [INFO] PluginManager:220 - loadIPPluginJar : add i3c
2024-04-28 13:03:08,081 [INFO] IPUIPlugin:80 - create IPUIPlugin
2024-04-28 13:03:08,081 [INFO] PluginManager:220 - loadIPPluginJar : add ipddr
2024-04-28 13:03:08,153 [INFO] IPUIPlugin:80 - create IPUIPlugin
2024-04-28 13:03:08,153 [INFO] PluginManager:220 - loadIPPluginJar : add linkedlist
2024-04-28 13:03:08,189 [INFO] IPUIPlugin:80 - create IPUIPlugin
2024-04-28 13:03:08,190 [INFO] PluginManager:220 - loadIPPluginJar : add lorawan
2024-04-28 13:03:08,226 [INFO] IPUIPlugin:80 - create IPUIPlugin
2024-04-28 13:03:08,226 [INFO] PluginManager:220 - loadIPPluginJar : add ltdc
2024-04-28 13:03:08,242 [INFO] IPUIPlugin:80 - create IPUIPlugin
2024-04-28 13:03:08,242 [INFO] PluginManager:220 - loadIPPluginJar : add mdma
2024-04-28 13:03:08,254 [INFO] IPUIPlugin:80 - create IPUIPlugin
2024-04-28 13:03:08,254 [INFO] PluginManager:220 - loadIPPluginJar : add nvic
2024-04-28 13:03:08,281 [INFO] IPUIPlugin:80 - create IPUIPlugin
2024-04-28 13:03:08,281 [INFO] PluginManager:220 - loadIPPluginJar : add opamp
2024-04-28 13:03:08,326 [INFO] IPUIPlugin:80 - create IPUIPlugin
2024-04-28 13:03:08,326 [INFO] PluginManager:220 - loadIPPluginJar : add openamp
2024-04-28 13:03:08,359 [INFO] IPUIPlugin:80 - create IPUIPlugin
2024-04-28 13:03:08,359 [INFO] PluginManager:220 - loadIPPluginJar : add pdm2pcm
2024-04-28 13:03:08,371 [INFO] IPUIPlugin:80 - create IPUIPlugin
2024-04-28 13:03:08,372 [INFO] PluginManager:220 - loadIPPluginJar : add plateformsettings
2024-04-28 13:03:08,389 [INFO] IPUIPlugin:80 - create IPUIPlugin
2024-04-28 13:03:08,389 [INFO] PluginManager:220 - loadIPPluginJar : add quadspi
2024-04-28 13:03:08,414 [INFO] IPUIPlugin:80 - create IPUIPlugin
2024-04-28 13:03:08,414 [INFO] PluginManager:220 - loadIPPluginJar : add resmgrutility
2024-04-28 13:03:08,453 [INFO] IPUIPlugin:80 - create IPUIPlugin
2024-04-28 13:03:08,453 [INFO] PluginManager:220 - loadIPPluginJar : add sai
2024-04-28 13:03:08,483 [INFO] IPUIPlugin:80 - create IPUIPlugin
2024-04-28 13:03:08,483 [INFO] PluginManager:220 - loadIPPluginJar : add spi
2024-04-28 13:03:08,529 [INFO] IPUIPlugin:80 - create IPUIPlugin
2024-04-28 13:03:08,529 [INFO] PluginManager:220 - loadIPPluginJar : add stm32_wpan
2024-04-28 13:03:08,549 [INFO] IPUIPlugin:80 - create IPUIPlugin
2024-04-28 13:03:08,549 [INFO] PluginManager:220 - loadIPPluginJar : add tim
2024-04-28 13:03:08,599 [INFO] IPUIPlugin:80 - create IPUIPlugin
2024-04-28 13:03:08,599 [INFO] PluginManager:220 - loadIPPluginJar : add touchsensing
2024-04-28 13:03:08,618 [INFO] IPUIPlugin:80 - create IPUIPlugin
2024-04-28 13:03:08,618 [INFO] PluginManager:220 - loadIPPluginJar : add tracer_emb
2024-04-28 13:03:08,648 [INFO] IPUIPlugin:80 - create IPUIPlugin
2024-04-28 13:03:08,648 [INFO] PluginManager:220 - loadIPPluginJar : add ts
2024-04-28 13:03:08,668 [INFO] IPUIPlugin:80 - create IPUIPlugin
2024-04-28 13:03:08,668 [INFO] PluginManager:220 - loadIPPluginJar : add tsc
2024-04-28 13:03:08,688 [INFO] IPUIPlugin:80 - create IPUIPlugin
2024-04-28 13:03:08,688 [INFO] PluginManager:220 - loadIPPluginJar : add ucpd
2024-04-28 13:03:08,729 [INFO] IPUIPlugin:80 - create IPUIPlugin
2024-04-28 13:03:08,729 [INFO] PluginManager:220 - loadIPPluginJar : add usart
2024-04-28 13:03:08,769 [INFO] IPUIPlugin:80 - create IPUIPlugin
2024-04-28 13:03:08,770 [INFO] PluginManager:220 - loadIPPluginJar : add usbx
2024-04-28 13:03:08,911 [INFO] CADModel:165 - CPN selected for project level
2024-04-28 13:03:08,911 [INFO] CADModel:114 - Register for checkConnection events
2024-04-28 13:03:08,911 [FATAL] Updater:308 - Updater called before beeing initialized
2024-04-28 13:03:08,911 [ERROR] CADModel:125 - Updater not yet initialized, retry later 
2024-04-28 13:03:09,107 [INFO] CADModel:165 - CPN selected for project level
2024-04-28 13:03:09,107 [INFO] CADModel:114 - Register for checkConnection events
2024-04-28 13:03:09,107 [FATAL] Updater:308 - Updater called before beeing initialized
2024-04-28 13:03:09,108 [ERROR] CADModel:125 - Updater not yet initialized, retry later 
2024-04-28 13:03:09,113 [FATAL] Updater:308 - Updater called before beeing initialized
2024-04-28 13:03:09,251 [FATAL] Updater:308 - Updater called before beeing initialized
2024-04-28 13:03:09,266 [INFO] DbMcusAds:53 - JSON generation date=Wed Nov 29 11:52:27 CET 2023 (1701255147349)
2024-04-28 13:03:09,266 [FATAL] Updater:308 - Updater called before beeing initialized
2024-04-28 13:03:09,359 [WARN] DetailPanel:346 - Failed to get advertising image, set to default
2024-04-28 13:03:09,460 [FATAL] Updater:308 - Updater called before beeing initialized
2024-04-28 13:03:09,462 [FATAL] Updater:308 - Updater called before beeing initialized
2024-04-28 13:03:09,462 [FATAL] Updater:308 - Updater called before beeing initialized
2024-04-28 13:03:09,462 [WARN] DetailPanel:346 - Failed to get advertising image, set to default
2024-04-28 13:03:09,463 [FATAL] Updater:308 - Updater called before beeing initialized
2024-04-28 13:03:09,537 [ERROR] Updater:1120 - MainUpdater not yet initialized. External WinMGr cannot be set.
2024-04-28 13:03:09,549 [INFO] Updater:1056 - Updater Version found : 6.9.0
2024-04-28 13:03:09,575 [INFO] ApplicationProperties:184 - Using Application install path: C:\ST\STM32CubeIDE_1.13.0\STM32CubeIDE\plugins\com.st.stm32cube.common.mx_6.9.0.202307051724
2024-04-28 13:03:09,655 [INFO] ThirdPartyUpdaterWithRetryManager:70 - Updater plugin not ready yet. [2/15]
2024-04-28 13:03:09,743 [INFO] MainUpdater:2868 - connection check result : 10
2024-04-28 13:03:09,744 [INFO] MainUpdater:285 - Updater Check For Update Now.
2024-04-28 13:03:09,744 [INFO] MicroXplorer:498 - Change Database Version : DB.6.0.90
2024-04-28 13:03:09,772 [INFO] McuFinderGlobals:63 - Set McuFinder mode to 2 (CubeIDE integrated)
2024-04-28 13:03:09,773 [INFO] UserAuth:179 - activating auth plugin
2024-04-28 13:03:09,777 [INFO] UserAuth:393 - Internet connection configuration mode: 1
2024-04-28 13:03:09,820 [INFO] JxBrowserEngine:151 - Initiate JxBrowser Engine with user profile folder
2024-04-28 13:03:09,995 [INFO] CheckServerUpdateThread:120 - End of CheckServer Thread
2024-04-28 13:03:13,004 [WARN] PackLoader:240 - Cannot read IP mode file for STMicroelectronics.FP-SNS-MOTENVWB1.1.4.0
2024-04-28 13:03:13,031 [WARN] PackLoader:240 - Cannot read IP mode file for STMicroelectronics.X-CUBE-SMBUS.2.1.0
2024-04-28 13:03:13,047 [WARN] PackLoader:240 - Cannot read IP mode file for STMicroelectronics.X-CUBE-TOUCHGFX.4.23.1
2024-04-28 13:03:13,060 [WARN] PackLoader:240 - Cannot read IP mode file for STMicroelectronics.X-CUBE-TOUCHGFX.4.23.0
2024-04-28 13:03:13,073 [WARN] PackLoader:240 - Cannot read IP mode file for STMicroelectronics.X-CUBE-TOUCHGFX.4.23.2
2024-04-28 13:03:13,140 [WARN] PackLoader:240 - Cannot read IP mode file for STMicroelectronics.X-CUBE-AZRTOS-F7.1.1.0
2024-04-28 13:03:13,165 [WARN] PackLoader:240 - Cannot read IP mode file for STMicroelectronics.FP-SNS-MOTENV1.4.3.2
2024-04-28 13:03:13,193 [INFO] WebApp:157 - Instantiating new browser for Auth
2024-04-28 13:03:13,193 [WARN] PackLoader:240 - Cannot read IP mode file for STMicroelectronics.FP-SNS-FLIGHT1.5.0.2
2024-04-28 13:03:13,221 [WARN] PackLoader:240 - Cannot read IP mode file for STMicroelectronics.X-CUBE-DISPLAY.3.0.0
2024-04-28 13:03:13,254 [WARN] PackLoader:240 - Cannot read IP mode file for STMicroelectronics.X-CUBE-BLE1.7.0.0
2024-04-28 13:03:13,276 [WARN] PackLoader:240 - Cannot read IP mode file for emotas.I-CUBE-CANOPEN.1.3.0
2024-04-28 13:03:13,298 [WARN] PackLoader:240 - Cannot read IP mode file for STMicroelectronics.X-CUBE-BLEMGR.3.1.0
2024-04-28 13:03:13,319 [WARN] PackLoader:240 - Cannot read IP mode file for STMicroelectronics.FP-SNS-SMARTAG2.1.2.0
2024-04-28 13:03:13,350 [INFO] LogOutputStream:77 - [STDOUT_REDIRECT] 1 : Invalid condition id : UX_CORESTACK_Condition cause : null
2024-04-28 13:03:13,351 [INFO] LogOutputStream:77 - [STDOUT_REDIRECT] 1 : Invalid condition id : UX_CORESTACK_Condition cause : null
2024-04-28 13:03:13,352 [INFO] LogOutputStream:77 - [STDOUT_REDIRECT] 1 : Invalid condition id : UX_CORESTACK_Condition cause : null
2024-04-28 13:03:13,354 [INFO] LogOutputStream:77 - [STDOUT_REDIRECT] 1 : Invalid condition id : UX_CORESTACK_Condition cause : null
2024-04-28 13:03:13,355 [INFO] LogOutputStream:77 - [STDOUT_REDIRECT] 1 : Invalid condition id : UX_CORESTACK_Condition cause : null
2024-04-28 13:03:13,357 [WARN] PackLoader:240 - Cannot read IP mode file for STMicroelectronics.X-CUBE-AZRTOS-WL.2.0.0
2024-04-28 13:03:13,374 [WARN] PackLoader:240 - Cannot read IP mode file for STMicroelectronics.FP-SNS-MOTENV1.5.0.0
2024-04-28 13:03:13,397 [WARN] PackLoader:240 - Cannot read IP mode file for WES.I-CUBE-Cesium.1.3.0
2024-04-28 13:03:13,411 [WARN] PackLoader:240 - Cannot read IP mode file for STMicroelectronics.X-CUBE-BLE2.3.3.0
2024-04-28 13:03:13,427 [WARN] PackLoader:240 - Cannot read IP mode file for STMicroelectronics.X-CUBE-TCPP.4.1.0
2024-04-28 13:03:13,443 [WARN] PackLoader:240 - Cannot read IP mode file for STMicroelectronics.X-CUBE-ALGOBUILD.1.3.0
2024-04-28 13:03:13,484 [WARN] PackLoader:240 - Cannot read IP mode file for STMicroelectronics.X-CUBE-AZRTOS-G0.1.1.0
2024-04-28 13:03:13,507 [WARN] PackLoader:240 - Cannot read IP mode file for STMicroelectronics.X-CUBE-SAFEA1.1.2.2
2024-04-28 13:03:13,523 [WARN] PackLoader:240 - Cannot read IP mode file for STMicroelectronics.X-CUBE-NFC4.3.0.0
2024-04-28 13:03:13,545 [WARN] PackLoader:240 - Cannot read IP mode file for STMicroelectronics.X-CUBE-BLEMGR.3.0.0
2024-04-28 13:03:13,559 [WARN] PackLoader:240 - Cannot read IP mode file for STMicroelectronics.FP-ATR-SIGFOX1.3.2.0
2024-04-28 13:03:13,574 [WARN] PackLoader:240 - Cannot read IP mode file for STMicroelectronics.X-CUBE-EEPRMA1.5.1.0
2024-04-28 13:03:13,628 [WARN] PackLoader:240 - Cannot read IP mode file for SEGGER.I-CUBE-embOS.1.3.1
2024-04-28 13:03:13,678 [WARN] PackLoader:240 - Cannot read IP mode file for STMicroelectronics.X-CUBE-GNSS1.6.0.0
2024-04-28 13:03:13,707 [WARN] PackLoader:240 - Cannot read IP mode file for STMicroelectronics.X-CUBE-AZRTOS-F4.1.1.0
2024-04-28 13:03:13,722 [WARN] PackLoader:240 - Cannot read IP mode file for STMicroelectronics.X-CUBE-FREERTOS.1.2.0
2024-04-28 13:03:13,735 [WARN] PackLoader:240 - Cannot read IP mode file for wolfSSL.I-CUBE-wolfSSL.5.6.6
2024-04-28 13:03:13,767 [WARN] PackLoader:240 - Cannot read IP mode file for STMicroelectronics.X-CUBE-AZRTOS-L5.2.0.0
2024-04-28 13:03:13,786 [WARN] PackLoader:240 - Cannot read IP mode file for STMicroelectronics.X-CUBE-NFC6.3.1.0
2024-04-28 13:03:13,801 [WARN] PackLoader:240 - Cannot read IP mode file for ITTIA_DB.I-CUBE-ITTIADB.8.8.0
2024-04-28 13:03:13,815 [WARN] PackLoader:240 - Cannot read IP mode file for STMicroelectronics.X-CUBE-AI.9.0.0
2024-04-28 13:03:13,832 [WARN] PackLoader:240 - Cannot read IP mode file for STMicroelectronics.X-CUBE-NFC7.1.0.1
2024-04-28 13:03:13,851 [WARN] PackLoader:240 - Cannot read IP mode file for STMicroelectronics.X-CUBE-NFC6.3.0.0
2024-04-28 13:03:13,874 [WARN] PackLoader:240 - Cannot read IP mode file for STMicroelectronics.X-CUBE-AI.8.1.0
2024-04-28 13:03:13,910 [WARN] ConditionMgr:438 - getConditionDescription Invalid condition id : LAN8742 Phy interface Condition cause : null
2024-04-28 13:03:13,919 [WARN] PackLoader:240 - Cannot read IP mode file for STMicroelectronics.X-CUBE-AZRTOS-L4.2.0.0
2024-04-28 13:03:13,922 [WARN] ConditionMgr:1039 - genDependencies : Invalid condition id : LAN8742 Phy interface Condition cause : null
2024-04-28 13:03:13,922 [WARN] ConditionMgr:1039 - genDependencies : Invalid condition id : LAN8742 Phy interface Condition cause : null
2024-04-28 13:03:13,924 [WARN] ConditionMgr:1039 - genDependencies : Invalid condition id : LAN8742 Phy interface Condition cause : null
2024-04-28 13:03:13,949 [WARN] PackLoader:240 - Cannot read IP mode file for STMicroelectronics.X-CUBE-SFXS2LP1.4.0.0
2024-04-28 13:03:13,983 [WARN] ConditionMgr:438 - getConditionDescription Invalid condition id : UX DEVICE CLASS RTOS Condition cause : null
2024-04-28 13:03:13,983 [WARN] ConditionMgr:438 - getConditionDescription Invalid condition id : UX DEVICE CLASS RTOS Condition cause : null
2024-04-28 13:03:13,986 [WARN] PackLoader:240 - Cannot read IP mode file for STMicroelectronics.X-CUBE-AZRTOS-WB.2.0.0
2024-04-28 13:03:13,986 [WARN] ConditionMgr:1039 - genDependencies : Invalid condition id : UX DEVICE CLASS RTOS Condition cause : null
2024-04-28 13:03:13,986 [WARN] ConditionMgr:1039 - genDependencies : Invalid condition id : UX DEVICE CLASS RTOS Condition cause : null
2024-04-28 13:03:13,987 [WARN] ConditionMgr:1039 - genDependencies : Invalid condition id : UX DEVICE CLASS RTOS Condition cause : null
2024-04-28 13:03:13,987 [WARN] ConditionMgr:1039 - genDependencies : Invalid condition id : UX DEVICE CLASS RTOS Condition cause : null
2024-04-28 13:03:13,987 [WARN] ConditionMgr:1039 - genDependencies : Invalid condition id : UX DEVICE CLASS RTOS Condition cause : null
2024-04-28 13:03:14,012 [WARN] PackLoader:240 - Cannot read IP mode file for STMicroelectronics.X-CUBE-SUBG2.5.0.0
2024-04-28 13:03:14,047 [WARN] PackLoader:240 - Cannot read IP mode file for STMicroelectronics.X-CUBE-AZRTOS-G4.2.0.0
2024-04-28 13:03:14,078 [WARN] PackLoader:240 - Cannot read IP mode file for Infineon.AIROC-Wi-Fi-Bluetooth-STM32.1.5.1
2024-04-28 13:03:14,095 [WARN] PackLoader:240 - Cannot read IP mode file for STMicroelectronics.FP-SNS-MOTENVWB1.1.3.1
2024-04-28 13:03:14,108 [WARN] PackLoader:240 - Cannot read IP mode file for STMicroelectronics.X-CUBE-ISPU.2.0.0
2024-04-28 13:03:14,171 [WARN] PackLoader:240 - Cannot read IP mode file for STMicroelectronics.X-CUBE-MEMS1.10.0.0
2024-04-28 13:03:14,201 [INFO] WebApp:753 - Register for checkConnection events
2024-04-28 13:03:14,201 [INFO] WebApp:390 - Apply proxy settings
2024-04-28 13:03:14,202 [INFO] WebApp:475 - Chromium requires no authentication
2024-04-28 13:03:14,216 [INFO] WebApp:418 - Direct internet connection detected
2024-04-28 13:03:14,311 [WARN] PackLoader:240 - Cannot read IP mode file for STMicroelectronics.X-CUBE-FREERTOS.1.1.0
2024-04-28 13:03:14,326 [WARN] PackLoader:240 - Cannot read IP mode file for portGmbH.I-Cube-SoM-uGOAL.1.1.0
2024-04-28 13:03:14,340 [WARN] PackLoader:240 - Cannot read IP mode file for STMicroelectronics.X-CUBE-ALS.1.0.1
2024-04-28 13:03:14,374 [WARN] PackLoader:240 - Cannot read IP mode file for STMicroelectronics.X-CUBE-AZRTOS-H7RS.1.0.0
2024-04-28 13:03:14,388 [WARN] PackLoader:240 - Cannot read IP mode file for STMicroelectronics.FP-ATR-ASTRA1.2.0.0
2024-04-28 13:03:14,413 [WARN] PackLoader:240 - Cannot read IP mode file for STMicroelectronics.X-CUBE-TOF1.3.4.0
2024-04-28 13:03:14,446 [WARN] PackLoader:240 - Cannot read IP mode file for STMicroelectronics.X-CUBE-TOF1.3.4.1
2024-04-28 13:03:14,494 [WARN] PackLoader:240 - Cannot read IP mode file for STMicroelectronics.X-CUBE-AZRTOS-H7.3.2.0
2024-04-28 13:03:14,499 [INFO] ThirdParty:978 - Integrity check success = true
2024-04-28 13:03:14,500 [INFO] IntegrityCheckThread:100 - exiting critical section [integrity check]
2024-04-28 13:03:14,500 [INFO] IntegrityCheckThread:103 - End integrity checks thread
2024-04-28 13:03:14,620 [INFO] WebApp:188 - Starting web application
2024-04-28 13:03:14,620 [INFO] WebApp:520 - Web application path used C:\ST\STM32CubeIDE_1.13.0\STM32CubeIDE\plugins\com.st.stm32cube.common.mx_6.9.0.202307051724\db\plugins\mcufinder\reactClient1\index.html
2024-04-28 13:03:36,376 [ERROR] LogOutputStream:75 - [STDERR_REDIRECT] SLF4J: Failed to load class "org.slf4j.impl.StaticLoggerBinder".
2024-04-28 13:03:36,377 [ERROR] LogOutputStream:75 - [STDERR_REDIRECT] SLF4J: Defaulting to no-operation (NOP) logger implementation
2024-04-28 13:03:36,378 [ERROR] LogOutputStream:75 - [STDERR_REDIRECT] SLF4J: See http://www.slf4j.org/codes.html#StaticLoggerBinder for further details.
2024-04-28 13:11:53,445 [INFO] McuFinderGlobals:63 - Set McuFinder mode to 2 (CubeIDE integrated)
2024-04-28 13:11:53,464 [INFO] MainUpdater:2868 - connection check result : 10
2024-04-28 13:11:53,468 [INFO] MainUpdater:2868 - connection check result : 10
2024-04-28 13:11:53,598 [INFO] MicroXplorer:468 - Change Database Path : 
2024-04-28 13:11:53,598 [INFO] MicroXplorer:498 - Change Database Version : DB.6.0.90
2024-04-28 13:11:53,605 [WARN] ThirdParty:871 - waiting for thirdparty lock release [close project]
2024-04-28 13:11:53,605 [INFO] ThirdParty:873 - entering critical section [close project]
2024-04-28 13:11:53,623 [INFO] ThirdParty:883 - exiting critical section [close project]
2024-04-28 13:11:53,625 [INFO] PinOutPanel:1499 - setPackage(No Configuration,No Configuration)
2024-04-28 13:11:53,636 [INFO] UtilMem:75 - Begin LoadConfig() Used Memory: 848635888 Bytes (1073741824)
2024-04-28 13:11:53,638 [INFO] MicroXplorer:468 - Change Database Path : 
2024-04-28 13:11:53,638 [INFO] MicroXplorer:498 - Change Database Version : DB.6.0.90
2024-04-28 13:11:53,639 [INFO] OpenFileManager:308 - Change cursor
2024-04-28 13:11:53,697 [INFO] Mcu:1946 - Initializing MCU STM32L475V(C-E-G)Tx STM32L475VGTx STM32L475VGT6
2024-04-28 13:11:56,521 [INFO] Context:659 - Trying to add GPIOservice into a context  which must be forbidden
2024-04-28 13:11:57,318 [INFO] RtosManager:555 - Registered RTOS mode: class=CMSIS, group=RTOS, mode=CMSIS_V1, owner=FREERTOS
2024-04-28 13:11:57,318 [INFO] RtosManager:555 - Registered RTOS mode: class=CMSIS, group=RTOS2, mode=CMSIS_V2, owner=FREERTOS
2024-04-28 13:11:57,318 [INFO] RtosManager:555 - Registered RTOS mode: class=RTOS, group=Core, mode=CMSIS_V1, owner=FREERTOS
2024-04-28 13:11:57,318 [INFO] RtosManager:555 - Registered RTOS mode: class=RTOS, group=Core, mode=CMSIS_V2, owner=FREERTOS
2024-04-28 13:11:57,318 [WARN] ModelIntegratedComponent:184 - Missing modes for component STMicroelectronics:FreeRTOS:0.0.1:STMicroelectronics:RTOS:FreeRTOS:Core:::10.2.0:
2024-04-28 13:11:57,335 [WARN] ModelIntegratedComponent:63 - No mode defined for component null
2024-04-28 13:11:57,335 [WARN] ModelIntegratedComponent:63 - No mode defined for component null
2024-04-28 13:11:57,335 [WARN] ModelIntegratedComponent:63 - No mode defined for component null
2024-04-28 13:11:57,335 [WARN] ModelIntegratedComponent:63 - No mode defined for component null
2024-04-28 13:11:57,335 [WARN] ModelIntegratedComponent:63 - No mode defined for component null
2024-04-28 13:11:57,336 [WARN] ModelIntegratedComponent:63 - No mode defined for component null
2024-04-28 13:11:57,336 [WARN] ModelIntegratedComponent:63 - No mode defined for component null
2024-04-28 13:11:57,336 [WARN] ModelIntegratedComponent:63 - No mode defined for component null
2024-04-28 13:11:57,336 [WARN] ModelIntegratedComponent:63 - No mode defined for component null
2024-04-28 13:11:57,336 [WARN] ModelIntegratedComponent:63 - No mode defined for component null
2024-04-28 13:11:57,336 [WARN] ModelIntegratedComponent:63 - No mode defined for component null
2024-04-28 13:11:57,336 [WARN] ModelIntegratedComponent:63 - No mode defined for component null
2024-04-28 13:11:57,336 [WARN] ModelIntegratedComponent:63 - No mode defined for component null
2024-04-28 13:11:57,336 [WARN] ModelIntegratedComponent:63 - No mode defined for component null
2024-04-28 13:11:57,336 [WARN] ModelIntegratedComponent:63 - No mode defined for component null
2024-04-28 13:11:57,336 [WARN] ModelIntegratedComponent:63 - No mode defined for component null
2024-04-28 13:11:57,336 [WARN] ModelIntegratedComponent:63 - No mode defined for component null
2024-04-28 13:11:57,336 [WARN] ModelIntegratedComponent:63 - No mode defined for component null
2024-04-28 13:11:57,336 [WARN] ModelIntegratedComponent:63 - No mode defined for component null
2024-04-28 13:11:57,336 [WARN] ModelIntegratedComponent:63 - No mode defined for component null
2024-04-28 13:11:57,336 [WARN] ModelIntegratedComponent:63 - No mode defined for component null
2024-04-28 13:11:57,337 [WARN] ModelIntegratedComponent:63 - No mode defined for component null
2024-04-28 13:11:57,337 [WARN] ModelIntegratedComponent:63 - No mode defined for component null
2024-04-28 13:11:57,337 [WARN] ModelIntegratedComponent:63 - No mode defined for component null
2024-04-28 13:11:57,337 [WARN] ModelIntegratedComponent:63 - No mode defined for component null
2024-04-28 13:11:57,337 [WARN] ModelIntegratedComponent:63 - No mode defined for component null
2024-04-28 13:11:57,337 [WARN] ModelIntegratedComponent:63 - No mode defined for component null
2024-04-28 13:11:57,337 [WARN] ModelIntegratedComponent:63 - No mode defined for component null
2024-04-28 13:11:57,337 [WARN] ModelIntegratedComponent:63 - No mode defined for component null
2024-04-28 13:11:57,337 [WARN] ModelIntegratedComponent:63 - No mode defined for component null
2024-04-28 13:11:57,337 [WARN] ModelIntegratedComponent:63 - No mode defined for component null
2024-04-28 13:11:57,337 [WARN] ModelIntegratedComponent:63 - No mode defined for component null
2024-04-28 13:11:57,337 [WARN] ModelIntegratedComponent:63 - No mode defined for component null
2024-04-28 13:11:57,517 [INFO] ThirdPartyModel:298 - Start build external matchings
2024-04-28 13:11:57,969 [INFO] ThirdPartyModel:316 - End build external matchings
2024-04-28 13:11:57,989 [INFO] ImportTextPane:194 - (OptionalMessage_ERROR) IP (RCC) : Invalid parameter (FamilyName)
2024-04-28 13:11:58,374 [INFO] UtilMem:75 - End LoadConfig() Used Memory: 761336320 Bytes (1073741824)
2024-04-28 13:11:58,530 [INFO] ApiDb:581 - Connected to CubeFinder SQLite database (C:\Users\jesus\.stmcufinder\plugins\mcufinder\mcu\cube-finder-db.db)
2024-04-28 13:11:58,659 [INFO] ApiDb:668 - CubeFinder database Data Model version=2.1
2024-04-28 13:11:58,659 [INFO] ApiDb:669 - CubeFinder database Configuration version=3.0.39
2024-04-28 13:11:58,661 [INFO] ApiDb:670 - CubeFinder database generation date=2024-03-25 (1711369621)
2024-04-28 13:11:58,661 [INFO] ApiDb:671 - CubeFinder database FW Pack versions=[FP-ATR-ASTRA1_V2.0.0, FP-SNS-FLIGHT1_V5.0.1, FP-SNS-FLIGHT1_V5.0.2, FP-SNS-MOTENV1_V4.3.1, FP-SNS-MOTENV1_V4.3.2, FP-SNS-MOTENVWB1_V1.3.1, FP-SNS-SMARTAG2_V1.2.0, STM32Cube_FW_C0_V1.1.0, STM32Cube_FW_F4_V1.28.0, STM32Cube_FW_F7_V1.17.0, STM32Cube_FW_G0_V1.6.2, STM32Cube_FW_G4_V1.5.2, STM32Cube_FW_H5_V0.5.1, STM32Cube_FW_H5_V1.1.1, STM32Cube_FW_H5_V1.2.0, STM32Cube_FW_H5_V1.2.0RC4, STM32Cube_FW_H7RS_V1.0.0, STM32Cube_FW_H7RS_V1.0.0RC4, STM32Cube_FW_H7_V1.11.0, STM32Cube_FW_L0_V1.12.2, STM32Cube_FW_L5_V1.5.1, STM32Cube_FW_U0_V1.0.0, STM32Cube_FW_U0_V1.0.0RC1, STM32Cube_FW_U5_V1.3.0RC4, STM32Cube_FW_U5_V1.5.0, STM32Cube_FW_U5_V1.5.0RC1, STM32Cube_FW_WBA_V1.0.0RC1, STM32Cube_FW_WBA_V1.2.0, STM32Cube_FW_WBA_V1.2.0RC2, STM32Cube_FW_WBA_V1.3.0, STM32Cube_FW_WBA_V1.3.0RC1, STM32Cube_FW_WB_V1.15.0RC1, STM32Cube_FW_WB_V1.16.0, STM32Cube_FW_WB_V1.16.0RC2, STM32Cube_FW_WB_V1.18.0, STM32Cube_FW_WB_V1.19.0, STM32Cube_FW_WL_V1.3.0, X-CUBE-ALGOBUILD_V1.3.0, X-CUBE-ALS_V1.0.1, X-CUBE-AZRTOS-F4_V1.1.0, X-CUBE-AZRTOS-F7_V1.1.0, X-CUBE-AZRTOS-G0_V1.1.0, X-CUBE-AZRTOS-G4_V2.0.0, X-CUBE-AZRTOS-H7_V3.2.0, X-CUBE-AZRTOS-L4_V1.0.0, X-CUBE-AZRTOS-L4_V2.0.0, X-CUBE-AZRTOS-L5_V1.1.0, X-CUBE-AZRTOS-WB_V2.0.0, X-CUBE-AZRTOS-WL_V2.0.0, X-CUBE-BLE1_V7.0.0, X-CUBE-BLE2_V3.3.0, X-CUBE-BLEMGR_V3.1.0, X-CUBE-EEPRMA1_V4.1.0, X-CUBE-EEPRMA1_V5.1.0, X-CUBE-FREERTOS_V1.1.0, X-CUBE-GNSS1_V6.0.0, X-CUBE-MEMS1_V10.0.0, X-CUBE-MEMS1_V9.1.0, X-CUBE-MEMS1_V9.4.0, X-CUBE-MEMS1_V9.6.0, X-CUBE-NFC4_V3.0.0, X-CUBE-NFC7_V1.0.1, X-CUBE-SFXS2LP1_V4.0.0, X-CUBE-SUBG2_V5.0.0, X-CUBE-TOF1_V3.4.0]
2024-04-28 13:12:01,698 [INFO] ApiDb:240 - Found 323 in-development CPN: [B-G473E-ZEST1S, B-WB1M-WPAN1, B-WL5M-SUBG1, NUCLEO-C031C6, NUCLEO-H503RB, NUCLEO-H563ZI, NUCLEO-U545RE-Q, NUCLEO-U5A5ZJ-Q, NUCLEO-WBA52CG, STEVAL-PROTEUS1, STEVAL-SMARTAG2, STEVAL-STWINBX1, STM320518-EVAL, STM32C0116-DK, STM32C011D6Y3TR, STM32C011D6Y6TR, STM32C011F4P3, STM32C011F4P6, STM32C011F4U3, STM32C011F4U6TR, STM32C011F6P3, STM32C011F6P6, STM32C011F6U3, STM32C011F6U6TR, STM32C011J4M3, STM32C011J4M6, STM32C011J6M3, STM32C011J6M6, STM32C0316-DK, STM32C031C4T3, STM32C031C4T6, STM32C031C4U3, STM32C031C4U6, STM32C031C6T3, STM32C031C6T6, STM32C031C6U3, STM32C031C6U6, STM32C031F4P3, STM32C031F4P6, STM32C031F6P3, STM32C031F6P6, STM32C031G4U3, STM32C031G4U6, STM32C031G6U3, STM32C031G6U6, STM32C031K4T3, STM32C031K4T6, STM32C031K4U3, STM32C031K4U6, STM32C031K6T3, STM32C031K6T6, STM32C031K6U3, STM32C031K6U6, STM32G071K8TXN, STM32G071K8UXN, STM32G081GBU6N, STM32G081KBT6N, STM32G081KBUXN, STM32G0B1CCT6N, STM32G0B1KCT6, STM32G0B1NEY6TR, STM32G0B1RCT6N, STM32G0C1CCT6, STM32G0C1CCT6N, STM32G0C1CCU6N, STM32G0C1CET6N, STM32G0C1CEU6N, STM32G0C1KCT6, STM32G0C1NEY6TR, STM32G0C1RCI6N, STM32G0C1RCT6N, STM32G0C1REI6N, STM32G0C1RET6N, STM32G0C1VCI6, STM32G0C1VEI6, STM32G471CCT6, STM32G471CCU6, STM32G471CET3, STM32G471CET6, STM32G471CEU3, STM32G471CEU6, STM32G471MCT6, STM32G471MET3, STM32G471MET6, STM32G471MEY6TR, STM32G471QCT6, STM32G471QET3, STM32G471RCT6, STM32G471RET3, STM32G471RET6, STM32G471VCH6, STM32G471VCI6, STM32G471VCT6, STM32G471VEH3, STM32G471VEH6, STM32G471VEI3, STM32G471VEI6, STM32G471VET3, STM32G471VET6, STM32G474CCT6, STM32H503CBT6, STM32H503CBU6, STM32H503EBY6TR, STM32H503KBU6, STM32H503RBT6, STM32H562AGI6, STM32H562AII6, STM32H562IGK6, STM32H562IGT6, STM32H562IIK6, STM32H562IIT6, STM32H562RGT6, STM32H562RGV6, STM32H562RIT6, STM32H562RIV6, STM32H562VGT6, STM32H562VIT6, STM32H562ZGT6, STM32H562ZIT6, STM32H563AGI6, STM32H563AII3Q, STM32H563AII6, STM32H563IGK6, STM32H563IGT6, STM32H563IIK3Q, STM32H563IIK6, STM32H563IIT3Q, STM32H563IIT6, STM32H563MIY3QTR, STM32H563RGT6, STM32H563RGV6, STM32H563RIT6, STM32H563RIV6, STM32H563VGT6, STM32H563VIT3Q, STM32H563VIT6, STM32H563ZGT6, STM32H563ZIT3Q, STM32H563ZIT6, STM32H573AII3Q, STM32H573AII6, STM32H573I-DK, STM32H573IIK3Q, STM32H573IIK6, STM32H573IIT3Q, STM32H573IIT6, STM32H573MIY3QTR, STM32H573RIT6, STM32H573RIV6, STM32H573VIT3Q, STM32H573VIT6, STM32H573ZIT3Q, STM32H573ZIT6, STM32L4R5QGI6STR, STM32MP131AAE3, STM32MP131AAF3, STM32MP131AAG3, STM32MP131CAE3, STM32MP131CAF3, STM32MP131CAG3, STM32MP131DAE7, STM32MP131DAF7, STM32MP131DAG7, STM32MP131FAE7, STM32MP131FAF7, STM32MP131FAG7, STM32MP133AAE3, STM32MP133AAF3, STM32MP133AAG3, STM32MP133CAE3, STM32MP133CAF3, STM32MP133CAG3, STM32MP133DAE7, STM32MP133DAF7, STM32MP133DAG7, STM32MP133FAE7, STM32MP133FAF7, STM32MP133FAG7, STM32MP135AAE3, STM32MP135AAF3, STM32MP135AAG3, STM32MP135CAE3, STM32MP135CAF3, STM32MP135CAG3, STM32MP135DAE7, STM32MP135DAF7, STM32MP135DAG7, STM32MP135F-DK, STM32MP135FAE7, STM32MP135FAF7, STM32MP135FAF7T, STM32MP135FAF7U, STM32MP135FAG7, STM32U535CBT6, STM32U535CBT6Q, STM32U535CBU6, STM32U535CBU6Q, STM32U535CCT6, STM32U535CCT6Q, STM32U535CCU6, STM32U535CCU6Q, STM32U535CET6, STM32U535CET6Q, STM32U535CEU6, STM32U535CEU6Q, STM32U535JEY6QTR, STM32U535NCY6QTR, STM32U535NEY6QTR, STM32U535RBI6, STM32U535RBI6Q, STM32U535RBT6, STM32U535RBT6Q, STM32U535RCI6, STM32U535RCI6Q, STM32U535RCT6, STM32U535RCT6Q, STM32U535REI6, STM32U535REI6Q, STM32U535RET6, STM32U535RET6Q, STM32U535VCI6, STM32U535VCI6Q, STM32U535VCT6, STM32U535VCT6Q, STM32U535VEI6, STM32U535VEI6Q, STM32U535VET6, STM32U535VET6Q, STM32U545CET6, STM32U545CET6Q, STM32U545CEU6, STM32U545CEU6Q, STM32U545JEY6QTR, STM32U545NEY6QTR, STM32U545REI6, STM32U545REI6Q, STM32U545RET6, STM32U545RET6Q, STM32U545VEI6, STM32U545VEI6Q, STM32U545VET6, STM32U545VET6Q, STM32U595AIH6, STM32U595AIH6Q, STM32U595AJH6, STM32U595AJH6Q, STM32U595QII6, STM32U595QII6Q, STM32U595QJI6, STM32U595QJI6Q, STM32U595RIT6, STM32U595RIT6Q, STM32U595RJT6, STM32U595RJT6Q, STM32U595VIT6, STM32U595VIT6Q, STM32U595VJT6, STM32U595VJT6Q, STM32U595ZIT6, STM32U595ZIT6Q, STM32U595ZIY6QTR, STM32U595ZJT6, STM32U595ZJT6Q, STM32U595ZJY6QTR, STM32U599BJY6QTR, STM32U599NIH6Q, STM32U599NJH6Q, STM32U599VIT6Q, STM32U599VJT6, STM32U599VJT6Q, STM32U599ZIT6Q, STM32U599ZIY6QTR, STM32U599ZJT6Q, STM32U599ZJY6QTR, STM32U5A5AJH6, STM32U5A5AJH6Q, STM32U5A5QJI6, STM32U5A5QJI6Q, STM32U5A5RJT6, STM32U5A5RJT6Q, STM32U5A5VJT6, STM32U5A5VJT6Q, STM32U5A5ZJT6, STM32U5A5ZJT6Q, STM32U5A5ZJY6QTR, STM32U5A9BJY6QTR, STM32U5A9J-DK, STM32U5A9NJH6Q, STM32U5A9VJT6Q, STM32U5A9ZJT6Q, STM32U5A9ZJY6QTR, STM32U5F7VIT6, STM32U5F7VIT6Q, STM32U5F7VJT6, STM32U5F7VJT6Q, STM32U5F9BJY6QTR, STM32U5F9NJH6Q, STM32U5F9VIT6Q, STM32U5F9VJT6Q, STM32U5F9ZIJ6QTR, STM32U5F9ZIT6Q, STM32U5F9ZJJ6QTR, STM32U5F9ZJT6Q, STM32U5G7VJT6, STM32U5G7VJT6Q, STM32U5G9BJY6QTR, STM32U5G9J-DK1, STM32U5G9J-DK2, STM32U5G9NJH6Q, STM32U5G9VJT6Q, STM32U5G9ZJJ6QTR, STM32U5G9ZJT6Q, STM32WB1MMCH6, STM32WBA52CEU6, STM32WBA52CEU6T, STM32WBA52CGU6, STM32WBA52CGU6T, STM32WBA52KEU6, STM32WBA52KEU6T, STM32WBA52KGU6, STM32WBA52KGU6T, STM32WL5MOCH6, STM32WL5MOCH6TR]
2024-04-28 13:12:01,708 [INFO] DbMcus:217 - Found 4050 MCUs, 4050 are supported
2024-04-28 13:12:01,709 [INFO] ApiDb:423 - Load user favorites file C:\Users\jesus/.stm32cubeide/favorites.mcus.txt: 0 item(s)
2024-04-28 13:12:01,709 [INFO] ApiDb:427 - User favorites MCUs=[]
2024-04-28 13:12:01,709 [INFO] DbMcus:223 - Set 0 / 0 favorites MCUs
2024-04-28 13:12:02,158 [WARN] ThirdParty:833 - waiting for thirdparty lock release [change project]
2024-04-28 13:12:02,158 [INFO] ThirdParty:835 - entering critical section [change project]
2024-04-28 13:12:02,159 [INFO] ThirdParty:1030 - CMSIS Pack Vendor :STMicroelectronics USBPD 4.1
2024-04-28 13:12:02,159 [INFO] ThirdParty:1030 - CMSIS Pack Vendor :STMicroelectronics X-CUBE-GNSS1 6.0.0
2024-04-28 13:12:02,159 [INFO] ThirdParty:1030 - CMSIS Pack Vendor :STMicroelectronics USB_HOST 2.0.0
2024-04-28 13:12:02,159 [INFO] ThirdParty:1030 - CMSIS Pack Vendor :STMicroelectronics FP-SNS-MOTENVWB1 1.4.0
2024-04-28 13:12:02,159 [INFO] ThirdParty:1030 - CMSIS Pack Vendor :STMicroelectronics X-CUBE-AZRTOS-F4 1.1.0
2024-04-28 13:12:02,159 [INFO] ThirdParty:1030 - CMSIS Pack Vendor :STMicroelectronics LIBJPEG 8.0.0
2024-04-28 13:12:02,159 [INFO] ThirdParty:1030 - CMSIS Pack Vendor :STMicroelectronics X-CUBE-SMBUS 2.1.0
2024-04-28 13:12:02,159 [INFO] ThirdParty:1030 - CMSIS Pack Vendor :STMicroelectronics USB_DEVICE 3.0.0
2024-04-28 13:12:02,159 [INFO] ThirdParty:1030 - CMSIS Pack Vendor :STMicroelectronics X-CUBE-TCPP 4.1.0
2024-04-28 13:12:02,159 [INFO] ThirdParty:1030 - CMSIS Pack Vendor :STMicroelectronics X-CUBE-FREERTOS 1.2.0
2024-04-28 13:12:02,159 [INFO] ThirdParty:1030 - CMSIS Pack Vendor :STMicroelectronics X-CUBE-AZRTOS-WB 2.0.0
2024-04-28 13:12:02,159 [INFO] ThirdParty:1030 - CMSIS Pack Vendor :wolfSSL I-CUBE-wolfSSL 5.6.6
2024-04-28 13:12:02,159 [INFO] ThirdParty:1030 - CMSIS Pack Vendor :STMicroelectronics X-CUBE-TOUCHGFX 4.23.1
2024-04-28 13:12:02,159 [INFO] ThirdParty:1030 - CMSIS Pack Vendor :STMicroelectronics X-CUBE-TOUCHGFX 4.23.0
2024-04-28 13:12:02,159 [INFO] ThirdParty:1030 - CMSIS Pack Vendor :STMicroelectronics X-CUBE-TOUCHGFX 4.23.2
2024-04-28 13:12:02,159 [INFO] ThirdParty:1030 - CMSIS Pack Vendor :STMicroelectronics X-CUBE-AZRTOS-F7 1.1.0
2024-04-28 13:12:02,159 [INFO] ThirdParty:1030 - CMSIS Pack Vendor :STMicroelectronics X-CUBE-AZRTOS-L5 2.0.0
2024-04-28 13:12:02,159 [INFO] ThirdParty:1030 - CMSIS Pack Vendor :STMicroelectronics USB_DEVICE 2.0.0
2024-04-28 13:12:02,159 [INFO] ThirdParty:1030 - CMSIS Pack Vendor :STMicroelectronics X-CUBE-NFC6 3.1.0
2024-04-28 13:12:02,159 [INFO] ThirdParty:1030 - CMSIS Pack Vendor :ITTIA_DB I-CUBE-ITTIADB 8.8.0
2024-04-28 13:12:02,159 [INFO] ThirdParty:1030 - CMSIS Pack Vendor :STMicroelectronics FP-SNS-MOTENV1 4.3.2
2024-04-28 13:12:02,159 [INFO] ThirdParty:1030 - CMSIS Pack Vendor :STMicroelectronics X-CUBE-ALGOBUILD 1.3.0
2024-04-28 13:12:02,159 [INFO] ThirdParty:1030 - CMSIS Pack Vendor :STMicroelectronics FreeRTOS 0.0.1
2024-04-28 13:12:02,159 [INFO] ThirdParty:1030 - CMSIS Pack Vendor :STMicroelectronics X-CUBE-AZRTOS-G0 1.1.0
2024-04-28 13:12:02,160 [INFO] ThirdParty:1030 - CMSIS Pack Vendor :STMicroelectronics X-CUBE-SAFEA1 1.2.2
2024-04-28 13:12:02,160 [INFO] ThirdParty:1030 - CMSIS Pack Vendor :STMicroelectronics X-CUBE-NFC4 3.0.0
2024-04-28 13:12:02,160 [INFO] ThirdParty:1030 - CMSIS Pack Vendor :STMicroelectronics X-CUBE-SUBG2 5.0.0
2024-04-28 13:12:02,160 [INFO] ThirdParty:1030 - CMSIS Pack Vendor :STMicroelectronics STM32_WPAN 1.0.0
2024-04-28 13:12:02,160 [INFO] ThirdParty:1030 - CMSIS Pack Vendor :STMicroelectronics lwIP 2.0.3
2024-04-28 13:12:02,160 [INFO] ThirdParty:1030 - CMSIS Pack Vendor :STMicroelectronics FP-SNS-FLIGHT1 5.0.2
2024-04-28 13:12:02,160 [INFO] ThirdParty:1030 - CMSIS Pack Vendor :STMicroelectronics USB_HOST 1.0.0
2024-04-28 13:12:02,160 [INFO] ThirdParty:1030 - CMSIS Pack Vendor :STMicroelectronics X-CUBE-AI 9.0.0
2024-04-28 13:12:02,160 [INFO] ThirdParty:1030 - CMSIS Pack Vendor :STMicroelectronics X-CUBE-AZRTOS-G4 2.0.0
2024-04-28 13:12:02,160 [INFO] ThirdParty:1030 - CMSIS Pack Vendor :STMicroelectronics PDM2PCM 3.1.0
2024-04-28 13:12:02,160 [INFO] ThirdParty:1030 - CMSIS Pack Vendor :Infineon AIROC-Wi-Fi-Bluetooth-STM32 1.5.1
2024-04-28 13:12:02,160 [INFO] ThirdParty:1030 - CMSIS Pack Vendor :STMicroelectronics X-CUBE-BLEMGR 3.0.0
2024-04-28 13:12:02,160 [INFO] ThirdParty:1030 - CMSIS Pack Vendor :STMicroelectronics PDM2PCM 3.3.0
2024-04-28 13:12:02,160 [INFO] ThirdParty:1030 - CMSIS Pack Vendor :STMicroelectronics X-CUBE-DISPLAY 3.0.0
2024-04-28 13:12:02,160 [INFO] ThirdParty:1030 - CMSIS Pack Vendor :STMicroelectronics FP-SNS-MOTENVWB1 1.3.1
2024-04-28 13:12:02,160 [INFO] ThirdParty:1030 - CMSIS Pack Vendor :STMicroelectronics X-CUBE-BLE1 7.0.0
2024-04-28 13:12:02,160 [INFO] ThirdParty:1030 - CMSIS Pack Vendor :STMicroelectronics FP-ATR-SIGFOX1 3.2.0
2024-04-28 13:12:02,160 [INFO] ThirdParty:1030 - CMSIS Pack Vendor :STMicroelectronics X-CUBE-ISPU 2.0.0
2024-04-28 13:12:02,160 [INFO] ThirdParty:1030 - CMSIS Pack Vendor :STMicroelectronics X-CUBE-EEPRMA1 5.1.0
2024-04-28 13:12:02,160 [INFO] ThirdParty:1030 - CMSIS Pack Vendor :STMicroelectronics HAL Drivers 0.0.0
2024-04-28 13:12:02,161 [INFO] ThirdParty:1030 - CMSIS Pack Vendor :STMicroelectronics MBEDTLS 2.16.2
2024-04-28 13:12:02,161 [INFO] ThirdParty:1030 - CMSIS Pack Vendor :emotas I-CUBE-CANOPEN 1.3.0
2024-04-28 13:12:02,161 [INFO] ThirdParty:1030 - CMSIS Pack Vendor :STMicroelectronics X-CUBE-MEMS1 10.0.0
2024-04-28 13:12:02,161 [INFO] ThirdParty:1030 - CMSIS Pack Vendor :STMicroelectronics X-CUBE-FREERTOS 1.1.0
2024-04-28 13:12:02,161 [INFO] ThirdParty:1030 - CMSIS Pack Vendor :STMicroelectronics X-CUBE-NFC7 1.0.1
2024-04-28 13:12:02,161 [INFO] ThirdParty:1030 - CMSIS Pack Vendor :STMicroelectronics MBEDTLS 2.14.1
2024-04-28 13:12:02,161 [INFO] ThirdParty:1030 - CMSIS Pack Vendor :STMicroelectronics X-CUBE-NFC6 3.0.0
2024-04-28 13:12:02,161 [INFO] ThirdParty:1030 - CMSIS Pack Vendor :portGmbH I-Cube-SoM-uGOAL 1.1.0
2024-04-28 13:12:02,161 [INFO] ThirdParty:1030 - CMSIS Pack Vendor :STMicroelectronics X-CUBE-ALS 1.0.1
2024-04-28 13:12:02,161 [INFO] ThirdParty:1030 - CMSIS Pack Vendor :STMicroelectronics X-CUBE-BLEMGR 3.1.0
2024-04-28 13:12:02,161 [INFO] ThirdParty:1030 - CMSIS Pack Vendor :STMicroelectronics ThreadX 1.0.0
2024-04-28 13:12:02,161 [INFO] ThirdParty:1030 - CMSIS Pack Vendor :STMicroelectronics FP-SNS-SMARTAG2 1.2.0
2024-04-28 13:12:02,161 [INFO] ThirdParty:1030 - CMSIS Pack Vendor :STMicroelectronics X-CUBE-AZRTOS-WL 2.0.0
2024-04-28 13:12:02,161 [INFO] ThirdParty:1030 - CMSIS Pack Vendor :SEGGER I-CUBE-embOS 1.3.1
2024-04-28 13:12:02,161 [INFO] ThirdParty:1030 - CMSIS Pack Vendor :STMicroelectronics FP-SNS-MOTENV1 5.0.0
2024-04-28 13:12:02,161 [INFO] ThirdParty:1030 - CMSIS Pack Vendor :STMicroelectronics USB_DEVICE 1.0.0
2024-04-28 13:12:02,161 [INFO] ThirdParty:1030 - CMSIS Pack Vendor :STMicroelectronics X-CUBE-AI 8.1.0
2024-04-28 13:12:02,162 [INFO] ThirdParty:1030 - CMSIS Pack Vendor :STMicroelectronics X-CUBE-AZRTOS-H7RS 1.0.0
2024-04-28 13:12:02,162 [INFO] ThirdParty:1030 - CMSIS Pack Vendor :STMicroelectronics X-CUBE-AZRTOS-L4 2.0.0
2024-04-28 13:12:02,162 [INFO] ThirdParty:1030 - CMSIS Pack Vendor :STMicroelectronics ThreadX 0.0.2
2024-04-28 13:12:02,162 [INFO] ThirdParty:1030 - CMSIS Pack Vendor :WES I-CUBE-Cesium 1.3.0
2024-04-28 13:12:02,162 [INFO] ThirdParty:1030 - CMSIS Pack Vendor :STMicroelectronics FP-ATR-ASTRA1 2.0.0
2024-04-28 13:12:02,162 [INFO] ThirdParty:1030 - CMSIS Pack Vendor :STMicroelectronics lwIP 2.1.2
2024-04-28 13:12:02,162 [INFO] ThirdParty:1030 - CMSIS Pack Vendor :STMicroelectronics X-CUBE-SFXS2LP1 4.0.0
2024-04-28 13:12:02,162 [INFO] ThirdParty:1030 - CMSIS Pack Vendor :STMicroelectronics X-CUBE-BLE2 3.3.0
2024-04-28 13:12:02,162 [INFO] ThirdParty:1030 - CMSIS Pack Vendor :STMicroelectronics X-CUBE-TOF1 3.4.0
2024-04-28 13:12:02,162 [INFO] ThirdParty:1030 - CMSIS Pack Vendor :STMicroelectronics X-CUBE-TOF1 3.4.1
2024-04-28 13:12:02,162 [INFO] ThirdParty:1030 - CMSIS Pack Vendor :STMicroelectronics X-CUBE-AZRTOS-H7 3.2.0
2024-04-28 13:12:02,162 [INFO] ThirdParty:1030 - CMSIS Pack Vendor :STMicroelectronics PDM2PCM 3.2.0
2024-04-28 13:12:02,162 [INFO] ThirdParty:841 - exiting critical section [change project]
2024-04-28 13:12:02,734 [INFO] PinOutPanel:1499 - setPackage(No Configuration,No Configuration)
2024-04-28 13:12:02,736 [INFO] PinOutPanel:1499 - setPackage(STM32L475VGTx,LQFP100)
2024-04-28 13:12:03,721 [INFO] UtilMem:75 - Before build in PCC Used Memory: 670925648 Bytes (1073741824)
2024-04-28 13:12:04,873 [INFO] UtilMem:75 - After build in PCC Used Memory: 773840496 Bytes (1073741824)
2024-04-28 13:12:05,038 [INFO] ApiDbMcu:507 - Load IP Config File for USB_DEVICE
2024-04-28 13:12:05,074 [INFO] IPUIPlugin:80 - create IPUIPlugin
2024-04-28 13:12:05,074 [INFO] IPUIPlugin:80 - create IPUIPlugin
2024-04-28 13:12:05,074 [INFO] IPUIPlugin:80 - create IPUIPlugin
2024-04-28 13:12:05,075 [INFO] IPUIPlugin:80 - create IPUIPlugin
2024-04-28 13:12:05,075 [INFO] IPUIPlugin:80 - create IPUIPlugin
2024-04-28 13:12:05,075 [INFO] IPUIPlugin:80 - create IPUIPlugin
2024-04-28 13:12:05,075 [INFO] IPUIPlugin:80 - create IPUIPlugin
2024-04-28 13:12:05,075 [INFO] IPUIPlugin:80 - create IPUIPlugin
2024-04-28 13:12:05,075 [INFO] IPUIPlugin:80 - create IPUIPlugin
2024-04-28 13:12:05,076 [INFO] IPUIPlugin:80 - create IPUIPlugin
2024-04-28 13:12:05,076 [INFO] IPUIPlugin:80 - create IPUIPlugin
2024-04-28 13:12:05,076 [INFO] IPUIPlugin:80 - create IPUIPlugin
2024-04-28 13:12:05,076 [INFO] IPUIPlugin:80 - create IPUIPlugin
2024-04-28 13:12:05,076 [INFO] IPUIPlugin:80 - create IPUIPlugin
2024-04-28 13:12:05,076 [INFO] IPUIPlugin:80 - create IPUIPlugin
2024-04-28 13:12:05,077 [INFO] IPUIPlugin:80 - create IPUIPlugin
2024-04-28 13:12:05,077 [INFO] IPUIPlugin:80 - create IPUIPlugin
2024-04-28 13:12:05,077 [INFO] IPUIPlugin:80 - create IPUIPlugin
2024-04-28 13:12:05,077 [INFO] IPUIPlugin:80 - create IPUIPlugin
2024-04-28 13:12:05,077 [INFO] IPUIPlugin:80 - create IPUIPlugin
2024-04-28 13:12:05,078 [INFO] IPUIPlugin:80 - create IPUIPlugin
2024-04-28 13:12:05,078 [INFO] IPUIPlugin:80 - create IPUIPlugin
2024-04-28 13:12:05,078 [INFO] IPUIPlugin:80 - create IPUIPlugin
2024-04-28 13:12:05,078 [INFO] IPUIPlugin:80 - create IPUIPlugin
2024-04-28 13:12:05,078 [INFO] IPUIPlugin:80 - create IPUIPlugin
2024-04-28 13:12:05,078 [INFO] IPUIPlugin:80 - create IPUIPlugin
2024-04-28 13:12:05,079 [INFO] IPUIPlugin:80 - create IPUIPlugin
2024-04-28 13:12:05,079 [INFO] IPUIPlugin:80 - create IPUIPlugin
2024-04-28 13:12:05,079 [INFO] IPUIPlugin:80 - create IPUIPlugin
2024-04-28 13:12:05,079 [INFO] IPUIPlugin:80 - create IPUIPlugin
2024-04-28 13:12:05,080 [INFO] IPUIPlugin:80 - create IPUIPlugin
2024-04-28 13:12:05,080 [INFO] IPUIPlugin:80 - create IPUIPlugin
2024-04-28 13:12:05,080 [INFO] IPUIPlugin:80 - create IPUIPlugin
2024-04-28 13:12:05,080 [INFO] IPUIPlugin:80 - create IPUIPlugin
2024-04-28 13:12:05,081 [INFO] IPUIPlugin:80 - create IPUIPlugin
2024-04-28 13:12:05,081 [INFO] IPUIPlugin:80 - create IPUIPlugin
2024-04-28 13:12:05,081 [INFO] IPUIPlugin:80 - create IPUIPlugin
2024-04-28 13:12:05,081 [INFO] IPUIPlugin:80 - create IPUIPlugin
2024-04-28 13:12:05,082 [INFO] IPUIPlugin:80 - create IPUIPlugin
2024-04-28 13:12:05,082 [INFO] IPUIPlugin:80 - create IPUIPlugin
2024-04-28 13:12:05,082 [INFO] IPUIPlugin:80 - create IPUIPlugin
2024-04-28 13:12:05,083 [INFO] IPUIPlugin:80 - create IPUIPlugin
2024-04-28 13:12:05,083 [INFO] IPUIPlugin:80 - create IPUIPlugin
2024-04-28 13:12:05,083 [INFO] IPUIPlugin:80 - create IPUIPlugin
2024-04-28 13:12:05,083 [INFO] IPUIPlugin:80 - create IPUIPlugin
2024-04-28 13:12:05,084 [INFO] IPUIPlugin:80 - create IPUIPlugin
2024-04-28 13:12:05,084 [INFO] IPUIPlugin:80 - create IPUIPlugin
2024-04-28 13:12:05,084 [INFO] IPUIPlugin:80 - create IPUIPlugin
2024-04-28 13:12:05,085 [INFO] IPUIPlugin:80 - create IPUIPlugin
2024-04-28 13:12:05,085 [INFO] IPUIPlugin:80 - create IPUIPlugin
2024-04-28 13:12:05,085 [INFO] IPUIPlugin:80 - create IPUIPlugin
2024-04-28 13:12:05,086 [INFO] IPUIPlugin:80 - create IPUIPlugin
2024-04-28 13:12:05,086 [INFO] IPUIPlugin:80 - create IPUIPlugin
2024-04-28 13:12:05,086 [INFO] IPUIPlugin:80 - create IPUIPlugin
2024-04-28 13:12:05,087 [INFO] IPUIPlugin:80 - create IPUIPlugin
2024-04-28 13:12:05,087 [INFO] IPUIPlugin:80 - create IPUIPlugin
2024-04-28 13:12:05,087 [INFO] IPUIPlugin:80 - create IPUIPlugin
2024-04-28 13:12:05,088 [INFO] IPUIPlugin:80 - create IPUIPlugin
2024-04-28 13:12:05,089 [INFO] IPUIPlugin:80 - create IPUIPlugin
2024-04-28 13:12:05,410 [INFO] CADModel:165 - CPN selected for project levelSTM32L475VGT6
2024-04-28 13:12:05,410 [INFO] CADModel:114 - Register for checkConnection events
2024-04-28 13:12:05,474 [INFO] OpenFileManager:328 - Restore cursor
2024-04-28 13:50:17,759 [INFO] NvicIntPanel:101 - NVIC parent = com.st.microxplorer.plugins.ip.nvic.MultiNvicIntPanel[,0,0,0x0,invalid,layout=javax.swing.BoxLayout,alignmentX=0.0,alignmentY=0.0,border=,flags=9,maximumSize=,minimumSize=,preferredSize=]
2024-04-28 18:21:46,117 [ERROR] LogOutputStream:75 - [STDERR_REDIRECT] Exception in thread "AWT-EventQueue-0" java.awt.IllegalComponentStateException: Native resources unavailable
2024-04-28 18:21:46,119 [ERROR] LogOutputStream:75 - [STDERR_REDIRECT] 	at java.desktop/sun.awt.windows.WWindowPeer.getScreenImOn(Native Method)
2024-04-28 18:21:46,120 [ERROR] LogOutputStream:75 - [STDERR_REDIRECT] 	at java.desktop/sun.awt.windows.WWindowPeer.updateGC(WWindowPeer.java:566)
2024-04-28 18:21:46,122 [ERROR] LogOutputStream:75 - [STDERR_REDIRECT] 	at java.desktop/java.awt.event.InvocationEvent.dispatch(InvocationEvent.java:318)
2024-04-28 18:21:46,123 [ERROR] LogOutputStream:75 - [STDERR_REDIRECT] 	at java.desktop/java.awt.EventQueue.dispatchEventImpl(EventQueue.java:771)
2024-04-28 18:21:46,124 [ERROR] LogOutputStream:75 - [STDERR_REDIRECT] 	at java.desktop/java.awt.EventQueue$4.run(EventQueue.java:722)
2024-04-28 18:21:46,125 [ERROR] LogOutputStream:75 - [STDERR_REDIRECT] 	at java.desktop/java.awt.EventQueue$4.run(EventQueue.java:716)
2024-04-28 18:21:46,127 [ERROR] LogOutputStream:75 - [STDERR_REDIRECT] 	at java.base/java.security.AccessController.doPrivileged(AccessController.java:399)
2024-04-28 18:21:46,129 [ERROR] LogOutputStream:75 - [STDERR_REDIRECT] 	at java.base/java.security.ProtectionDomain$JavaSecurityAccessImpl.doIntersectionPrivilege(ProtectionDomain.java:86)
2024-04-28 18:21:46,131 [ERROR] LogOutputStream:75 - [STDERR_REDIRECT] 	at java.base/java.security.ProtectionDomain$JavaSecurityAccessImpl.doIntersectionPrivilege(ProtectionDomain.java:97)
2024-04-28 18:21:46,132 [ERROR] LogOutputStream:75 - [STDERR_REDIRECT] 	at java.desktop/java.awt.EventQueue$5.run(EventQueue.java:746)
2024-04-28 18:21:46,134 [ERROR] LogOutputStream:75 - [STDERR_REDIRECT] 	at java.desktop/java.awt.EventQueue$5.run(EventQueue.java:744)
2024-04-28 18:21:46,136 [ERROR] LogOutputStream:75 - [STDERR_REDIRECT] 	at java.base/java.security.AccessController.doPrivileged(AccessController.java:399)
2024-04-28 18:21:46,139 [ERROR] LogOutputStream:75 - [STDERR_REDIRECT] 	at java.base/java.security.ProtectionDomain$JavaSecurityAccessImpl.doIntersectionPrivilege(ProtectionDomain.java:86)
2024-04-28 18:21:46,141 [ERROR] LogOutputStream:75 - [STDERR_REDIRECT] 	at java.desktop/java.awt.EventQueue.dispatchEvent(EventQueue.java:743)
2024-04-28 18:21:46,143 [ERROR] LogOutputStream:75 - [STDERR_REDIRECT] 	at java.desktop/java.awt.EventDispatchThread.pumpOneEventForFilters(EventDispatchThread.java:203)
2024-04-28 18:21:46,145 [ERROR] LogOutputStream:75 - [STDERR_REDIRECT] 	at java.desktop/java.awt.EventDispatchThread.pumpEventsForFilter(EventDispatchThread.java:124)
2024-04-28 18:21:46,147 [ERROR] LogOutputStream:75 - [STDERR_REDIRECT] 	at java.desktop/java.awt.EventDispatchThread.pumpEventsForHierarchy(EventDispatchThread.java:113)
2024-04-28 18:21:46,150 [ERROR] LogOutputStream:75 - [STDERR_REDIRECT] 	at java.desktop/java.awt.EventDispatchThread.pumpEvents(EventDispatchThread.java:109)
2024-04-28 18:21:46,153 [ERROR] LogOutputStream:75 - [STDERR_REDIRECT] 	at java.desktop/java.awt.EventDispatchThread.pumpEvents(EventDispatchThread.java:101)
2024-04-28 18:21:46,155 [ERROR] LogOutputStream:75 - [STDERR_REDIRECT] 	at java.desktop/java.awt.EventDispatchThread.run(EventDispatchThread.java:90)
2024-04-28 18:23:13,481 [ERROR] LogOutputStream:75 - [STDERR_REDIRECT] 
