2024-05-06 11:40:42,553 [INFO] McuFinderGlobals:63 - Set McuFinder mode to 2 (CubeIDE integrated)
2024-05-06 11:40:42,678 [INFO] MainUpdater:2868 - connection check result : 10
2024-05-06 11:40:42,685 [INFO] MainUpdater:2868 - connection check result : 10
2024-05-06 11:40:42,867 [INFO] MicroXplorer:468 - Change Database Path : 
2024-05-06 11:40:42,868 [INFO] MicroXplorer:498 - Change Database Version : DB.6.0.90
2024-05-06 11:40:42,874 [WARN] ThirdParty:871 - waiting for thirdparty lock release [close project]
2024-05-06 11:40:42,874 [INFO] ThirdParty:873 - entering critical section [close project]
2024-05-06 11:40:42,894 [INFO] ThirdParty:883 - exiting critical section [close project]
2024-05-06 11:40:42,896 [INFO] PinOutPanel:1499 - setPackage(No Configuration,No Configuration)
2024-05-06 11:40:42,909 [INFO] UtilMem:75 - Begin LoadConfig() Used Memory: 670436136 Bytes (993001472)
2024-05-06 11:40:42,911 [INFO] MicroXplorer:468 - Change Database Path : 
2024-05-06 11:40:42,912 [INFO] MicroXplorer:498 - Change Database Version : DB.6.0.90
2024-05-06 11:40:42,912 [INFO] OpenFileManager:308 - Change cursor
2024-05-06 11:40:43,012 [INFO] Mcu:1946 - Initializing MCU STM32L475V(C-E-G)Tx STM32L475VGTx STM32L475VGT6
2024-05-06 11:40:45,849 [INFO] Context:659 - Trying to add GPIOservice into a context  which must be forbidden
2024-05-06 11:40:46,626 [INFO] RtosManager:555 - Registered RTOS mode: class=CMSIS, group=RTOS, mode=CMSIS_V1, owner=FREERTOS
2024-05-06 11:40:46,626 [INFO] RtosManager:555 - Registered RTOS mode: class=CMSIS, group=RTOS2, mode=CMSIS_V2, owner=FREERTOS
2024-05-06 11:40:46,626 [INFO] RtosManager:555 - Registered RTOS mode: class=RTOS, group=Core, mode=CMSIS_V1, owner=FREERTOS
2024-05-06 11:40:46,626 [INFO] RtosManager:555 - Registered RTOS mode: class=RTOS, group=Core, mode=CMSIS_V2, owner=FREERTOS
2024-05-06 11:40:46,626 [WARN] ModelIntegratedComponent:184 - Missing modes for component STMicroelectronics:FreeRTOS:0.0.1:STMicroelectronics:RTOS:FreeRTOS:Core:::10.2.0:
2024-05-06 11:40:46,642 [WARN] ModelIntegratedComponent:63 - No mode defined for component null
2024-05-06 11:40:46,642 [WARN] ModelIntegratedComponent:63 - No mode defined for component null
2024-05-06 11:40:46,642 [WARN] ModelIntegratedComponent:63 - No mode defined for component null
2024-05-06 11:40:46,642 [WARN] ModelIntegratedComponent:63 - No mode defined for component null
2024-05-06 11:40:46,642 [WARN] ModelIntegratedComponent:63 - No mode defined for component null
2024-05-06 11:40:46,642 [WARN] ModelIntegratedComponent:63 - No mode defined for component null
2024-05-06 11:40:46,642 [WARN] ModelIntegratedComponent:63 - No mode defined for component null
2024-05-06 11:40:46,642 [WARN] ModelIntegratedComponent:63 - No mode defined for component null
2024-05-06 11:40:46,642 [WARN] ModelIntegratedComponent:63 - No mode defined for component null
2024-05-06 11:40:46,642 [WARN] ModelIntegratedComponent:63 - No mode defined for component null
2024-05-06 11:40:46,642 [WARN] ModelIntegratedComponent:63 - No mode defined for component null
2024-05-06 11:40:46,643 [WARN] ModelIntegratedComponent:63 - No mode defined for component null
2024-05-06 11:40:46,643 [WARN] ModelIntegratedComponent:63 - No mode defined for component null
2024-05-06 11:40:46,643 [WARN] ModelIntegratedComponent:63 - No mode defined for component null
2024-05-06 11:40:46,643 [WARN] ModelIntegratedComponent:63 - No mode defined for component null
2024-05-06 11:40:46,643 [WARN] ModelIntegratedComponent:63 - No mode defined for component null
2024-05-06 11:40:46,643 [WARN] ModelIntegratedComponent:63 - No mode defined for component null
2024-05-06 11:40:46,643 [WARN] ModelIntegratedComponent:63 - No mode defined for component null
2024-05-06 11:40:46,643 [WARN] ModelIntegratedComponent:63 - No mode defined for component null
2024-05-06 11:40:46,643 [WARN] ModelIntegratedComponent:63 - No mode defined for component null
2024-05-06 11:40:46,643 [WARN] ModelIntegratedComponent:63 - No mode defined for component null
2024-05-06 11:40:46,643 [WARN] ModelIntegratedComponent:63 - No mode defined for component null
2024-05-06 11:40:46,643 [WARN] ModelIntegratedComponent:63 - No mode defined for component null
2024-05-06 11:40:46,643 [WARN] ModelIntegratedComponent:63 - No mode defined for component null
2024-05-06 11:40:46,643 [WARN] ModelIntegratedComponent:63 - No mode defined for component null
2024-05-06 11:40:46,643 [WARN] ModelIntegratedComponent:63 - No mode defined for component null
2024-05-06 11:40:46,643 [WARN] ModelIntegratedComponent:63 - No mode defined for component null
2024-05-06 11:40:46,644 [WARN] ModelIntegratedComponent:63 - No mode defined for component null
2024-05-06 11:40:46,644 [WARN] ModelIntegratedComponent:63 - No mode defined for component null
2024-05-06 11:40:46,644 [WARN] ModelIntegratedComponent:63 - No mode defined for component null
2024-05-06 11:40:46,644 [WARN] ModelIntegratedComponent:63 - No mode defined for component null
2024-05-06 11:40:46,644 [WARN] ModelIntegratedComponent:63 - No mode defined for component null
2024-05-06 11:40:46,644 [WARN] ModelIntegratedComponent:63 - No mode defined for component null
2024-05-06 11:40:46,783 [INFO] ThirdPartyModel:298 - Start build external matchings
2024-05-06 11:40:47,219 [INFO] ThirdPartyModel:316 - End build external matchings
2024-05-06 11:40:47,240 [INFO] ImportTextPane:194 - (OptionalMessage_ERROR) IP (RCC) : Invalid parameter (FamilyName)
2024-05-06 11:40:47,685 [INFO] UtilMem:75 - End LoadConfig() Used Memory: 682980960 Bytes (1073741824)
2024-05-06 11:40:47,879 [INFO] ApiDb:581 - Connected to CubeFinder SQLite database (C:\Users\jesus\.stmcufinder\plugins\mcufinder\mcu\cube-finder-db.db)
2024-05-06 11:40:48,021 [INFO] ApiDb:668 - CubeFinder database Data Model version=2.1
2024-05-06 11:40:48,022 [INFO] ApiDb:669 - CubeFinder database Configuration version=3.0.39
2024-05-06 11:40:48,023 [INFO] ApiDb:670 - CubeFinder database generation date=2024-04-15 (1713193726)
2024-05-06 11:40:48,024 [INFO] ApiDb:671 - CubeFinder database FW Pack versions=[FP-ATR-ASTRA1_V2.0.0, FP-SNS-FLIGHT1_V5.0.1, FP-SNS-FLIGHT1_V5.0.2, FP-SNS-MOTENV1_V4.3.1, FP-SNS-MOTENV1_V4.3.2, FP-SNS-MOTENVWB1_V1.3.1, FP-SNS-SMARTAG2_V1.2.0, STM32Cube_FW_C0_V1.1.0, STM32Cube_FW_F4_V1.28.0, STM32Cube_FW_F7_V1.17.0, STM32Cube_FW_G0_V1.6.2, STM32Cube_FW_G4_V1.5.2, STM32Cube_FW_H5_V0.5.1, STM32Cube_FW_H5_V1.1.1, STM32Cube_FW_H5_V1.2.0, STM32Cube_FW_H5_V1.2.0RC4, STM32Cube_FW_H7RS_V1.0.0, STM32Cube_FW_H7RS_V1.0.0RC4, STM32Cube_FW_H7_V1.11.0, STM32Cube_FW_L0_V1.12.2, STM32Cube_FW_L5_V1.5.1, STM32Cube_FW_U0_V1.0.0, STM32Cube_FW_U0_V1.0.0RC1, STM32Cube_FW_U5_V1.3.0RC4, STM32Cube_FW_U5_V1.5.0, STM32Cube_FW_U5_V1.5.0RC1, STM32Cube_FW_WBA_V1.0.0RC1, STM32Cube_FW_WBA_V1.2.0, STM32Cube_FW_WBA_V1.2.0RC2, STM32Cube_FW_WBA_V1.3.0, STM32Cube_FW_WBA_V1.3.0RC1, STM32Cube_FW_WB_V1.15.0RC1, STM32Cube_FW_WB_V1.16.0, STM32Cube_FW_WB_V1.16.0RC2, STM32Cube_FW_WB_V1.18.0, STM32Cube_FW_WB_V1.19.0, STM32Cube_FW_WL_V1.3.0, X-CUBE-ALGOBUILD_V1.3.0, X-CUBE-ALS_V1.0.1, X-CUBE-AZRTOS-F4_V1.1.0, X-CUBE-AZRTOS-F7_V1.1.0, X-CUBE-AZRTOS-G0_V1.1.0, X-CUBE-AZRTOS-G4_V2.0.0, X-CUBE-AZRTOS-H7_V3.2.0, X-CUBE-AZRTOS-L4_V1.0.0, X-CUBE-AZRTOS-L4_V2.0.0, X-CUBE-AZRTOS-L5_V1.1.0, X-CUBE-AZRTOS-WB_V2.0.0, X-CUBE-AZRTOS-WL_V2.0.0, X-CUBE-BLE1_V7.0.0, X-CUBE-BLE2_V3.3.0, X-CUBE-BLEMGR_V3.1.0, X-CUBE-EEPRMA1_V4.1.0, X-CUBE-EEPRMA1_V5.1.0, X-CUBE-FREERTOS_V1.1.0, X-CUBE-GNSS1_V6.0.0, X-CUBE-MEMS1_V10.0.0, X-CUBE-MEMS1_V9.1.0, X-CUBE-MEMS1_V9.4.0, X-CUBE-MEMS1_V9.6.0, X-CUBE-NFC4_V3.0.0, X-CUBE-NFC7_V1.0.1, X-CUBE-SFXS2LP1_V4.0.0, X-CUBE-SUBG2_V5.0.0, X-CUBE-TOF1_V3.4.0]
2024-05-06 11:40:51,008 [INFO] ApiDb:240 - Found 323 in-development CPN: [B-G473E-ZEST1S, B-WB1M-WPAN1, B-WL5M-SUBG1, NUCLEO-C031C6, NUCLEO-H503RB, NUCLEO-H563ZI, NUCLEO-U545RE-Q, NUCLEO-U5A5ZJ-Q, NUCLEO-WBA52CG, STEVAL-PROTEUS1, STEVAL-SMARTAG2, STEVAL-STWINBX1, STM320518-EVAL, STM32C0116-DK, STM32C011D6Y3TR, STM32C011D6Y6TR, STM32C011F4P3, STM32C011F4P6, STM32C011F4U3, STM32C011F4U6TR, STM32C011F6P3, STM32C011F6P6, STM32C011F6U3, STM32C011F6U6TR, STM32C011J4M3, STM32C011J4M6, STM32C011J6M3, STM32C011J6M6, STM32C0316-DK, STM32C031C4T3, STM32C031C4T6, STM32C031C4U3, STM32C031C4U6, STM32C031C6T3, STM32C031C6T6, STM32C031C6U3, STM32C031C6U6, STM32C031F4P3, STM32C031F4P6, STM32C031F6P3, STM32C031F6P6, STM32C031G4U3, STM32C031G4U6, STM32C031G6U3, STM32C031G6U6, STM32C031K4T3, STM32C031K4T6, STM32C031K4U3, STM32C031K4U6, STM32C031K6T3, STM32C031K6T6, STM32C031K6U3, STM32C031K6U6, STM32G071K8TXN, STM32G071K8UXN, STM32G081GBU6N, STM32G081KBT6N, STM32G081KBUXN, STM32G0B1CCT6N, STM32G0B1KCT6, STM32G0B1NEY6TR, STM32G0B1RCT6N, STM32G0C1CCT6, STM32G0C1CCT6N, STM32G0C1CCU6N, STM32G0C1CET6N, STM32G0C1CEU6N, STM32G0C1KCT6, STM32G0C1NEY6TR, STM32G0C1RCI6N, STM32G0C1RCT6N, STM32G0C1REI6N, STM32G0C1RET6N, STM32G0C1VCI6, STM32G0C1VEI6, STM32G471CCT6, STM32G471CCU6, STM32G471CET3, STM32G471CET6, STM32G471CEU3, STM32G471CEU6, STM32G471MCT6, STM32G471MET3, STM32G471MET6, STM32G471MEY6TR, STM32G471QCT6, STM32G471QET3, STM32G471RCT6, STM32G471RET3, STM32G471RET6, STM32G471VCH6, STM32G471VCI6, STM32G471VCT6, STM32G471VEH3, STM32G471VEH6, STM32G471VEI3, STM32G471VEI6, STM32G471VET3, STM32G471VET6, STM32G474CCT6, STM32H503CBT6, STM32H503CBU6, STM32H503EBY6TR, STM32H503KBU6, STM32H503RBT6, STM32H562AGI6, STM32H562AII6, STM32H562IGK6, STM32H562IGT6, STM32H562IIK6, STM32H562IIT6, STM32H562RGT6, STM32H562RGV6, STM32H562RIT6, STM32H562RIV6, STM32H562VGT6, STM32H562VIT6, STM32H562ZGT6, STM32H562ZIT6, STM32H563AGI6, STM32H563AII3Q, STM32H563AII6, STM32H563IGK6, STM32H563IGT6, STM32H563IIK3Q, STM32H563IIK6, STM32H563IIT3Q, STM32H563IIT6, STM32H563MIY3QTR, STM32H563RGT6, STM32H563RGV6, STM32H563RIT6, STM32H563RIV6, STM32H563VGT6, STM32H563VIT3Q, STM32H563VIT6, STM32H563ZGT6, STM32H563ZIT3Q, STM32H563ZIT6, STM32H573AII3Q, STM32H573AII6, STM32H573I-DK, STM32H573IIK3Q, STM32H573IIK6, STM32H573IIT3Q, STM32H573IIT6, STM32H573MIY3QTR, STM32H573RIT6, STM32H573RIV6, STM32H573VIT3Q, STM32H573VIT6, STM32H573ZIT3Q, STM32H573ZIT6, STM32L4R5QGI6STR, STM32MP131AAE3, STM32MP131AAF3, STM32MP131AAG3, STM32MP131CAE3, STM32MP131CAF3, STM32MP131CAG3, STM32MP131DAE7, STM32MP131DAF7, STM32MP131DAG7, STM32MP131FAE7, STM32MP131FAF7, STM32MP131FAG7, STM32MP133AAE3, STM32MP133AAF3, STM32MP133AAG3, STM32MP133CAE3, STM32MP133CAF3, STM32MP133CAG3, STM32MP133DAE7, STM32MP133DAF7, STM32MP133DAG7, STM32MP133FAE7, STM32MP133FAF7, STM32MP133FAG7, STM32MP135AAE3, STM32MP135AAF3, STM32MP135AAG3, STM32MP135CAE3, STM32MP135CAF3, STM32MP135CAG3, STM32MP135DAE7, STM32MP135DAF7, STM32MP135DAG7, STM32MP135F-DK, STM32MP135FAE7, STM32MP135FAF7, STM32MP135FAF7T, STM32MP135FAF7U, STM32MP135FAG7, STM32U535CBT6, STM32U535CBT6Q, STM32U535CBU6, STM32U535CBU6Q, STM32U535CCT6, STM32U535CCT6Q, STM32U535CCU6, STM32U535CCU6Q, STM32U535CET6, STM32U535CET6Q, STM32U535CEU6, STM32U535CEU6Q, STM32U535JEY6QTR, STM32U535NCY6QTR, STM32U535NEY6QTR, STM32U535RBI6, STM32U535RBI6Q, STM32U535RBT6, STM32U535RBT6Q, STM32U535RCI6, STM32U535RCI6Q, STM32U535RCT6, STM32U535RCT6Q, STM32U535REI6, STM32U535REI6Q, STM32U535RET6, STM32U535RET6Q, STM32U535VCI6, STM32U535VCI6Q, STM32U535VCT6, STM32U535VCT6Q, STM32U535VEI6, STM32U535VEI6Q, STM32U535VET6, STM32U535VET6Q, STM32U545CET6, STM32U545CET6Q, STM32U545CEU6, STM32U545CEU6Q, STM32U545JEY6QTR, STM32U545NEY6QTR, STM32U545REI6, STM32U545REI6Q, STM32U545RET6, STM32U545RET6Q, STM32U545VEI6, STM32U545VEI6Q, STM32U545VET6, STM32U545VET6Q, STM32U595AIH6, STM32U595AIH6Q, STM32U595AJH6, STM32U595AJH6Q, STM32U595QII6, STM32U595QII6Q, STM32U595QJI6, STM32U595QJI6Q, STM32U595RIT6, STM32U595RIT6Q, STM32U595RJT6, STM32U595RJT6Q, STM32U595VIT6, STM32U595VIT6Q, STM32U595VJT6, STM32U595VJT6Q, STM32U595ZIT6, STM32U595ZIT6Q, STM32U595ZIY6QTR, STM32U595ZJT6, STM32U595ZJT6Q, STM32U595ZJY6QTR, STM32U599BJY6QTR, STM32U599NIH6Q, STM32U599NJH6Q, STM32U599VIT6Q, STM32U599VJT6, STM32U599VJT6Q, STM32U599ZIT6Q, STM32U599ZIY6QTR, STM32U599ZJT6Q, STM32U599ZJY6QTR, STM32U5A5AJH6, STM32U5A5AJH6Q, STM32U5A5QJI6, STM32U5A5QJI6Q, STM32U5A5RJT6, STM32U5A5RJT6Q, STM32U5A5VJT6, STM32U5A5VJT6Q, STM32U5A5ZJT6, STM32U5A5ZJT6Q, STM32U5A5ZJY6QTR, STM32U5A9BJY6QTR, STM32U5A9J-DK, STM32U5A9NJH6Q, STM32U5A9VJT6Q, STM32U5A9ZJT6Q, STM32U5A9ZJY6QTR, STM32U5F7VIT6, STM32U5F7VIT6Q, STM32U5F7VJT6, STM32U5F7VJT6Q, STM32U5F9BJY6QTR, STM32U5F9NJH6Q, STM32U5F9VIT6Q, STM32U5F9VJT6Q, STM32U5F9ZIJ6QTR, STM32U5F9ZIT6Q, STM32U5F9ZJJ6QTR, STM32U5F9ZJT6Q, STM32U5G7VJT6, STM32U5G7VJT6Q, STM32U5G9BJY6QTR, STM32U5G9J-DK1, STM32U5G9J-DK2, STM32U5G9NJH6Q, STM32U5G9VJT6Q, STM32U5G9ZJJ6QTR, STM32U5G9ZJT6Q, STM32WB1MMCH6, STM32WBA52CEU6, STM32WBA52CEU6T, STM32WBA52CGU6, STM32WBA52CGU6T, STM32WBA52KEU6, STM32WBA52KEU6T, STM32WBA52KGU6, STM32WBA52KGU6T, STM32WL5MOCH6, STM32WL5MOCH6TR]
2024-05-06 11:40:51,011 [INFO] DbMcus:217 - Found 4073 MCUs, 4073 are supported
2024-05-06 11:40:51,012 [INFO] ApiDb:423 - Load user favorites file C:\Users\jesus/.stm32cubeide/favorites.mcus.txt: 0 item(s)
2024-05-06 11:40:51,012 [INFO] ApiDb:427 - User favorites MCUs=[]
2024-05-06 11:40:51,012 [INFO] DbMcus:223 - Set 0 / 0 favorites MCUs
2024-05-06 11:40:51,481 [WARN] ThirdParty:833 - waiting for thirdparty lock release [change project]
2024-05-06 11:40:51,481 [INFO] ThirdParty:835 - entering critical section [change project]
2024-05-06 11:40:51,481 [INFO] ThirdParty:1030 - CMSIS Pack Vendor :STMicroelectronics USBPD 4.1
2024-05-06 11:40:51,481 [INFO] ThirdParty:1030 - CMSIS Pack Vendor :STMicroelectronics X-CUBE-GNSS1 6.0.0
2024-05-06 11:40:51,481 [INFO] ThirdParty:1030 - CMSIS Pack Vendor :STMicroelectronics USB_HOST 2.0.0
2024-05-06 11:40:51,481 [INFO] ThirdParty:1030 - CMSIS Pack Vendor :STMicroelectronics FP-SNS-MOTENVWB1 1.4.0
2024-05-06 11:40:51,481 [INFO] ThirdParty:1030 - CMSIS Pack Vendor :STMicroelectronics X-CUBE-AZRTOS-F4 1.1.0
2024-05-06 11:40:51,481 [INFO] ThirdParty:1030 - CMSIS Pack Vendor :STMicroelectronics LIBJPEG 8.0.0
2024-05-06 11:40:51,481 [INFO] ThirdParty:1030 - CMSIS Pack Vendor :STMicroelectronics X-CUBE-SMBUS 2.1.0
2024-05-06 11:40:51,481 [INFO] ThirdParty:1030 - CMSIS Pack Vendor :STMicroelectronics USB_DEVICE 3.0.0
2024-05-06 11:40:51,481 [INFO] ThirdParty:1030 - CMSIS Pack Vendor :STMicroelectronics X-CUBE-TCPP 4.1.0
2024-05-06 11:40:51,481 [INFO] ThirdParty:1030 - CMSIS Pack Vendor :STMicroelectronics X-CUBE-FREERTOS 1.2.0
2024-05-06 11:40:51,482 [INFO] ThirdParty:1030 - CMSIS Pack Vendor :STMicroelectronics X-CUBE-AZRTOS-WB 2.0.0
2024-05-06 11:40:51,482 [INFO] ThirdParty:1030 - CMSIS Pack Vendor :wolfSSL I-CUBE-wolfSSL 5.6.6
2024-05-06 11:40:51,482 [INFO] ThirdParty:1030 - CMSIS Pack Vendor :STMicroelectronics X-CUBE-TOUCHGFX 4.23.1
2024-05-06 11:40:51,482 [INFO] ThirdParty:1030 - CMSIS Pack Vendor :STMicroelectronics X-CUBE-TOUCHGFX 4.23.0
2024-05-06 11:40:51,482 [INFO] ThirdParty:1030 - CMSIS Pack Vendor :STMicroelectronics X-CUBE-TOUCHGFX 4.23.2
2024-05-06 11:40:51,482 [INFO] ThirdParty:1030 - CMSIS Pack Vendor :STMicroelectronics X-CUBE-AZRTOS-F7 1.1.0
2024-05-06 11:40:51,482 [INFO] ThirdParty:1030 - CMSIS Pack Vendor :STMicroelectronics X-CUBE-AZRTOS-L5 2.0.0
2024-05-06 11:40:51,482 [INFO] ThirdParty:1030 - CMSIS Pack Vendor :STMicroelectronics USB_DEVICE 2.0.0
2024-05-06 11:40:51,482 [INFO] ThirdParty:1030 - CMSIS Pack Vendor :STMicroelectronics X-CUBE-NFC6 3.1.0
2024-05-06 11:40:51,482 [INFO] ThirdParty:1030 - CMSIS Pack Vendor :ITTIA_DB I-CUBE-ITTIADB 8.8.0
2024-05-06 11:40:51,482 [INFO] ThirdParty:1030 - CMSIS Pack Vendor :STMicroelectronics FP-SNS-MOTENV1 4.3.2
2024-05-06 11:40:51,482 [INFO] ThirdParty:1030 - CMSIS Pack Vendor :STMicroelectronics X-CUBE-ALGOBUILD 1.3.0
2024-05-06 11:40:51,482 [INFO] ThirdParty:1030 - CMSIS Pack Vendor :STMicroelectronics FreeRTOS 0.0.1
2024-05-06 11:40:51,482 [INFO] ThirdParty:1030 - CMSIS Pack Vendor :STMicroelectronics X-CUBE-AZRTOS-G0 1.1.0
2024-05-06 11:40:51,482 [INFO] ThirdParty:1030 - CMSIS Pack Vendor :STMicroelectronics X-CUBE-SAFEA1 1.2.2
2024-05-06 11:40:51,482 [INFO] ThirdParty:1030 - CMSIS Pack Vendor :STMicroelectronics X-CUBE-NFC4 3.0.0
2024-05-06 11:40:51,482 [INFO] ThirdParty:1030 - CMSIS Pack Vendor :STMicroelectronics X-CUBE-SUBG2 5.0.0
2024-05-06 11:40:51,482 [INFO] ThirdParty:1030 - CMSIS Pack Vendor :STMicroelectronics STM32_WPAN 1.0.0
2024-05-06 11:40:51,483 [INFO] ThirdParty:1030 - CMSIS Pack Vendor :STMicroelectronics lwIP 2.0.3
2024-05-06 11:40:51,483 [INFO] ThirdParty:1030 - CMSIS Pack Vendor :STMicroelectronics FP-SNS-FLIGHT1 5.0.2
2024-05-06 11:40:51,483 [INFO] ThirdParty:1030 - CMSIS Pack Vendor :STMicroelectronics USB_HOST 1.0.0
2024-05-06 11:40:51,483 [INFO] ThirdParty:1030 - CMSIS Pack Vendor :STMicroelectronics X-CUBE-AI 9.0.0
2024-05-06 11:40:51,483 [INFO] ThirdParty:1030 - CMSIS Pack Vendor :STMicroelectronics X-CUBE-AZRTOS-G4 2.0.0
2024-05-06 11:40:51,483 [INFO] ThirdParty:1030 - CMSIS Pack Vendor :STMicroelectronics PDM2PCM 3.1.0
2024-05-06 11:40:51,483 [INFO] ThirdParty:1030 - CMSIS Pack Vendor :Infineon AIROC-Wi-Fi-Bluetooth-STM32 1.5.1
2024-05-06 11:40:51,483 [INFO] ThirdParty:1030 - CMSIS Pack Vendor :STMicroelectronics X-CUBE-BLEMGR 3.0.0
2024-05-06 11:40:51,483 [INFO] ThirdParty:1030 - CMSIS Pack Vendor :STMicroelectronics PDM2PCM 3.3.0
2024-05-06 11:40:51,483 [INFO] ThirdParty:1030 - CMSIS Pack Vendor :STMicroelectronics X-CUBE-DISPLAY 3.0.0
2024-05-06 11:40:51,483 [INFO] ThirdParty:1030 - CMSIS Pack Vendor :STMicroelectronics FP-SNS-MOTENVWB1 1.3.1
2024-05-06 11:40:51,483 [INFO] ThirdParty:1030 - CMSIS Pack Vendor :STMicroelectronics X-CUBE-BLE1 7.0.0
2024-05-06 11:40:51,483 [INFO] ThirdParty:1030 - CMSIS Pack Vendor :STMicroelectronics FP-ATR-SIGFOX1 3.2.0
2024-05-06 11:40:51,483 [INFO] ThirdParty:1030 - CMSIS Pack Vendor :STMicroelectronics X-CUBE-ISPU 2.0.0
2024-05-06 11:40:51,483 [INFO] ThirdParty:1030 - CMSIS Pack Vendor :STMicroelectronics X-CUBE-EEPRMA1 5.1.0
2024-05-06 11:40:51,483 [INFO] ThirdParty:1030 - CMSIS Pack Vendor :STMicroelectronics HAL Drivers 0.0.0
2024-05-06 11:40:51,483 [INFO] ThirdParty:1030 - CMSIS Pack Vendor :STMicroelectronics MBEDTLS 2.16.2
2024-05-06 11:40:51,483 [INFO] ThirdParty:1030 - CMSIS Pack Vendor :emotas I-CUBE-CANOPEN 1.3.0
2024-05-06 11:40:51,483 [INFO] ThirdParty:1030 - CMSIS Pack Vendor :STMicroelectronics X-CUBE-MEMS1 10.0.0
2024-05-06 11:40:51,483 [INFO] ThirdParty:1030 - CMSIS Pack Vendor :STMicroelectronics X-CUBE-FREERTOS 1.1.0
2024-05-06 11:40:51,483 [INFO] ThirdParty:1030 - CMSIS Pack Vendor :STMicroelectronics X-CUBE-NFC7 1.0.1
2024-05-06 11:40:51,483 [INFO] ThirdParty:1030 - CMSIS Pack Vendor :STMicroelectronics MBEDTLS 2.14.1
2024-05-06 11:40:51,483 [INFO] ThirdParty:1030 - CMSIS Pack Vendor :STMicroelectronics X-CUBE-NFC6 3.0.0
2024-05-06 11:40:51,484 [INFO] ThirdParty:1030 - CMSIS Pack Vendor :portGmbH I-Cube-SoM-uGOAL 1.1.0
2024-05-06 11:40:51,484 [INFO] ThirdParty:1030 - CMSIS Pack Vendor :STMicroelectronics X-CUBE-ALS 1.0.1
2024-05-06 11:40:51,484 [INFO] ThirdParty:1030 - CMSIS Pack Vendor :STMicroelectronics X-CUBE-BLEMGR 3.1.0
2024-05-06 11:40:51,484 [INFO] ThirdParty:1030 - CMSIS Pack Vendor :STMicroelectronics ThreadX 1.0.0
2024-05-06 11:40:51,484 [INFO] ThirdParty:1030 - CMSIS Pack Vendor :STMicroelectronics FP-SNS-SMARTAG2 1.2.0
2024-05-06 11:40:51,484 [INFO] ThirdParty:1030 - CMSIS Pack Vendor :STMicroelectronics X-CUBE-AZRTOS-WL 2.0.0
2024-05-06 11:40:51,484 [INFO] ThirdParty:1030 - CMSIS Pack Vendor :SEGGER I-CUBE-embOS 1.3.1
2024-05-06 11:40:51,484 [INFO] ThirdParty:1030 - CMSIS Pack Vendor :STMicroelectronics FP-SNS-MOTENV1 5.0.0
2024-05-06 11:40:51,484 [INFO] ThirdParty:1030 - CMSIS Pack Vendor :STMicroelectronics USB_DEVICE 1.0.0
2024-05-06 11:40:51,484 [INFO] ThirdParty:1030 - CMSIS Pack Vendor :STMicroelectronics X-CUBE-AI 8.1.0
2024-05-06 11:40:51,484 [INFO] ThirdParty:1030 - CMSIS Pack Vendor :STMicroelectronics X-CUBE-AZRTOS-H7RS 1.0.0
2024-05-06 11:40:51,484 [INFO] ThirdParty:1030 - CMSIS Pack Vendor :STMicroelectronics X-CUBE-AZRTOS-L4 2.0.0
2024-05-06 11:40:51,484 [INFO] ThirdParty:1030 - CMSIS Pack Vendor :STMicroelectronics ThreadX 0.0.2
2024-05-06 11:40:51,484 [INFO] ThirdParty:1030 - CMSIS Pack Vendor :WES I-CUBE-Cesium 1.3.0
2024-05-06 11:40:51,484 [INFO] ThirdParty:1030 - CMSIS Pack Vendor :STMicroelectronics FP-ATR-ASTRA1 2.0.0
2024-05-06 11:40:51,484 [INFO] ThirdParty:1030 - CMSIS Pack Vendor :STMicroelectronics lwIP 2.1.2
2024-05-06 11:40:51,484 [INFO] ThirdParty:1030 - CMSIS Pack Vendor :STMicroelectronics X-CUBE-SFXS2LP1 4.0.0
2024-05-06 11:40:51,484 [INFO] ThirdParty:1030 - CMSIS Pack Vendor :STMicroelectronics X-CUBE-BLE2 3.3.0
2024-05-06 11:40:51,484 [INFO] ThirdParty:1030 - CMSIS Pack Vendor :STMicroelectronics X-CUBE-TOF1 3.4.0
2024-05-06 11:40:51,484 [INFO] ThirdParty:1030 - CMSIS Pack Vendor :STMicroelectronics X-CUBE-TOF1 3.4.1
2024-05-06 11:40:51,484 [INFO] ThirdParty:1030 - CMSIS Pack Vendor :STMicroelectronics X-CUBE-AZRTOS-H7 3.2.0
2024-05-06 11:40:51,484 [INFO] ThirdParty:1030 - CMSIS Pack Vendor :STMicroelectronics PDM2PCM 3.2.0
2024-05-06 11:40:51,484 [INFO] ThirdParty:841 - exiting critical section [change project]
2024-05-06 11:40:52,074 [INFO] PinOutPanel:1499 - setPackage(No Configuration,No Configuration)
2024-05-06 11:40:52,077 [INFO] PinOutPanel:1499 - setPackage(STM32L475VGTx,LQFP100)
2024-05-06 11:40:52,994 [INFO] UtilMem:75 - Before build in PCC Used Memory: 647745888 Bytes (1073741824)
2024-05-06 11:40:54,295 [INFO] UtilMem:75 - After build in PCC Used Memory: 749986752 Bytes (1073741824)
2024-05-06 11:40:54,491 [INFO] ApiDbMcu:507 - Load IP Config File for USB_DEVICE
2024-05-06 11:40:54,534 [INFO] IPUIPlugin:80 - create IPUIPlugin
2024-05-06 11:40:54,534 [INFO] IPUIPlugin:80 - create IPUIPlugin
2024-05-06 11:40:54,534 [INFO] IPUIPlugin:80 - create IPUIPlugin
2024-05-06 11:40:54,535 [INFO] IPUIPlugin:80 - create IPUIPlugin
2024-05-06 11:40:54,535 [INFO] IPUIPlugin:80 - create IPUIPlugin
2024-05-06 11:40:54,535 [INFO] IPUIPlugin:80 - create IPUIPlugin
2024-05-06 11:40:54,535 [INFO] IPUIPlugin:80 - create IPUIPlugin
2024-05-06 11:40:54,535 [INFO] IPUIPlugin:80 - create IPUIPlugin
2024-05-06 11:40:54,535 [INFO] IPUIPlugin:80 - create IPUIPlugin
2024-05-06 11:40:54,536 [INFO] IPUIPlugin:80 - create IPUIPlugin
2024-05-06 11:40:54,536 [INFO] IPUIPlugin:80 - create IPUIPlugin
2024-05-06 11:40:54,536 [INFO] IPUIPlugin:80 - create IPUIPlugin
2024-05-06 11:40:54,536 [INFO] IPUIPlugin:80 - create IPUIPlugin
2024-05-06 11:40:54,536 [INFO] IPUIPlugin:80 - create IPUIPlugin
2024-05-06 11:40:54,536 [INFO] IPUIPlugin:80 - create IPUIPlugin
2024-05-06 11:40:54,537 [INFO] IPUIPlugin:80 - create IPUIPlugin
2024-05-06 11:40:54,537 [INFO] IPUIPlugin:80 - create IPUIPlugin
2024-05-06 11:40:54,537 [INFO] IPUIPlugin:80 - create IPUIPlugin
2024-05-06 11:40:54,537 [INFO] IPUIPlugin:80 - create IPUIPlugin
2024-05-06 11:40:54,537 [INFO] IPUIPlugin:80 - create IPUIPlugin
2024-05-06 11:40:54,538 [INFO] IPUIPlugin:80 - create IPUIPlugin
2024-05-06 11:40:54,538 [INFO] IPUIPlugin:80 - create IPUIPlugin
2024-05-06 11:40:54,538 [INFO] IPUIPlugin:80 - create IPUIPlugin
2024-05-06 11:40:54,538 [INFO] IPUIPlugin:80 - create IPUIPlugin
2024-05-06 11:40:54,539 [INFO] IPUIPlugin:80 - create IPUIPlugin
2024-05-06 11:40:54,539 [INFO] IPUIPlugin:80 - create IPUIPlugin
2024-05-06 11:40:54,539 [INFO] IPUIPlugin:80 - create IPUIPlugin
2024-05-06 11:40:54,540 [INFO] IPUIPlugin:80 - create IPUIPlugin
2024-05-06 11:40:54,540 [INFO] IPUIPlugin:80 - create IPUIPlugin
2024-05-06 11:40:54,540 [INFO] IPUIPlugin:80 - create IPUIPlugin
2024-05-06 11:40:54,540 [INFO] IPUIPlugin:80 - create IPUIPlugin
2024-05-06 11:40:54,541 [INFO] IPUIPlugin:80 - create IPUIPlugin
2024-05-06 11:40:54,541 [INFO] IPUIPlugin:80 - create IPUIPlugin
2024-05-06 11:40:54,541 [INFO] IPUIPlugin:80 - create IPUIPlugin
2024-05-06 11:40:54,541 [INFO] IPUIPlugin:80 - create IPUIPlugin
2024-05-06 11:40:54,542 [INFO] IPUIPlugin:80 - create IPUIPlugin
2024-05-06 11:40:54,542 [INFO] IPUIPlugin:80 - create IPUIPlugin
2024-05-06 11:40:54,542 [INFO] IPUIPlugin:80 - create IPUIPlugin
2024-05-06 11:40:54,543 [INFO] IPUIPlugin:80 - create IPUIPlugin
2024-05-06 11:40:54,543 [INFO] IPUIPlugin:80 - create IPUIPlugin
2024-05-06 11:40:54,543 [INFO] IPUIPlugin:80 - create IPUIPlugin
2024-05-06 11:40:54,543 [INFO] IPUIPlugin:80 - create IPUIPlugin
2024-05-06 11:40:54,544 [INFO] IPUIPlugin:80 - create IPUIPlugin
2024-05-06 11:40:54,544 [INFO] IPUIPlugin:80 - create IPUIPlugin
2024-05-06 11:40:54,544 [INFO] IPUIPlugin:80 - create IPUIPlugin
2024-05-06 11:40:54,545 [INFO] IPUIPlugin:80 - create IPUIPlugin
2024-05-06 11:40:54,545 [INFO] IPUIPlugin:80 - create IPUIPlugin
2024-05-06 11:40:54,545 [INFO] IPUIPlugin:80 - create IPUIPlugin
2024-05-06 11:40:54,546 [INFO] IPUIPlugin:80 - create IPUIPlugin
2024-05-06 11:40:54,546 [INFO] IPUIPlugin:80 - create IPUIPlugin
2024-05-06 11:40:54,547 [INFO] IPUIPlugin:80 - create IPUIPlugin
2024-05-06 11:40:54,547 [INFO] IPUIPlugin:80 - create IPUIPlugin
2024-05-06 11:40:54,547 [INFO] IPUIPlugin:80 - create IPUIPlugin
2024-05-06 11:40:54,548 [INFO] IPUIPlugin:80 - create IPUIPlugin
2024-05-06 11:40:54,548 [INFO] IPUIPlugin:80 - create IPUIPlugin
2024-05-06 11:40:54,549 [INFO] IPUIPlugin:80 - create IPUIPlugin
2024-05-06 11:40:54,549 [INFO] IPUIPlugin:80 - create IPUIPlugin
2024-05-06 11:40:54,550 [INFO] IPUIPlugin:80 - create IPUIPlugin
2024-05-06 11:40:54,550 [INFO] IPUIPlugin:80 - create IPUIPlugin
2024-05-06 11:40:54,904 [INFO] CADModel:165 - CPN selected for project levelSTM32L475VGT6
2024-05-06 11:40:54,904 [INFO] CADModel:114 - Register for checkConnection events
2024-05-06 11:40:54,971 [INFO] OpenFileManager:328 - Restore cursor
2024-05-06 11:45:21,490 [INFO] MainUpdater:2868 - connection check result : 10
2024-05-06 11:45:21,499 [INFO] McuFinderGlobals:76 - Set McuFinderConnectedMode to true
2024-05-06 11:45:21,739 [INFO] ServerAccessManage:473 - Download File mcusAds.json._tmp_
2024-05-06 11:45:21,884 [INFO] LoadUrlFilesThread:156 - End of LoadUrlFiles Thread
2024-05-06 11:45:22,064 [INFO] ServerAccessManage:473 - Download File cube-finder-db.zip
2024-05-06 11:45:25,206 [INFO] FileExtend:240 - Unzip File : cube-finder-db.zip
2024-05-06 11:45:25,207 [INFO] FileExtend:255 - Standard Zip Deflate
2024-05-06 11:45:26,078 [INFO] LoadUrlFilesThread:156 - End of LoadUrlFiles Thread
2024-05-06 11:45:26,527 [INFO] ServerAccessManage:473 - Download File crdb.zip
2024-05-06 11:45:26,824 [INFO] FileExtend:240 - Unzip File : crdb.zip
2024-05-06 11:45:26,824 [INFO] FileExtend:255 - Standard Zip Deflate
2024-05-06 11:45:27,045 [INFO] LoadUrlFilesThread:156 - End of LoadUrlFiles Thread
2024-05-06 11:45:27,175 [INFO] ServerAccessManage:473 - Download File tutoVideoDB.zip
2024-05-06 11:45:27,194 [INFO] FileExtend:240 - Unzip File : tutoVideoDB.zip
2024-05-06 11:45:27,195 [INFO] FileExtend:255 - Standard Zip Deflate
2024-05-06 11:45:27,361 [INFO] LoadUrlFilesThread:156 - End of LoadUrlFiles Thread
2024-05-06 11:45:27,369 [WARN] DbFile:41 - Overriding database path with different value: C:\Users\jesus\.stmcufinder\plugins\mcufinder/ => C:\Users\jesus\.stmcufinder\plugins\mcufinder
2024-05-06 11:45:27,520 [INFO] ServerAccessManage:473 - Download File api_config.json
2024-05-06 11:45:27,686 [INFO] LoadUrlFilesThread:156 - End of LoadUrlFiles Thread
2024-05-06 11:45:27,693 [INFO] DbMcusAds:53 - JSON generation date=Thu May 02 10:37:29 CEST 2024 (1714639049318)
2024-05-06 11:45:27,703 [INFO] ApiDb:448 - Save user favorites file C:\Users\jesus/.stm32cubeide/favorites.mcus.txt: 0 item(s)
2024-05-06 11:45:27,704 [INFO] ApiDb:452 - User favorites MCUs=[]
2024-05-06 11:45:27,707 [INFO] ApiDb:581 - Connected to CubeFinder SQLite database (C:\Users\jesus\.stmcufinder\plugins\mcufinder\mcu\cube-finder-db.db)
2024-05-06 11:45:27,808 [INFO] ApiDb:668 - CubeFinder database Data Model version=2.1
2024-05-06 11:45:27,809 [INFO] ApiDb:669 - CubeFinder database Configuration version=3.0.39
2024-05-06 11:45:27,809 [INFO] ApiDb:670 - CubeFinder database generation date=2024-04-15 (1713193726)
2024-05-06 11:45:27,809 [INFO] ApiDb:671 - CubeFinder database FW Pack versions=[FP-ATR-ASTRA1_V2.0.0, FP-SNS-FLIGHT1_V5.0.1, FP-SNS-FLIGHT1_V5.0.2, FP-SNS-MOTENV1_V4.3.1, FP-SNS-MOTENV1_V4.3.2, FP-SNS-MOTENVWB1_V1.3.1, FP-SNS-SMARTAG2_V1.2.0, STM32Cube_FW_C0_V1.1.0, STM32Cube_FW_F4_V1.28.0, STM32Cube_FW_F7_V1.17.0, STM32Cube_FW_G0_V1.6.2, STM32Cube_FW_G4_V1.5.2, STM32Cube_FW_H5_V0.5.1, STM32Cube_FW_H5_V1.1.1, STM32Cube_FW_H5_V1.2.0, STM32Cube_FW_H5_V1.2.0RC4, STM32Cube_FW_H7RS_V1.0.0, STM32Cube_FW_H7RS_V1.0.0RC4, STM32Cube_FW_H7_V1.11.0, STM32Cube_FW_L0_V1.12.2, STM32Cube_FW_L5_V1.5.1, STM32Cube_FW_U0_V1.0.0, STM32Cube_FW_U0_V1.0.0RC1, STM32Cube_FW_U5_V1.3.0RC4, STM32Cube_FW_U5_V1.5.0, STM32Cube_FW_U5_V1.5.0RC1, STM32Cube_FW_WBA_V1.0.0RC1, STM32Cube_FW_WBA_V1.2.0, STM32Cube_FW_WBA_V1.2.0RC2, STM32Cube_FW_WBA_V1.3.0, STM32Cube_FW_WBA_V1.3.0RC1, STM32Cube_FW_WB_V1.15.0RC1, STM32Cube_FW_WB_V1.16.0, STM32Cube_FW_WB_V1.16.0RC2, STM32Cube_FW_WB_V1.18.0, STM32Cube_FW_WB_V1.19.0, STM32Cube_FW_WL_V1.3.0, X-CUBE-ALGOBUILD_V1.3.0, X-CUBE-ALS_V1.0.1, X-CUBE-AZRTOS-F4_V1.1.0, X-CUBE-AZRTOS-F7_V1.1.0, X-CUBE-AZRTOS-G0_V1.1.0, X-CUBE-AZRTOS-G4_V2.0.0, X-CUBE-AZRTOS-H7_V3.2.0, X-CUBE-AZRTOS-L4_V1.0.0, X-CUBE-AZRTOS-L4_V2.0.0, X-CUBE-AZRTOS-L5_V1.1.0, X-CUBE-AZRTOS-WB_V2.0.0, X-CUBE-AZRTOS-WL_V2.0.0, X-CUBE-BLE1_V7.0.0, X-CUBE-BLE2_V3.3.0, X-CUBE-BLEMGR_V3.1.0, X-CUBE-EEPRMA1_V4.1.0, X-CUBE-EEPRMA1_V5.1.0, X-CUBE-FREERTOS_V1.1.0, X-CUBE-GNSS1_V6.0.0, X-CUBE-MEMS1_V10.0.0, X-CUBE-MEMS1_V9.1.0, X-CUBE-MEMS1_V9.4.0, X-CUBE-MEMS1_V9.6.0, X-CUBE-NFC4_V3.0.0, X-CUBE-NFC7_V1.0.1, X-CUBE-SFXS2LP1_V4.0.0, X-CUBE-SUBG2_V5.0.0, X-CUBE-TOF1_V3.4.0]
2024-05-06 11:45:29,778 [INFO] ApiDb:240 - Found 323 in-development CPN: [B-G473E-ZEST1S, B-WB1M-WPAN1, B-WL5M-SUBG1, NUCLEO-C031C6, NUCLEO-H503RB, NUCLEO-H563ZI, NUCLEO-U545RE-Q, NUCLEO-U5A5ZJ-Q, NUCLEO-WBA52CG, STEVAL-PROTEUS1, STEVAL-SMARTAG2, STEVAL-STWINBX1, STM320518-EVAL, STM32C0116-DK, STM32C011D6Y3TR, STM32C011D6Y6TR, STM32C011F4P3, STM32C011F4P6, STM32C011F4U3, STM32C011F4U6TR, STM32C011F6P3, STM32C011F6P6, STM32C011F6U3, STM32C011F6U6TR, STM32C011J4M3, STM32C011J4M6, STM32C011J6M3, STM32C011J6M6, STM32C0316-DK, STM32C031C4T3, STM32C031C4T6, STM32C031C4U3, STM32C031C4U6, STM32C031C6T3, STM32C031C6T6, STM32C031C6U3, STM32C031C6U6, STM32C031F4P3, STM32C031F4P6, STM32C031F6P3, STM32C031F6P6, STM32C031G4U3, STM32C031G4U6, STM32C031G6U3, STM32C031G6U6, STM32C031K4T3, STM32C031K4T6, STM32C031K4U3, STM32C031K4U6, STM32C031K6T3, STM32C031K6T6, STM32C031K6U3, STM32C031K6U6, STM32G071K8TXN, STM32G071K8UXN, STM32G081GBU6N, STM32G081KBT6N, STM32G081KBUXN, STM32G0B1CCT6N, STM32G0B1KCT6, STM32G0B1NEY6TR, STM32G0B1RCT6N, STM32G0C1CCT6, STM32G0C1CCT6N, STM32G0C1CCU6N, STM32G0C1CET6N, STM32G0C1CEU6N, STM32G0C1KCT6, STM32G0C1NEY6TR, STM32G0C1RCI6N, STM32G0C1RCT6N, STM32G0C1REI6N, STM32G0C1RET6N, STM32G0C1VCI6, STM32G0C1VEI6, STM32G471CCT6, STM32G471CCU6, STM32G471CET3, STM32G471CET6, STM32G471CEU3, STM32G471CEU6, STM32G471MCT6, STM32G471MET3, STM32G471MET6, STM32G471MEY6TR, STM32G471QCT6, STM32G471QET3, STM32G471RCT6, STM32G471RET3, STM32G471RET6, STM32G471VCH6, STM32G471VCI6, STM32G471VCT6, STM32G471VEH3, STM32G471VEH6, STM32G471VEI3, STM32G471VEI6, STM32G471VET3, STM32G471VET6, STM32G474CCT6, STM32H503CBT6, STM32H503CBU6, STM32H503EBY6TR, STM32H503KBU6, STM32H503RBT6, STM32H562AGI6, STM32H562AII6, STM32H562IGK6, STM32H562IGT6, STM32H562IIK6, STM32H562IIT6, STM32H562RGT6, STM32H562RGV6, STM32H562RIT6, STM32H562RIV6, STM32H562VGT6, STM32H562VIT6, STM32H562ZGT6, STM32H562ZIT6, STM32H563AGI6, STM32H563AII3Q, STM32H563AII6, STM32H563IGK6, STM32H563IGT6, STM32H563IIK3Q, STM32H563IIK6, STM32H563IIT3Q, STM32H563IIT6, STM32H563MIY3QTR, STM32H563RGT6, STM32H563RGV6, STM32H563RIT6, STM32H563RIV6, STM32H563VGT6, STM32H563VIT3Q, STM32H563VIT6, STM32H563ZGT6, STM32H563ZIT3Q, STM32H563ZIT6, STM32H573AII3Q, STM32H573AII6, STM32H573I-DK, STM32H573IIK3Q, STM32H573IIK6, STM32H573IIT3Q, STM32H573IIT6, STM32H573MIY3QTR, STM32H573RIT6, STM32H573RIV6, STM32H573VIT3Q, STM32H573VIT6, STM32H573ZIT3Q, STM32H573ZIT6, STM32L4R5QGI6STR, STM32MP131AAE3, STM32MP131AAF3, STM32MP131AAG3, STM32MP131CAE3, STM32MP131CAF3, STM32MP131CAG3, STM32MP131DAE7, STM32MP131DAF7, STM32MP131DAG7, STM32MP131FAE7, STM32MP131FAF7, STM32MP131FAG7, STM32MP133AAE3, STM32MP133AAF3, STM32MP133AAG3, STM32MP133CAE3, STM32MP133CAF3, STM32MP133CAG3, STM32MP133DAE7, STM32MP133DAF7, STM32MP133DAG7, STM32MP133FAE7, STM32MP133FAF7, STM32MP133FAG7, STM32MP135AAE3, STM32MP135AAF3, STM32MP135AAG3, STM32MP135CAE3, STM32MP135CAF3, STM32MP135CAG3, STM32MP135DAE7, STM32MP135DAF7, STM32MP135DAG7, STM32MP135F-DK, STM32MP135FAE7, STM32MP135FAF7, STM32MP135FAF7T, STM32MP135FAF7U, STM32MP135FAG7, STM32U535CBT6, STM32U535CBT6Q, STM32U535CBU6, STM32U535CBU6Q, STM32U535CCT6, STM32U535CCT6Q, STM32U535CCU6, STM32U535CCU6Q, STM32U535CET6, STM32U535CET6Q, STM32U535CEU6, STM32U535CEU6Q, STM32U535JEY6QTR, STM32U535NCY6QTR, STM32U535NEY6QTR, STM32U535RBI6, STM32U535RBI6Q, STM32U535RBT6, STM32U535RBT6Q, STM32U535RCI6, STM32U535RCI6Q, STM32U535RCT6, STM32U535RCT6Q, STM32U535REI6, STM32U535REI6Q, STM32U535RET6, STM32U535RET6Q, STM32U535VCI6, STM32U535VCI6Q, STM32U535VCT6, STM32U535VCT6Q, STM32U535VEI6, STM32U535VEI6Q, STM32U535VET6, STM32U535VET6Q, STM32U545CET6, STM32U545CET6Q, STM32U545CEU6, STM32U545CEU6Q, STM32U545JEY6QTR, STM32U545NEY6QTR, STM32U545REI6, STM32U545REI6Q, STM32U545RET6, STM32U545RET6Q, STM32U545VEI6, STM32U545VEI6Q, STM32U545VET6, STM32U545VET6Q, STM32U595AIH6, STM32U595AIH6Q, STM32U595AJH6, STM32U595AJH6Q, STM32U595QII6, STM32U595QII6Q, STM32U595QJI6, STM32U595QJI6Q, STM32U595RIT6, STM32U595RIT6Q, STM32U595RJT6, STM32U595RJT6Q, STM32U595VIT6, STM32U595VIT6Q, STM32U595VJT6, STM32U595VJT6Q, STM32U595ZIT6, STM32U595ZIT6Q, STM32U595ZIY6QTR, STM32U595ZJT6, STM32U595ZJT6Q, STM32U595ZJY6QTR, STM32U599BJY6QTR, STM32U599NIH6Q, STM32U599NJH6Q, STM32U599VIT6Q, STM32U599VJT6, STM32U599VJT6Q, STM32U599ZIT6Q, STM32U599ZIY6QTR, STM32U599ZJT6Q, STM32U599ZJY6QTR, STM32U5A5AJH6, STM32U5A5AJH6Q, STM32U5A5QJI6, STM32U5A5QJI6Q, STM32U5A5RJT6, STM32U5A5RJT6Q, STM32U5A5VJT6, STM32U5A5VJT6Q, STM32U5A5ZJT6, STM32U5A5ZJT6Q, STM32U5A5ZJY6QTR, STM32U5A9BJY6QTR, STM32U5A9J-DK, STM32U5A9NJH6Q, STM32U5A9VJT6Q, STM32U5A9ZJT6Q, STM32U5A9ZJY6QTR, STM32U5F7VIT6, STM32U5F7VIT6Q, STM32U5F7VJT6, STM32U5F7VJT6Q, STM32U5F9BJY6QTR, STM32U5F9NJH6Q, STM32U5F9VIT6Q, STM32U5F9VJT6Q, STM32U5F9ZIJ6QTR, STM32U5F9ZIT6Q, STM32U5F9ZJJ6QTR, STM32U5F9ZJT6Q, STM32U5G7VJT6, STM32U5G7VJT6Q, STM32U5G9BJY6QTR, STM32U5G9J-DK1, STM32U5G9J-DK2, STM32U5G9NJH6Q, STM32U5G9VJT6Q, STM32U5G9ZJJ6QTR, STM32U5G9ZJT6Q, STM32WB1MMCH6, STM32WBA52CEU6, STM32WBA52CEU6T, STM32WBA52CGU6, STM32WBA52CGU6T, STM32WBA52KEU6, STM32WBA52KEU6T, STM32WBA52KGU6, STM32WBA52KGU6T, STM32WL5MOCH6, STM32WL5MOCH6TR]
2024-05-06 11:45:29,781 [INFO] DbMcus:217 - Found 4073 MCUs, 4073 are supported
2024-05-06 11:45:29,781 [INFO] ApiDb:423 - Load user favorites file C:\Users\jesus/.stm32cubeide/favorites.mcus.txt: 0 item(s)
2024-05-06 11:45:29,781 [INFO] ApiDb:427 - User favorites MCUs=[]
2024-05-06 11:45:29,781 [INFO] DbMcus:223 - Set 0 / 0 favorites MCUs
2024-05-06 11:45:30,221 [INFO] ServerAccessManage:473 - Download File 
2024-05-06 11:45:30,234 [INFO] LoadUrlFilesThread:185 - End of LoadServerUrlFiles without Thread
2024-05-06 11:45:30,234 [INFO] TargetSelectorAdapter:259 - Refresh data is successful
2024-05-06 11:45:30,237 [INFO] ApiDb:668 - CubeFinder database Data Model version=2.1
2024-05-06 11:45:30,238 [INFO] ApiDb:669 - CubeFinder database Configuration version=3.0.39
2024-05-06 11:45:30,238 [INFO] ApiDb:670 - CubeFinder database generation date=2024-04-15 (1713193726)
2024-05-06 11:45:30,238 [INFO] ApiDb:671 - CubeFinder database FW Pack versions=[FP-ATR-ASTRA1_V2.0.0, FP-SNS-FLIGHT1_V5.0.1, FP-SNS-FLIGHT1_V5.0.2, FP-SNS-MOTENV1_V4.3.1, FP-SNS-MOTENV1_V4.3.2, FP-SNS-MOTENVWB1_V1.3.1, FP-SNS-SMARTAG2_V1.2.0, STM32Cube_FW_C0_V1.1.0, STM32Cube_FW_F4_V1.28.0, STM32Cube_FW_F7_V1.17.0, STM32Cube_FW_G0_V1.6.2, STM32Cube_FW_G4_V1.5.2, STM32Cube_FW_H5_V0.5.1, STM32Cube_FW_H5_V1.1.1, STM32Cube_FW_H5_V1.2.0, STM32Cube_FW_H5_V1.2.0RC4, STM32Cube_FW_H7RS_V1.0.0, STM32Cube_FW_H7RS_V1.0.0RC4, STM32Cube_FW_H7_V1.11.0, STM32Cube_FW_L0_V1.12.2, STM32Cube_FW_L5_V1.5.1, STM32Cube_FW_U0_V1.0.0, STM32Cube_FW_U0_V1.0.0RC1, STM32Cube_FW_U5_V1.3.0RC4, STM32Cube_FW_U5_V1.5.0, STM32Cube_FW_U5_V1.5.0RC1, STM32Cube_FW_WBA_V1.0.0RC1, STM32Cube_FW_WBA_V1.2.0, STM32Cube_FW_WBA_V1.2.0RC2, STM32Cube_FW_WBA_V1.3.0, STM32Cube_FW_WBA_V1.3.0RC1, STM32Cube_FW_WB_V1.15.0RC1, STM32Cube_FW_WB_V1.16.0, STM32Cube_FW_WB_V1.16.0RC2, STM32Cube_FW_WB_V1.18.0, STM32Cube_FW_WB_V1.19.0, STM32Cube_FW_WL_V1.3.0, X-CUBE-ALGOBUILD_V1.3.0, X-CUBE-ALS_V1.0.1, X-CUBE-AZRTOS-F4_V1.1.0, X-CUBE-AZRTOS-F7_V1.1.0, X-CUBE-AZRTOS-G0_V1.1.0, X-CUBE-AZRTOS-G4_V2.0.0, X-CUBE-AZRTOS-H7_V3.2.0, X-CUBE-AZRTOS-L4_V1.0.0, X-CUBE-AZRTOS-L4_V2.0.0, X-CUBE-AZRTOS-L5_V1.1.0, X-CUBE-AZRTOS-WB_V2.0.0, X-CUBE-AZRTOS-WL_V2.0.0, X-CUBE-BLE1_V7.0.0, X-CUBE-BLE2_V3.3.0, X-CUBE-BLEMGR_V3.1.0, X-CUBE-EEPRMA1_V4.1.0, X-CUBE-EEPRMA1_V5.1.0, X-CUBE-FREERTOS_V1.1.0, X-CUBE-GNSS1_V6.0.0, X-CUBE-MEMS1_V10.0.0, X-CUBE-MEMS1_V9.1.0, X-CUBE-MEMS1_V9.4.0, X-CUBE-MEMS1_V9.6.0, X-CUBE-NFC4_V3.0.0, X-CUBE-NFC7_V1.0.1, X-CUBE-SFXS2LP1_V4.0.0, X-CUBE-SUBG2_V5.0.0, X-CUBE-TOF1_V3.4.0]
2024-05-06 11:45:30,305 [INFO] DbBoardsSqlite:226 - include board P-NUCLEO-WB55-NUCLEO as a kit item of type 'Nucleo-64'
2024-05-06 11:45:30,306 [INFO] DbBoardsSqlite:226 - include board P-NUCLEO-WB55-USBDONGLE as a kit item of type 'Nucleo USB Dongle'
2024-05-06 11:45:30,306 [INFO] DbBoardsSqlite:226 - include board STEVAL-IDP005V1 as a kit item of type 'Evaluation Board'
2024-05-06 11:45:30,306 [INFO] DbBoardsSqlite:226 - include board STEVAL-IDP005V2 as a kit item of type 'Evaluation Board'
2024-05-06 11:45:30,370 [INFO] ApiDb:240 - Found 323 in-development CPN: [B-G473E-ZEST1S, B-WB1M-WPAN1, B-WL5M-SUBG1, NUCLEO-C031C6, NUCLEO-H503RB, NUCLEO-H563ZI, NUCLEO-U545RE-Q, NUCLEO-U5A5ZJ-Q, NUCLEO-WBA52CG, STEVAL-PROTEUS1, STEVAL-SMARTAG2, STEVAL-STWINBX1, STM320518-EVAL, STM32C0116-DK, STM32C011D6Y3TR, STM32C011D6Y6TR, STM32C011F4P3, STM32C011F4P6, STM32C011F4U3, STM32C011F4U6TR, STM32C011F6P3, STM32C011F6P6, STM32C011F6U3, STM32C011F6U6TR, STM32C011J4M3, STM32C011J4M6, STM32C011J6M3, STM32C011J6M6, STM32C0316-DK, STM32C031C4T3, STM32C031C4T6, STM32C031C4U3, STM32C031C4U6, STM32C031C6T3, STM32C031C6T6, STM32C031C6U3, STM32C031C6U6, STM32C031F4P3, STM32C031F4P6, STM32C031F6P3, STM32C031F6P6, STM32C031G4U3, STM32C031G4U6, STM32C031G6U3, STM32C031G6U6, STM32C031K4T3, STM32C031K4T6, STM32C031K4U3, STM32C031K4U6, STM32C031K6T3, STM32C031K6T6, STM32C031K6U3, STM32C031K6U6, STM32G071K8TXN, STM32G071K8UXN, STM32G081GBU6N, STM32G081KBT6N, STM32G081KBUXN, STM32G0B1CCT6N, STM32G0B1KCT6, STM32G0B1NEY6TR, STM32G0B1RCT6N, STM32G0C1CCT6, STM32G0C1CCT6N, STM32G0C1CCU6N, STM32G0C1CET6N, STM32G0C1CEU6N, STM32G0C1KCT6, STM32G0C1NEY6TR, STM32G0C1RCI6N, STM32G0C1RCT6N, STM32G0C1REI6N, STM32G0C1RET6N, STM32G0C1VCI6, STM32G0C1VEI6, STM32G471CCT6, STM32G471CCU6, STM32G471CET3, STM32G471CET6, STM32G471CEU3, STM32G471CEU6, STM32G471MCT6, STM32G471MET3, STM32G471MET6, STM32G471MEY6TR, STM32G471QCT6, STM32G471QET3, STM32G471RCT6, STM32G471RET3, STM32G471RET6, STM32G471VCH6, STM32G471VCI6, STM32G471VCT6, STM32G471VEH3, STM32G471VEH6, STM32G471VEI3, STM32G471VEI6, STM32G471VET3, STM32G471VET6, STM32G474CCT6, STM32H503CBT6, STM32H503CBU6, STM32H503EBY6TR, STM32H503KBU6, STM32H503RBT6, STM32H562AGI6, STM32H562AII6, STM32H562IGK6, STM32H562IGT6, STM32H562IIK6, STM32H562IIT6, STM32H562RGT6, STM32H562RGV6, STM32H562RIT6, STM32H562RIV6, STM32H562VGT6, STM32H562VIT6, STM32H562ZGT6, STM32H562ZIT6, STM32H563AGI6, STM32H563AII3Q, STM32H563AII6, STM32H563IGK6, STM32H563IGT6, STM32H563IIK3Q, STM32H563IIK6, STM32H563IIT3Q, STM32H563IIT6, STM32H563MIY3QTR, STM32H563RGT6, STM32H563RGV6, STM32H563RIT6, STM32H563RIV6, STM32H563VGT6, STM32H563VIT3Q, STM32H563VIT6, STM32H563ZGT6, STM32H563ZIT3Q, STM32H563ZIT6, STM32H573AII3Q, STM32H573AII6, STM32H573I-DK, STM32H573IIK3Q, STM32H573IIK6, STM32H573IIT3Q, STM32H573IIT6, STM32H573MIY3QTR, STM32H573RIT6, STM32H573RIV6, STM32H573VIT3Q, STM32H573VIT6, STM32H573ZIT3Q, STM32H573ZIT6, STM32L4R5QGI6STR, STM32MP131AAE3, STM32MP131AAF3, STM32MP131AAG3, STM32MP131CAE3, STM32MP131CAF3, STM32MP131CAG3, STM32MP131DAE7, STM32MP131DAF7, STM32MP131DAG7, STM32MP131FAE7, STM32MP131FAF7, STM32MP131FAG7, STM32MP133AAE3, STM32MP133AAF3, STM32MP133AAG3, STM32MP133CAE3, STM32MP133CAF3, STM32MP133CAG3, STM32MP133DAE7, STM32MP133DAF7, STM32MP133DAG7, STM32MP133FAE7, STM32MP133FAF7, STM32MP133FAG7, STM32MP135AAE3, STM32MP135AAF3, STM32MP135AAG3, STM32MP135CAE3, STM32MP135CAF3, STM32MP135CAG3, STM32MP135DAE7, STM32MP135DAF7, STM32MP135DAG7, STM32MP135F-DK, STM32MP135FAE7, STM32MP135FAF7, STM32MP135FAF7T, STM32MP135FAF7U, STM32MP135FAG7, STM32U535CBT6, STM32U535CBT6Q, STM32U535CBU6, STM32U535CBU6Q, STM32U535CCT6, STM32U535CCT6Q, STM32U535CCU6, STM32U535CCU6Q, STM32U535CET6, STM32U535CET6Q, STM32U535CEU6, STM32U535CEU6Q, STM32U535JEY6QTR, STM32U535NCY6QTR, STM32U535NEY6QTR, STM32U535RBI6, STM32U535RBI6Q, STM32U535RBT6, STM32U535RBT6Q, STM32U535RCI6, STM32U535RCI6Q, STM32U535RCT6, STM32U535RCT6Q, STM32U535REI6, STM32U535REI6Q, STM32U535RET6, STM32U535RET6Q, STM32U535VCI6, STM32U535VCI6Q, STM32U535VCT6, STM32U535VCT6Q, STM32U535VEI6, STM32U535VEI6Q, STM32U535VET6, STM32U535VET6Q, STM32U545CET6, STM32U545CET6Q, STM32U545CEU6, STM32U545CEU6Q, STM32U545JEY6QTR, STM32U545NEY6QTR, STM32U545REI6, STM32U545REI6Q, STM32U545RET6, STM32U545RET6Q, STM32U545VEI6, STM32U545VEI6Q, STM32U545VET6, STM32U545VET6Q, STM32U595AIH6, STM32U595AIH6Q, STM32U595AJH6, STM32U595AJH6Q, STM32U595QII6, STM32U595QII6Q, STM32U595QJI6, STM32U595QJI6Q, STM32U595RIT6, STM32U595RIT6Q, STM32U595RJT6, STM32U595RJT6Q, STM32U595VIT6, STM32U595VIT6Q, STM32U595VJT6, STM32U595VJT6Q, STM32U595ZIT6, STM32U595ZIT6Q, STM32U595ZIY6QTR, STM32U595ZJT6, STM32U595ZJT6Q, STM32U595ZJY6QTR, STM32U599BJY6QTR, STM32U599NIH6Q, STM32U599NJH6Q, STM32U599VIT6Q, STM32U599VJT6, STM32U599VJT6Q, STM32U599ZIT6Q, STM32U599ZIY6QTR, STM32U599ZJT6Q, STM32U599ZJY6QTR, STM32U5A5AJH6, STM32U5A5AJH6Q, STM32U5A5QJI6, STM32U5A5QJI6Q, STM32U5A5RJT6, STM32U5A5RJT6Q, STM32U5A5VJT6, STM32U5A5VJT6Q, STM32U5A5ZJT6, STM32U5A5ZJT6Q, STM32U5A5ZJY6QTR, STM32U5A9BJY6QTR, STM32U5A9J-DK, STM32U5A9NJH6Q, STM32U5A9VJT6Q, STM32U5A9ZJT6Q, STM32U5A9ZJY6QTR, STM32U5F7VIT6, STM32U5F7VIT6Q, STM32U5F7VJT6, STM32U5F7VJT6Q, STM32U5F9BJY6QTR, STM32U5F9NJH6Q, STM32U5F9VIT6Q, STM32U5F9VJT6Q, STM32U5F9ZIJ6QTR, STM32U5F9ZIT6Q, STM32U5F9ZJJ6QTR, STM32U5F9ZJT6Q, STM32U5G7VJT6, STM32U5G7VJT6Q, STM32U5G9BJY6QTR, STM32U5G9J-DK1, STM32U5G9J-DK2, STM32U5G9NJH6Q, STM32U5G9VJT6Q, STM32U5G9ZJJ6QTR, STM32U5G9ZJT6Q, STM32WB1MMCH6, STM32WBA52CEU6, STM32WBA52CEU6T, STM32WBA52CGU6, STM32WBA52CGU6T, STM32WBA52KEU6, STM32WBA52KEU6T, STM32WBA52KGU6, STM32WBA52KGU6T, STM32WL5MOCH6, STM32WL5MOCH6TR]
2024-05-06 11:45:30,459 [INFO] BoardInfo:880 - No configuration file found for board NUCLEO-H533RE
2024-05-06 11:45:30,459 [INFO] DbBoards:157 - Board is not supported: NUCLEO-H533RE
2024-05-06 11:45:30,470 [INFO] BoardInfo:880 - No configuration file found for board NUCLEO-H7S3L8
2024-05-06 11:45:30,470 [INFO] DbBoards:157 - Board is not supported: NUCLEO-H7S3L8
2024-05-06 11:45:30,493 [INFO] BoardInfo:880 - No configuration file found for board NUCLEO-U031R8
2024-05-06 11:45:30,493 [INFO] DbBoards:157 - Board is not supported: NUCLEO-U031R8
2024-05-06 11:45:30,495 [INFO] BoardInfo:880 - No configuration file found for board NUCLEO-U083RC
2024-05-06 11:45:30,495 [INFO] DbBoards:157 - Board is not supported: NUCLEO-U083RC
2024-05-06 11:45:30,502 [INFO] BoardInfo:880 - No configuration file found for board NUCLEO-WBA55CG
2024-05-06 11:45:30,502 [INFO] DbBoards:157 - Board is not supported: NUCLEO-WBA55CG
2024-05-06 11:45:30,507 [INFO] BoardInfo:880 - No configuration file found for board P-NUCLEO-WB55
2024-05-06 11:45:30,507 [INFO] DbBoards:157 - Kit is not supported: P-NUCLEO-WB55
2024-05-06 11:45:30,511 [INFO] BoardInfo:880 - No configuration file found for board STEVAL-BFA001V1B
2024-05-06 11:45:30,511 [INFO] DbBoards:157 - Kit is not supported: STEVAL-BFA001V1B
2024-05-06 11:45:30,512 [INFO] BoardInfo:880 - No configuration file found for board STEVAL-BFA001V2B
2024-05-06 11:45:30,512 [INFO] DbBoards:157 - Kit is not supported: STEVAL-BFA001V2B
2024-05-06 11:45:30,516 [INFO] BoardInfo:880 - No configuration file found for board STEVAL-MKBOXPRO
2024-05-06 11:45:30,516 [INFO] DbBoards:157 - Board is not supported: STEVAL-MKBOXPRO
2024-05-06 11:45:30,588 [INFO] BoardInfo:880 - No configuration file found for board STM32H7S78-DK
2024-05-06 11:45:30,588 [INFO] DbBoards:157 - Board is not supported: STM32H7S78-DK
2024-05-06 11:45:30,612 [INFO] BoardInfo:880 - No configuration file found for board STM32U083C-DK
2024-05-06 11:45:30,612 [INFO] DbBoards:157 - Board is not supported: STM32U083C-DK
2024-05-06 11:45:30,619 [INFO] BoardInfo:880 - No configuration file found for board STM32WBA55G-DK1
2024-05-06 11:45:30,619 [INFO] DbBoards:157 - Board is not supported: STM32WBA55G-DK1
2024-05-06 11:45:30,620 [INFO] DbBoards:161 - Found 199 boards, 187 are supported
2024-05-06 11:45:30,625 [INFO] ApiDb:423 - Load user favorites file C:\Users\jesus/.stm32cubeide/favorites.boards.txt: 1 item(s)
2024-05-06 11:45:30,626 [INFO] ApiDb:427 - User favorites Boards=[B-L475E-IOT01A2]
2024-05-06 11:45:30,626 [INFO] DbBoards:190 - Set 1 / 1 favorites Boards
2024-05-06 11:45:30,630 [INFO] ApiDb:668 - CubeFinder database Data Model version=2.1
2024-05-06 11:45:30,630 [INFO] ApiDb:669 - CubeFinder database Configuration version=3.0.39
2024-05-06 11:45:30,630 [INFO] ApiDb:670 - CubeFinder database generation date=2024-04-15 (1713193726)
2024-05-06 11:45:30,630 [INFO] ApiDb:671 - CubeFinder database FW Pack versions=[FP-ATR-ASTRA1_V2.0.0, FP-SNS-FLIGHT1_V5.0.1, FP-SNS-FLIGHT1_V5.0.2, FP-SNS-MOTENV1_V4.3.1, FP-SNS-MOTENV1_V4.3.2, FP-SNS-MOTENVWB1_V1.3.1, FP-SNS-SMARTAG2_V1.2.0, STM32Cube_FW_C0_V1.1.0, STM32Cube_FW_F4_V1.28.0, STM32Cube_FW_F7_V1.17.0, STM32Cube_FW_G0_V1.6.2, STM32Cube_FW_G4_V1.5.2, STM32Cube_FW_H5_V0.5.1, STM32Cube_FW_H5_V1.1.1, STM32Cube_FW_H5_V1.2.0, STM32Cube_FW_H5_V1.2.0RC4, STM32Cube_FW_H7RS_V1.0.0, STM32Cube_FW_H7RS_V1.0.0RC4, STM32Cube_FW_H7_V1.11.0, STM32Cube_FW_L0_V1.12.2, STM32Cube_FW_L5_V1.5.1, STM32Cube_FW_U0_V1.0.0, STM32Cube_FW_U0_V1.0.0RC1, STM32Cube_FW_U5_V1.3.0RC4, STM32Cube_FW_U5_V1.5.0, STM32Cube_FW_U5_V1.5.0RC1, STM32Cube_FW_WBA_V1.0.0RC1, STM32Cube_FW_WBA_V1.2.0, STM32Cube_FW_WBA_V1.2.0RC2, STM32Cube_FW_WBA_V1.3.0, STM32Cube_FW_WBA_V1.3.0RC1, STM32Cube_FW_WB_V1.15.0RC1, STM32Cube_FW_WB_V1.16.0, STM32Cube_FW_WB_V1.16.0RC2, STM32Cube_FW_WB_V1.18.0, STM32Cube_FW_WB_V1.19.0, STM32Cube_FW_WL_V1.3.0, X-CUBE-ALGOBUILD_V1.3.0, X-CUBE-ALS_V1.0.1, X-CUBE-AZRTOS-F4_V1.1.0, X-CUBE-AZRTOS-F7_V1.1.0, X-CUBE-AZRTOS-G0_V1.1.0, X-CUBE-AZRTOS-G4_V2.0.0, X-CUBE-AZRTOS-H7_V3.2.0, X-CUBE-AZRTOS-L4_V1.0.0, X-CUBE-AZRTOS-L4_V2.0.0, X-CUBE-AZRTOS-L5_V1.1.0, X-CUBE-AZRTOS-WB_V2.0.0, X-CUBE-AZRTOS-WL_V2.0.0, X-CUBE-BLE1_V7.0.0, X-CUBE-BLE2_V3.3.0, X-CUBE-BLEMGR_V3.1.0, X-CUBE-EEPRMA1_V4.1.0, X-CUBE-EEPRMA1_V5.1.0, X-CUBE-FREERTOS_V1.1.0, X-CUBE-GNSS1_V6.0.0, X-CUBE-MEMS1_V10.0.0, X-CUBE-MEMS1_V9.1.0, X-CUBE-MEMS1_V9.4.0, X-CUBE-MEMS1_V9.6.0, X-CUBE-NFC4_V3.0.0, X-CUBE-NFC7_V1.0.1, X-CUBE-SFXS2LP1_V4.0.0, X-CUBE-SUBG2_V5.0.0, X-CUBE-TOF1_V3.4.0]
2024-05-06 11:45:31,407 [ERROR] DbExamplesSqlite:437 - Missing JSON key: board_cpn
2024-05-06 11:45:31,407 [ERROR] DbExamplesSqlite:437 - Missing JSON key: board_cpn
2024-05-06 11:45:31,407 [ERROR] DbExamplesSqlite:437 - Missing JSON key: board_cpn
2024-05-06 11:45:31,407 [ERROR] DbExamplesSqlite:437 - Missing JSON key: board_cpn
2024-05-06 11:45:31,541 [INFO] DbExamplesSqlite:395 - Ignored 60 examples not supported by CubeIDE
2024-05-06 11:45:31,541 [INFO] DbExamplesSqlite:396 - Found 8152 examples active
2024-05-06 11:45:31,541 [INFO] DbExamplesSqlite:397 - Found 871 examples obsolete
2024-05-06 11:45:31,541 [INFO] DbExamplesSqlite:398 - Found 0 examples under development
2024-05-06 11:45:31,541 [INFO] DbExamplesSqlite:399 - Found 10 examples not building
2024-05-06 11:45:31,543 [INFO] DbExamples:125 - Found 8102 examples
2024-05-06 11:45:31,556 [INFO] DbExamples:222 - Found 101 boards with related examples
2024-05-06 11:45:31,557 [INFO] DbExamples:235 - Found 86 MCUs with related examples
2024-05-06 11:45:31,574 [INFO] ApiDb:414 - User favorites file not found: C:\Users\jesus/.stm32cubeide/favorites.examples.txt
2024-05-06 11:45:31,575 [INFO] DbExamples:250 - Set 0 / 0 favorites Examples
2024-05-06 11:45:31,889 [INFO] McuFinderGlobals:76 - Set McuFinderConnectedMode to true
2024-05-06 11:45:31,903 [INFO] MultiScanPanel:200 - Auto-refresh data requested => check proxy status ongoing
2024-05-06 11:45:31,907 [INFO] FinderPluginLoader:95 - Searching for filters in installed packs
2024-05-06 11:45:33,253 [INFO] LoadUrlFilesThread:185 - End of LoadServerUrlFiles without Thread
2024-05-06 11:45:33,299 [INFO] DetailPanel:341 - Set advertising image to C:/Users/jesus/STM32Cube/Repository/\en.prom-stm32h7rs-mcu-finder.png
2024-05-06 11:50:18,705 [INFO] MultiScanPanel:200 - Auto-refresh data requested => check proxy status ongoing
2024-05-06 11:50:18,868 [INFO] LoadUrlFilesThread:185 - End of LoadServerUrlFiles without Thread
2024-05-06 11:50:18,868 [INFO] DetailPanel:341 - Set advertising image to C:/Users/jesus/STM32Cube/Repository/\en.prom-stm32h7rs-mcu-finder.png
2024-05-06 11:50:18,884 [INFO] DbBoards:634 - Loading board mini-images...
2024-05-06 11:50:20,821 [INFO] DbBoards:657 - Loaded 199 board mini-images
2024-05-06 11:50:56,982 [INFO] MainUpdater:2868 - connection check result : 10
2024-05-06 11:50:56,982 [INFO] MainUpdater:2868 - connection check result : 10
2024-05-06 11:50:57,208 [INFO] I2cTimingTraitement:330 - 0x10909CEC
2024-05-06 11:50:57,277 [INFO] MicroXplorer:468 - Change Database Path : 
2024-05-06 11:50:57,278 [INFO] MicroXplorer:498 - Change Database Version : DB.6.0.90
2024-05-06 11:50:57,313 [WARN] ThirdParty:871 - waiting for thirdparty lock release [close project]
2024-05-06 11:50:57,313 [INFO] ThirdParty:873 - entering critical section [close project]
2024-05-06 11:50:57,314 [INFO] ThirdParty:883 - exiting critical section [close project]
2024-05-06 11:50:57,315 [INFO] PinOutPanel:1499 - setPackage(No Configuration,No Configuration)
2024-05-06 11:50:57,341 [INFO] UtilMem:75 - Begin LoadConfig() Used Memory: 926469248 Bytes (1073741824)
2024-05-06 11:50:57,342 [INFO] OpenFileManager:308 - Change cursor
2024-05-06 11:50:57,366 [INFO] ProjectFactory:402 - No CPN specified for board B-L475E-IOT01A2 => set CPN to STM32L475VGT6
2024-05-06 11:50:57,367 [INFO] Mcu:1946 - Initializing MCU STM32L475V(C-E-G)Tx STM32L475VGTx STM32L475VGT6
2024-05-06 11:50:59,328 [INFO] Context:659 - Trying to add GPIOservice into a context  which must be forbidden
2024-05-06 11:50:59,778 [INFO] Rule:228 - rule 117617 - U5Cobra4M][GTZC] default value MPCBB3 and MPCBB5 - Not Secured memory - MPCBB1 is applicable
2024-05-06 11:50:59,778 [INFO] Rule:228 - rule 117617 - U5Cobra4M][GTZC] default value MPCBB3 and MPCBB5 - Not Secured memory - MPCBB1 is applicable
2024-05-06 11:50:59,778 [INFO] Rule:228 - rule 117617 - U5Cobra4M][GTZC] default value MPCBB3 and MPCBB5 - Not Secured memory - MPCBB2 is applicable
2024-05-06 11:50:59,778 [INFO] Rule:228 - rule 117617 - U5Cobra4M][GTZC] default value MPCBB3 and MPCBB5 - Not Secured memory - MPCBB2 is applicable
2024-05-06 11:50:59,778 [INFO] Rule:228 - rule 117617 - U5Cobra4M][GTZC] default value MPCBB3 and MPCBB5 - Not Secured memory - MPCBB3 is applicable
2024-05-06 11:50:59,779 [INFO] Rule:228 - rule 117617 - U5Cobra4M][GTZC] default value MPCBB3 and MPCBB5 - Not Secured memory - MPCBB3 is applicable
2024-05-06 11:50:59,779 [INFO] Rule:228 - rule 117617 - U5Cobra4M][GTZC] default value MPCBB3 and MPCBB5 - Not Secured memory - MPCBB4 is applicable
2024-05-06 11:50:59,779 [INFO] Rule:228 - rule 117617 - U5Cobra4M][GTZC] default value MPCBB3 and MPCBB5 - Not Secured memory - MPCBB4 is applicable
2024-05-06 11:50:59,779 [INFO] Rule:228 - rule 117617 - U5Cobra4M][GTZC] default value MPCBB3 and MPCBB5 - Secured memory - MPCBB1 is applicable
2024-05-06 11:50:59,779 [INFO] Rule:228 - rule 117617 - U5Cobra4M][GTZC] default value MPCBB3 and MPCBB5 - Secured memory - MPCBB2 is applicable
2024-05-06 11:50:59,779 [INFO] Rule:228 - rule 117617 - U5Cobra4M][GTZC] default value MPCBB3 and MPCBB5 - Secured memory - MPCBB3 is applicable
2024-05-06 11:50:59,779 [INFO] Rule:228 - rule 117617 - U5Cobra4M][GTZC] default value MPCBB3 and MPCBB5 - Secured memory - MPCBB4 is applicable
2024-05-06 11:50:59,779 [INFO] Rule:228 - rule 117617 - U5Cobra4M][GTZC] default value MPCBB3 and MPCBB5 - Privileged memory - MPCBB1 is applicable
2024-05-06 11:50:59,779 [INFO] Rule:228 - rule 117617 - U5Cobra4M][GTZC] default value MPCBB3 and MPCBB5 - Privileged memory - MPCBB2 is applicable
2024-05-06 11:50:59,779 [INFO] Rule:228 - rule 117617 - U5Cobra4M][GTZC] default value MPCBB3 and MPCBB5 - Privileged memory - MPCBB3 is applicable
2024-05-06 11:50:59,779 [INFO] Rule:228 - rule 117617 - U5Cobra4M][GTZC] default value MPCBB3 and MPCBB5 - Privileged memory - MPCBB4 is applicable
2024-05-06 11:50:59,779 [INFO] Rule:228 - rule 117617 - U5Cobra4M][GTZC] default value MPCBB3 and MPCBB5 - Not Privileged memory - MPCBB1 is applicable
2024-05-06 11:50:59,779 [INFO] Rule:228 - rule 117617 - U5Cobra4M][GTZC] default value MPCBB3 and MPCBB5 - Not Privileged memory - MPCBB2 is applicable
2024-05-06 11:50:59,779 [INFO] Rule:228 - rule 117617 - U5Cobra4M][GTZC] default value MPCBB3 and MPCBB5 - Not Privileged memory - MPCBB3 is applicable
2024-05-06 11:50:59,779 [INFO] Rule:228 - rule 117617 - U5Cobra4M][GTZC] default value MPCBB3 and MPCBB5 - Not Privileged memory - MPCBB4 is applicable
2024-05-06 11:50:59,779 [INFO] Rule:228 - rule 117617 - U5Cobra4M][GTZC] default value MPCBB3 and MPCBB5 - Privileged memory - MPCBB1 is applicable
2024-05-06 11:50:59,779 [INFO] Rule:228 - rule 117617 - U5Cobra4M][GTZC] default value MPCBB3 and MPCBB5 - Privileged memory - MPCBB2 is applicable
2024-05-06 11:50:59,779 [INFO] Rule:228 - rule 117617 - U5Cobra4M][GTZC] default value MPCBB3 and MPCBB5 - Privileged memory - MPCBB3 is applicable
2024-05-06 11:50:59,779 [INFO] Rule:228 - rule 117617 - U5Cobra4M][GTZC] default value MPCBB3 and MPCBB5 - Privileged memory - MPCBB4 is applicable
2024-05-06 11:50:59,780 [INFO] Rule:228 - rule 117617 - U5Cobra4M][GTZC] default value MPCBB3 and MPCBB5 - Privileged memory - MPCBB1 is applicable
2024-05-06 11:50:59,780 [INFO] Rule:228 - rule 117617 - U5Cobra4M][GTZC] default value MPCBB3 and MPCBB5 - Privileged memory - MPCBB2 is applicable
2024-05-06 11:50:59,780 [INFO] Rule:228 - rule 117617 - U5Cobra4M][GTZC] default value MPCBB3 and MPCBB5 - Privileged memory - MPCBB3 is applicable
2024-05-06 11:50:59,780 [INFO] Rule:228 - rule 117617 - U5Cobra4M][GTZC] default value MPCBB3 and MPCBB5 - Privileged memory - MPCBB4 is applicable
2024-05-06 11:50:59,780 [INFO] Rule:228 - rule 117617 - U5Cobra4M][GTZC] default value MPCBB3 and MPCBB5 - Not Privileged memory - MPCBB1 is applicable
2024-05-06 11:50:59,780 [INFO] Rule:228 - rule 117617 - U5Cobra4M][GTZC] default value MPCBB3 and MPCBB5 - Not Privileged memory - MPCBB2 is applicable
2024-05-06 11:50:59,780 [INFO] Rule:228 - rule 117617 - U5Cobra4M][GTZC] default value MPCBB3 and MPCBB5 - Not Privileged memory - MPCBB3 is applicable
2024-05-06 11:50:59,780 [INFO] Rule:228 - rule 117617 - U5Cobra4M][GTZC] default value MPCBB3 and MPCBB5 - Not Privileged memory - MPCBB4 is applicable
2024-05-06 11:50:59,780 [INFO] Rule:228 - rule 117617 - U5Cobra4M][GTZC] default value MPCBB3 and MPCBB5 - Privileged memory - MPCBB1 is applicable
2024-05-06 11:50:59,780 [INFO] Rule:228 - rule 117617 - U5Cobra4M][GTZC] default value MPCBB3 and MPCBB5 - Privileged memory - MPCBB2 is applicable
2024-05-06 11:50:59,780 [INFO] Rule:228 - rule 117617 - U5Cobra4M][GTZC] default value MPCBB3 and MPCBB5 - Privileged memory - MPCBB3 is applicable
2024-05-06 11:50:59,780 [INFO] Rule:228 - rule 117617 - U5Cobra4M][GTZC] default value MPCBB3 and MPCBB5 - Privileged memory - MPCBB4 is applicable
2024-05-06 11:50:59,780 [INFO] Rule:228 - rule Rename SubGHz_Phy SUBGHZ_APPLICATION SUBGHZ_PINGPONG to SUBGHZ_ADV_APPLICATION is applicable
2024-05-06 11:50:59,780 [INFO] Rule:228 - rule Rename Enabled to IBEACON is applicable
2024-05-06 11:50:59,780 [INFO] Rule:228 - rule GTZC_S instance for project manager is applicable
2024-05-06 11:50:59,780 [INFO] Rule:228 - rule GTZC_S instance for context M33S is applicable
2024-05-06 11:50:59,780 [INFO] Rule:228 - rule GTZC_S instance value for IP GTZC is applicable
2024-05-06 11:50:59,780 [INFO] Rule:228 - rule GTZC_S instance for mcu.IP is applicable
2024-05-06 11:50:59,781 [INFO] Rule:228 - rule GTZC_S instance for VP is applicable
2024-05-06 11:50:59,781 [INFO] Rule:228 - rule GTZC_S instance for signal is applicable
2024-05-06 11:50:59,781 [INFO] Rule:228 - rule GTZC_S instance for mcu.Pin is applicable
2024-05-06 11:50:59,781 [INFO] Rule:228 - rule GTZC_S instance for VP is applicable
2024-05-06 11:50:59,781 [INFO] Rule:228 - rule GTZC_S instance for signal is applicable
2024-05-06 11:50:59,781 [INFO] Rule:228 - rule GTZC_S instance for mcu is applicable
2024-05-06 11:50:59,781 [INFO] Rule:228 - rule GTZC_S instance for mcu.Pin is applicable
2024-05-06 11:50:59,781 [INFO] Rule:228 - rule GTZC_S instance value for IP GTZC is applicable
2024-05-06 11:50:59,781 [INFO] Rule:228 - rule GTZC_S instance for project manager is applicable
2024-05-06 11:50:59,781 [INFO] Rule:228 - rule GTZC_S instance for context M33S is applicable
2024-05-06 11:50:59,781 [INFO] Rule:228 - rule GTZC_S instance for VP is applicable
2024-05-06 11:50:59,781 [INFO] Rule:228 - rule GTZC_S instance for signal is applicable
2024-05-06 11:50:59,781 [INFO] Rule:228 - rule Rename Tracer Mode is applicable
2024-05-06 11:50:59,781 [INFO] Rule:228 - rule ADC Scan  fix with FW F7 is applicable
2024-05-06 11:50:59,781 [INFO] Rule:228 - rule ADC Scan  fix with FW F7 is applicable
2024-05-06 11:50:59,781 [INFO] Rule:228 - rule WakeUp0 Mode is applicable
2024-05-06 11:50:59,781 [INFO] Rule:228 - rule WakeUp0 SIGNAL is applicable
2024-05-06 11:50:59,781 [INFO] Rule:228 - rule WakeUp1 Mode is applicable
2024-05-06 11:50:59,782 [INFO] Rule:228 - rule WakeUp1 SIGNAL is applicable
2024-05-06 11:50:59,782 [INFO] Rule:228 - rule WakeUp2 Mode is applicable
2024-05-06 11:50:59,782 [INFO] Rule:228 - rule WakeUp2 SIGNAL is applicable
2024-05-06 11:50:59,782 [INFO] Rule:228 - rule WakeUp4 Mode is applicable
2024-05-06 11:50:59,782 [INFO] Rule:228 - rule WakeUp4 SIGNAL is applicable
2024-05-06 11:50:59,782 [INFO] Rule:228 - rule WakeUp5 Mode is applicable
2024-05-06 11:50:59,782 [INFO] Rule:228 - rule WakeUp5 SIGNAL is applicable
2024-05-06 11:50:59,782 [INFO] Rule:228 - rule Change Default Value for LSE Drive Capability for WB family is applicable
2024-05-06 11:50:59,782 [INFO] Rule:228 - rule Change Default Value for ADC Clock Prescaler G0 family is applicable
2024-05-06 11:50:59,782 [INFO] Rule:228 - rule UART/USART IPParameter rename Prescaler parameter to ClockPrescaler is applicable
2024-05-06 11:50:59,782 [INFO] Rule:228 - rule UART/USART Prescaler rename Prescaler parameter to ClockPrescaler is applicable
2024-05-06 11:50:59,782 [INFO] Rule:228 - rule TIM1CLockSelection is applicable
2024-05-06 11:50:59,782 [INFO] Rule:228 - rule TIM15CLockSelection is applicable
2024-05-06 11:50:59,782 [INFO] Rule:228 - rule align RCC SDMMC3CLockSelection default value on MP1 is applicable
2024-05-06 11:50:59,783 [INFO] Rule:228 - rule align RCC SDMMC12CLockSelection default value on MP1 is applicable
2024-05-06 11:50:59,783 [INFO] Rule:228 - rule align RCC QSPICLockSelection default value on MP1 is applicable
2024-05-06 11:50:59,783 [INFO] Rule:228 - rule align RCC QSPICLockSelection default value on MP1 is applicable
2024-05-06 11:50:59,783 [INFO] Rule:228 - rule align RCC SPI6CLockSelection default value on MP1 is applicable
2024-05-06 11:50:59,783 [INFO] Rule:228 - rule align RCC LPTIM23CLockSelection default value on MP1 is applicable
2024-05-06 11:50:59,783 [INFO] Rule:228 - rule align RCC LPTIM1CLockSelection default value on MP1 is applicable
2024-05-06 11:50:59,783 [INFO] Rule:228 - rule align RCC USART1CLockSelection default value on MP1 is applicable
2024-05-06 11:50:59,783 [INFO] Rule:228 - rule align RCC USART24CLockSelection default value on MP1 is applicable
2024-05-06 11:50:59,783 [INFO] Rule:228 - rule align RCC USART6CLockSelection default value on MP1 is applicable
2024-05-06 11:50:59,783 [INFO] Rule:228 - rule align RCC UART78CLockSelection default value on MP1 is applicable
2024-05-06 11:50:59,783 [INFO] Rule:228 - rule align RCC USART35CLockSelection default value on MP1 is applicable
2024-05-06 11:50:59,783 [INFO] Rule:228 - rule align RCC SPI45CLockSelection default value on MP1 is applicable
2024-05-06 11:50:59,783 [INFO] Rule:228 - rule align RCC I2C46CLockSelection BCLK value on MP1 is applicable
2024-05-06 11:50:59,783 [INFO] Rule:228 - rule align RCC SPI45CLockSelection default value on MP1 is applicable
2024-05-06 11:50:59,783 [INFO] Rule:228 - rule align RCC I2C12CLockSelection default value on MP1 is applicable
2024-05-06 11:50:59,783 [INFO] Rule:228 - rule align RCC I2C35CLockSelection default value on MP1 is applicable
2024-05-06 11:50:59,783 [INFO] Rule:228 - rule align RCC LPTIM45CLockSelection default value on MP1 is applicable
2024-05-06 11:50:59,783 [INFO] Rule:228 - rule Rename DCMI PIXCK signal is applicable
2024-05-06 11:50:59,783 [INFO] Rule:228 - rule Change Default Value for I2C46CLockSelection MP1 family is applicable
2024-05-06 11:50:59,783 [INFO] Rule:228 - rule Change Default Value for UART for G4, G0 and WB families is applicable
2024-05-06 11:50:59,784 [INFO] Rule:228 - rule Change Default Value for USART for G4, G0 and WB families is applicable
2024-05-06 11:50:59,784 [INFO] Rule:228 - rule Change Default Value for USART for G4 family is applicable
2024-05-06 11:50:59,784 [INFO] Rule:228 - rule Change USART1CLockSelection refparam name for MP1 is applicable
2024-05-06 11:50:59,784 [INFO] Rule:228 - rule Change USART2CLockSelection refparam name for MP1 is applicable
2024-05-06 11:50:59,784 [INFO] Rule:228 - rule Change USART3CLockSelection refparam name for MP1 is applicable
2024-05-06 11:50:59,784 [INFO] Rule:228 - rule Change UART4CLockSelection refparam name for MP1 is applicable
2024-05-06 11:50:59,784 [INFO] Rule:228 - rule Change UART5CLockSelection refparam name for MP1 is applicable
2024-05-06 11:50:59,784 [INFO] Rule:228 - rule Change LPUART1CLockSelection refparam name for MP1 is applicable
2024-05-06 11:50:59,784 [INFO] Rule:228 - rule Change LPTIM1CLockSelection refparam name for MP1 is applicable
2024-05-06 11:50:59,784 [INFO] Rule:228 - rule Change LPTIM2CLockSelection refparam name for MP1 is applicable
2024-05-06 11:50:59,784 [INFO] Rule:228 - rule Change RCC_MCO1Source refparam name for MP1 is applicable
2024-05-06 11:50:59,784 [INFO] Rule:228 - rule Change LSCOSource1 refparam name for MP1 is applicable
2024-05-06 11:50:59,784 [INFO] Rule:228 - rule Change SMPSCLockSelection refparam name for MP1 is applicable
2024-05-06 11:50:59,784 [INFO] Rule:228 - rule Change LPTIM3CLockSelection refparam name for MP1 is applicable
2024-05-06 11:50:59,784 [INFO] Rule:228 - rule Change MPCBB* Default Template Mode to Parameters is applicable
2024-05-06 11:50:59,784 [INFO] Rule:228 - rule Change MPCWM* or MPCBB* Secure Mode to Parameters is applicable
2024-05-06 11:50:59,784 [INFO] Rule:228 - rule Change MPCWM* or MPCBB* No Secure Mode to Parameters is applicable
2024-05-06 11:50:59,784 [INFO] Rule:228 - rule Change TZSC IP Secure Mode to Parameters is applicable
2024-05-06 11:50:59,784 [INFO] Rule:228 - rule Change TZSC IP No Secure Mode to Parameters is applicable
2024-05-06 11:50:59,784 [INFO] Rule:228 - rule Change TZSC IP Privilege Mode to Parameters is applicable
2024-05-06 11:50:59,784 [INFO] Rule:228 - rule Change TZSC IP No Privilege Mode to Parameters is applicable
2024-05-06 11:50:59,785 [INFO] Rule:228 - rule Change TZIC IT Secure Mode to Parameters is applicable
2024-05-06 11:50:59,785 [INFO] Rule:228 - rule Change TZIC IT No Secure Mode to Parameters is applicable
2024-05-06 11:50:59,785 [INFO] Rule:228 - rule Add MPCBB1_NonSecureArea_Start_Address value with referenced to MPCBB1_NonSecureArea_Start value is applicable
2024-05-06 11:50:59,785 [INFO] Rule:228 - rule Add MPCBB2_NonSecureArea_Start_Address value with referenced to MPCBB2_NonSecureArea_Start value is applicable
2024-05-06 11:50:59,785 [INFO] Rule:228 - rule Add MPCWM1_NonSecureArea*_Start_Address value with referenced to MPCWM1_NonSecureArea*_Start value is applicable
2024-05-06 11:50:59,785 [INFO] Rule:228 - rule Add MPCWM2_NonSecureArea*_Start_Address value with referenced to MPCWM2_NonSecureArea*_Start value is applicable
2024-05-06 11:50:59,785 [INFO] Rule:228 - rule Add MPCWM3_NonSecureArea_Start_Address value with referenced to MPCWM3_NonSecureArea_Start value is applicable
2024-05-06 11:50:59,785 [INFO] Rule:228 - rule Change Default Value for PLL1UserDefinedConfig is applicable
2024-05-06 11:50:59,785 [INFO] Rule:228 - rule Change GPIO_PuPd Default Value for USART in async mode is applicable
2024-05-06 11:50:59,785 [INFO] Rule:228 - rule Change SMPSDivider Default Value is applicable
2024-05-06 11:50:59,785 [INFO] Rule:228 - rule OPAMP is applicable
2024-05-06 11:50:59,785 [INFO] Rule:228 - rule LPUART IPParameter rename Prescaler parameter to ClockPrescaler for STM32H7 is applicable
2024-05-06 11:50:59,785 [INFO] Rule:228 - rule LPUART IPParameter rename Prescaler parameter to ClockPrescaler for STM32H7 is applicable
2024-05-06 11:50:59,785 [INFO] Rule:228 - rule LPUART IPParameter rename Prescaler parameter to ClockPrescaler for STM32WB is applicable
2024-05-06 11:50:59,785 [INFO] Rule:228 - rule LPUART IPParameter rename Prescaler parameter to ClockPrescaler for STM32WB is applicable
2024-05-06 11:50:59,785 [INFO] Rule:228 - rule LPUART IPParameter rename Prescaler parameter to ClockPrescaler for STM32G4 is applicable
2024-05-06 11:50:59,785 [INFO] Rule:228 - rule LPUART IPParameter rename Prescaler parameter to ClockPrescaler for STM32G4 is applicable
2024-05-06 11:50:59,785 [INFO] Rule:228 - rule LPUART IPParameter rename Prescaler parameter to ClockPrescaler for STM32L5 is applicable
2024-05-06 11:50:59,785 [INFO] Rule:228 - rule LPUART IPParameter rename Prescaler parameter to ClockPrescaler for STM32L5 is applicable
2024-05-06 11:50:59,785 [INFO] Rule:228 - rule LPUART IPParameter rename Prescaler parameter to ClockPrescaler for STM32G4 is applicable
2024-05-06 11:50:59,785 [INFO] Rule:228 - rule LPUART IPParameter rename Prescaler parameter to ClockPrescaler for STM32G4 is applicable
2024-05-06 11:50:59,786 [INFO] Rule:228 - rule USB device lib V2.5.3 for L0 rename USBD_SUPPORT_USER_STRING parameter to USBD_SUPPORT_USER_STRING_DESC4 is applicable
2024-05-06 11:50:59,786 [INFO] Rule:228 - rule I2SCLockSelection clock entry align is applicable
2024-05-06 11:50:59,786 [INFO] Rule:228 - rule Assign TIMx context if used as SYS timebase is applicable
2024-05-06 11:50:59,786 [INFO] Rule:228 - rule Change GPIO_Pu Default Value for I2C is applicable
2024-05-06 11:50:59,786 [INFO] Rule:228 - rule Change GPIO_Pu Default Value for SMBus is applicable
2024-05-06 11:50:59,786 [INFO] Rule:228 - rule change FDCAN default value is applicable
2024-05-06 11:50:59,786 [INFO] Rule:228 - rule Change mode sai is applicable
2024-05-06 11:50:59,786 [INFO] Rule:228 - rule **Change sai mode is applicable
2024-05-06 11:50:59,794 [INFO] DbConfProperties:307 - Apply Compatibility (4/144 Rules)
2024-05-06 11:50:59,872 [INFO] RtosManager:555 - Registered RTOS mode: class=CMSIS, group=RTOS, mode=CMSIS_V1, owner=FREERTOS
2024-05-06 11:50:59,872 [INFO] RtosManager:555 - Registered RTOS mode: class=CMSIS, group=RTOS2, mode=CMSIS_V2, owner=FREERTOS
2024-05-06 11:50:59,872 [INFO] RtosManager:555 - Registered RTOS mode: class=RTOS, group=Core, mode=CMSIS_V1, owner=FREERTOS
2024-05-06 11:50:59,872 [INFO] RtosManager:555 - Registered RTOS mode: class=RTOS, group=Core, mode=CMSIS_V2, owner=FREERTOS
2024-05-06 11:50:59,872 [WARN] ModelIntegratedComponent:184 - Missing modes for component STMicroelectronics:FreeRTOS:0.0.1:STMicroelectronics:RTOS:FreeRTOS:Core:::10.2.0:
2024-05-06 11:50:59,880 [WARN] ModelIntegratedComponent:63 - No mode defined for component null
2024-05-06 11:50:59,881 [WARN] ModelIntegratedComponent:63 - No mode defined for component null
2024-05-06 11:50:59,881 [WARN] ModelIntegratedComponent:63 - No mode defined for component null
2024-05-06 11:50:59,881 [WARN] ModelIntegratedComponent:63 - No mode defined for component null
2024-05-06 11:50:59,881 [WARN] ModelIntegratedComponent:63 - No mode defined for component null
2024-05-06 11:50:59,881 [WARN] ModelIntegratedComponent:63 - No mode defined for component null
2024-05-06 11:50:59,881 [WARN] ModelIntegratedComponent:63 - No mode defined for component null
2024-05-06 11:50:59,881 [WARN] ModelIntegratedComponent:63 - No mode defined for component null
2024-05-06 11:50:59,881 [WARN] ModelIntegratedComponent:63 - No mode defined for component null
2024-05-06 11:50:59,881 [WARN] ModelIntegratedComponent:63 - No mode defined for component null
2024-05-06 11:50:59,881 [WARN] ModelIntegratedComponent:63 - No mode defined for component null
2024-05-06 11:50:59,881 [WARN] ModelIntegratedComponent:63 - No mode defined for component null
2024-05-06 11:50:59,882 [WARN] ModelIntegratedComponent:63 - No mode defined for component null
2024-05-06 11:50:59,882 [WARN] ModelIntegratedComponent:63 - No mode defined for component null
2024-05-06 11:50:59,882 [WARN] ModelIntegratedComponent:63 - No mode defined for component null
2024-05-06 11:50:59,882 [WARN] ModelIntegratedComponent:63 - No mode defined for component null
2024-05-06 11:50:59,882 [WARN] ModelIntegratedComponent:63 - No mode defined for component null
2024-05-06 11:50:59,882 [WARN] ModelIntegratedComponent:63 - No mode defined for component null
2024-05-06 11:50:59,882 [WARN] ModelIntegratedComponent:63 - No mode defined for component null
2024-05-06 11:50:59,882 [WARN] ModelIntegratedComponent:63 - No mode defined for component null
2024-05-06 11:50:59,882 [WARN] ModelIntegratedComponent:63 - No mode defined for component null
2024-05-06 11:50:59,882 [WARN] ModelIntegratedComponent:63 - No mode defined for component null
2024-05-06 11:50:59,882 [WARN] ModelIntegratedComponent:63 - No mode defined for component null
2024-05-06 11:50:59,882 [WARN] ModelIntegratedComponent:63 - No mode defined for component null
2024-05-06 11:50:59,882 [WARN] ModelIntegratedComponent:63 - No mode defined for component null
2024-05-06 11:50:59,883 [WARN] ModelIntegratedComponent:63 - No mode defined for component null
2024-05-06 11:50:59,883 [WARN] ModelIntegratedComponent:63 - No mode defined for component null
2024-05-06 11:50:59,883 [WARN] ModelIntegratedComponent:63 - No mode defined for component null
2024-05-06 11:50:59,883 [WARN] ModelIntegratedComponent:63 - No mode defined for component null
2024-05-06 11:50:59,883 [WARN] ModelIntegratedComponent:63 - No mode defined for component null
2024-05-06 11:50:59,883 [WARN] ModelIntegratedComponent:63 - No mode defined for component null
2024-05-06 11:50:59,883 [WARN] ModelIntegratedComponent:63 - No mode defined for component null
2024-05-06 11:50:59,883 [WARN] ModelIntegratedComponent:63 - No mode defined for component null
2024-05-06 11:50:59,978 [INFO] ThirdPartyModel:298 - Start build external matchings
2024-05-06 11:51:00,545 [INFO] ThirdPartyModel:316 - End build external matchings
2024-05-06 11:51:00,560 [INFO] ImportTextPane:194 - (OptionalMessage_ERROR) IP (RCC) : Invalid parameter (FamilyName)
2024-05-06 11:51:00,910 [INFO] UtilMem:75 - End LoadConfig() Used Memory: 829796888 Bytes (1073741824)
2024-05-06 11:51:01,076 [WARN] ThirdParty:833 - waiting for thirdparty lock release [change project]
2024-05-06 11:51:01,076 [INFO] ThirdParty:835 - entering critical section [change project]
2024-05-06 11:51:01,076 [INFO] ThirdParty:1030 - CMSIS Pack Vendor :STMicroelectronics USBPD 4.1
2024-05-06 11:51:01,076 [INFO] ThirdParty:1030 - CMSIS Pack Vendor :STMicroelectronics X-CUBE-GNSS1 6.0.0
2024-05-06 11:51:01,076 [INFO] ThirdParty:1030 - CMSIS Pack Vendor :STMicroelectronics USB_HOST 2.0.0
2024-05-06 11:51:01,077 [INFO] ThirdParty:1030 - CMSIS Pack Vendor :STMicroelectronics FP-SNS-MOTENVWB1 1.4.0
2024-05-06 11:51:01,077 [INFO] ThirdParty:1030 - CMSIS Pack Vendor :STMicroelectronics X-CUBE-AZRTOS-F4 1.1.0
2024-05-06 11:51:01,077 [INFO] ThirdParty:1030 - CMSIS Pack Vendor :STMicroelectronics LIBJPEG 8.0.0
2024-05-06 11:51:01,077 [INFO] ThirdParty:1030 - CMSIS Pack Vendor :STMicroelectronics X-CUBE-SMBUS 2.1.0
2024-05-06 11:51:01,077 [INFO] ThirdParty:1030 - CMSIS Pack Vendor :STMicroelectronics USB_DEVICE 3.0.0
2024-05-06 11:51:01,077 [INFO] ThirdParty:1030 - CMSIS Pack Vendor :STMicroelectronics X-CUBE-TCPP 4.1.0
2024-05-06 11:51:01,077 [INFO] ThirdParty:1030 - CMSIS Pack Vendor :STMicroelectronics X-CUBE-FREERTOS 1.2.0
2024-05-06 11:51:01,077 [INFO] ThirdParty:1030 - CMSIS Pack Vendor :STMicroelectronics X-CUBE-AZRTOS-WB 2.0.0
2024-05-06 11:51:01,077 [INFO] ThirdParty:1030 - CMSIS Pack Vendor :wolfSSL I-CUBE-wolfSSL 5.6.6
2024-05-06 11:51:01,077 [INFO] ThirdParty:1030 - CMSIS Pack Vendor :STMicroelectronics X-CUBE-TOUCHGFX 4.23.1
2024-05-06 11:51:01,077 [INFO] ThirdParty:1030 - CMSIS Pack Vendor :STMicroelectronics X-CUBE-TOUCHGFX 4.23.0
2024-05-06 11:51:01,077 [INFO] ThirdParty:1030 - CMSIS Pack Vendor :STMicroelectronics X-CUBE-TOUCHGFX 4.23.2
2024-05-06 11:51:01,077 [INFO] ThirdParty:1030 - CMSIS Pack Vendor :STMicroelectronics X-CUBE-AZRTOS-F7 1.1.0
2024-05-06 11:51:01,077 [INFO] ThirdParty:1030 - CMSIS Pack Vendor :STMicroelectronics X-CUBE-AZRTOS-L5 2.0.0
2024-05-06 11:51:01,077 [INFO] ThirdParty:1030 - CMSIS Pack Vendor :STMicroelectronics USB_DEVICE 2.0.0
2024-05-06 11:51:01,077 [INFO] ThirdParty:1030 - CMSIS Pack Vendor :STMicroelectronics X-CUBE-NFC6 3.1.0
2024-05-06 11:51:01,077 [INFO] ThirdParty:1030 - CMSIS Pack Vendor :ITTIA_DB I-CUBE-ITTIADB 8.8.0
2024-05-06 11:51:01,077 [INFO] ThirdParty:1030 - CMSIS Pack Vendor :STMicroelectronics FP-SNS-MOTENV1 4.3.2
2024-05-06 11:51:01,077 [INFO] ThirdParty:1030 - CMSIS Pack Vendor :STMicroelectronics X-CUBE-ALGOBUILD 1.3.0
2024-05-06 11:51:01,077 [INFO] ThirdParty:1030 - CMSIS Pack Vendor :STMicroelectronics FreeRTOS 0.0.1
2024-05-06 11:51:01,077 [INFO] ThirdParty:1030 - CMSIS Pack Vendor :STMicroelectronics X-CUBE-AZRTOS-G0 1.1.0
2024-05-06 11:51:01,077 [INFO] ThirdParty:1030 - CMSIS Pack Vendor :STMicroelectronics X-CUBE-SAFEA1 1.2.2
2024-05-06 11:51:01,077 [INFO] ThirdParty:1030 - CMSIS Pack Vendor :STMicroelectronics X-CUBE-NFC4 3.0.0
2024-05-06 11:51:01,077 [INFO] ThirdParty:1030 - CMSIS Pack Vendor :STMicroelectronics X-CUBE-SUBG2 5.0.0
2024-05-06 11:51:01,077 [INFO] ThirdParty:1030 - CMSIS Pack Vendor :STMicroelectronics STM32_WPAN 1.0.0
2024-05-06 11:51:01,077 [INFO] ThirdParty:1030 - CMSIS Pack Vendor :STMicroelectronics lwIP 2.0.3
2024-05-06 11:51:01,077 [INFO] ThirdParty:1030 - CMSIS Pack Vendor :STMicroelectronics FP-SNS-FLIGHT1 5.0.2
2024-05-06 11:51:01,077 [INFO] ThirdParty:1030 - CMSIS Pack Vendor :STMicroelectronics USB_HOST 1.0.0
2024-05-06 11:51:01,078 [INFO] ThirdParty:1030 - CMSIS Pack Vendor :STMicroelectronics X-CUBE-AI 9.0.0
2024-05-06 11:51:01,078 [INFO] ThirdParty:1030 - CMSIS Pack Vendor :STMicroelectronics X-CUBE-AZRTOS-G4 2.0.0
2024-05-06 11:51:01,078 [INFO] ThirdParty:1030 - CMSIS Pack Vendor :STMicroelectronics PDM2PCM 3.1.0
2024-05-06 11:51:01,078 [INFO] ThirdParty:1030 - CMSIS Pack Vendor :Infineon AIROC-Wi-Fi-Bluetooth-STM32 1.5.1
2024-05-06 11:51:01,078 [INFO] ThirdParty:1030 - CMSIS Pack Vendor :STMicroelectronics X-CUBE-BLEMGR 3.0.0
2024-05-06 11:51:01,078 [INFO] ThirdParty:1030 - CMSIS Pack Vendor :STMicroelectronics PDM2PCM 3.3.0
2024-05-06 11:51:01,078 [INFO] ThirdParty:1030 - CMSIS Pack Vendor :STMicroelectronics X-CUBE-DISPLAY 3.0.0
2024-05-06 11:51:01,078 [INFO] ThirdParty:1030 - CMSIS Pack Vendor :STMicroelectronics FP-SNS-MOTENVWB1 1.3.1
2024-05-06 11:51:01,078 [INFO] ThirdParty:1030 - CMSIS Pack Vendor :STMicroelectronics X-CUBE-BLE1 7.0.0
2024-05-06 11:51:01,078 [INFO] ThirdParty:1030 - CMSIS Pack Vendor :STMicroelectronics FP-ATR-SIGFOX1 3.2.0
2024-05-06 11:51:01,078 [INFO] ThirdParty:1030 - CMSIS Pack Vendor :STMicroelectronics X-CUBE-ISPU 2.0.0
2024-05-06 11:51:01,078 [INFO] ThirdParty:1030 - CMSIS Pack Vendor :STMicroelectronics X-CUBE-EEPRMA1 5.1.0
2024-05-06 11:51:01,078 [INFO] ThirdParty:1030 - CMSIS Pack Vendor :STMicroelectronics HAL Drivers 0.0.0
2024-05-06 11:51:01,078 [INFO] ThirdParty:1030 - CMSIS Pack Vendor :STMicroelectronics MBEDTLS 2.16.2
2024-05-06 11:51:01,078 [INFO] ThirdParty:1030 - CMSIS Pack Vendor :emotas I-CUBE-CANOPEN 1.3.0
2024-05-06 11:51:01,078 [INFO] ThirdParty:1030 - CMSIS Pack Vendor :STMicroelectronics X-CUBE-MEMS1 10.0.0
2024-05-06 11:51:01,078 [INFO] ThirdParty:1030 - CMSIS Pack Vendor :STMicroelectronics X-CUBE-FREERTOS 1.1.0
2024-05-06 11:51:01,078 [INFO] ThirdParty:1030 - CMSIS Pack Vendor :STMicroelectronics X-CUBE-NFC7 1.0.1
2024-05-06 11:51:01,078 [INFO] ThirdParty:1030 - CMSIS Pack Vendor :STMicroelectronics MBEDTLS 2.14.1
2024-05-06 11:51:01,078 [INFO] ThirdParty:1030 - CMSIS Pack Vendor :STMicroelectronics X-CUBE-NFC6 3.0.0
2024-05-06 11:51:01,078 [INFO] ThirdParty:1030 - CMSIS Pack Vendor :portGmbH I-Cube-SoM-uGOAL 1.1.0
2024-05-06 11:51:01,078 [INFO] ThirdParty:1030 - CMSIS Pack Vendor :STMicroelectronics X-CUBE-ALS 1.0.1
2024-05-06 11:51:01,078 [INFO] ThirdParty:1030 - CMSIS Pack Vendor :STMicroelectronics X-CUBE-BLEMGR 3.1.0
2024-05-06 11:51:01,078 [INFO] ThirdParty:1030 - CMSIS Pack Vendor :STMicroelectronics ThreadX 1.0.0
2024-05-06 11:51:01,078 [INFO] ThirdParty:1030 - CMSIS Pack Vendor :STMicroelectronics FP-SNS-SMARTAG2 1.2.0
2024-05-06 11:51:01,078 [INFO] ThirdParty:1030 - CMSIS Pack Vendor :STMicroelectronics X-CUBE-AZRTOS-WL 2.0.0
2024-05-06 11:51:01,078 [INFO] ThirdParty:1030 - CMSIS Pack Vendor :SEGGER I-CUBE-embOS 1.3.1
2024-05-06 11:51:01,078 [INFO] ThirdParty:1030 - CMSIS Pack Vendor :STMicroelectronics FP-SNS-MOTENV1 5.0.0
2024-05-06 11:51:01,079 [INFO] ThirdParty:1030 - CMSIS Pack Vendor :STMicroelectronics USB_DEVICE 1.0.0
2024-05-06 11:51:01,079 [INFO] ThirdParty:1030 - CMSIS Pack Vendor :STMicroelectronics X-CUBE-AI 8.1.0
2024-05-06 11:51:01,079 [INFO] ThirdParty:1030 - CMSIS Pack Vendor :STMicroelectronics X-CUBE-AZRTOS-H7RS 1.0.0
2024-05-06 11:51:01,079 [INFO] ThirdParty:1030 - CMSIS Pack Vendor :STMicroelectronics X-CUBE-AZRTOS-L4 2.0.0
2024-05-06 11:51:01,079 [INFO] ThirdParty:1030 - CMSIS Pack Vendor :STMicroelectronics ThreadX 0.0.2
2024-05-06 11:51:01,079 [INFO] ThirdParty:1030 - CMSIS Pack Vendor :WES I-CUBE-Cesium 1.3.0
2024-05-06 11:51:01,079 [INFO] ThirdParty:1030 - CMSIS Pack Vendor :STMicroelectronics FP-ATR-ASTRA1 2.0.0
2024-05-06 11:51:01,079 [INFO] ThirdParty:1030 - CMSIS Pack Vendor :STMicroelectronics lwIP 2.1.2
2024-05-06 11:51:01,079 [INFO] ThirdParty:1030 - CMSIS Pack Vendor :STMicroelectronics X-CUBE-SFXS2LP1 4.0.0
2024-05-06 11:51:01,079 [INFO] ThirdParty:1030 - CMSIS Pack Vendor :STMicroelectronics X-CUBE-BLE2 3.3.0
2024-05-06 11:51:01,079 [INFO] ThirdParty:1030 - CMSIS Pack Vendor :STMicroelectronics X-CUBE-TOF1 3.4.0
2024-05-06 11:51:01,079 [INFO] ThirdParty:1030 - CMSIS Pack Vendor :STMicroelectronics X-CUBE-TOF1 3.4.1
2024-05-06 11:51:01,079 [INFO] ThirdParty:1030 - CMSIS Pack Vendor :STMicroelectronics X-CUBE-AZRTOS-H7 3.2.0
2024-05-06 11:51:01,079 [INFO] ThirdParty:1030 - CMSIS Pack Vendor :STMicroelectronics PDM2PCM 3.2.0
2024-05-06 11:51:01,079 [INFO] ThirdParty:841 - exiting critical section [change project]
2024-05-06 11:51:01,363 [INFO] PinOutPanel:1499 - setPackage(No Configuration,No Configuration)
2024-05-06 11:51:01,364 [INFO] PinOutPanel:1499 - setPackage(STM32L475VGTx,LQFP100)
2024-05-06 11:51:01,837 [INFO] UtilMem:75 - Before build in PCC Used Memory: 827017752 Bytes (1073741824)
2024-05-06 11:51:02,123 [INFO] UtilMem:75 - After build in PCC Used Memory: 905134616 Bytes (1073741824)
2024-05-06 11:51:02,151 [INFO] IPUIPlugin:80 - create IPUIPlugin
2024-05-06 11:51:02,151 [INFO] IPUIPlugin:80 - create IPUIPlugin
2024-05-06 11:51:02,151 [INFO] IPUIPlugin:80 - create IPUIPlugin
2024-05-06 11:51:02,151 [INFO] IPUIPlugin:80 - create IPUIPlugin
2024-05-06 11:51:02,151 [INFO] IPUIPlugin:80 - create IPUIPlugin
2024-05-06 11:51:02,151 [INFO] IPUIPlugin:80 - create IPUIPlugin
2024-05-06 11:51:02,151 [INFO] IPUIPlugin:80 - create IPUIPlugin
2024-05-06 11:51:02,151 [INFO] IPUIPlugin:80 - create IPUIPlugin
2024-05-06 11:51:02,152 [INFO] IPUIPlugin:80 - create IPUIPlugin
2024-05-06 11:51:02,152 [INFO] IPUIPlugin:80 - create IPUIPlugin
2024-05-06 11:51:02,152 [INFO] IPUIPlugin:80 - create IPUIPlugin
2024-05-06 11:51:02,152 [INFO] IPUIPlugin:80 - create IPUIPlugin
2024-05-06 11:51:02,152 [INFO] IPUIPlugin:80 - create IPUIPlugin
2024-05-06 11:51:02,152 [INFO] IPUIPlugin:80 - create IPUIPlugin
2024-05-06 11:51:02,152 [INFO] IPUIPlugin:80 - create IPUIPlugin
2024-05-06 11:51:02,152 [INFO] IPUIPlugin:80 - create IPUIPlugin
2024-05-06 11:51:02,152 [INFO] IPUIPlugin:80 - create IPUIPlugin
2024-05-06 11:51:02,153 [INFO] IPUIPlugin:80 - create IPUIPlugin
2024-05-06 11:51:02,153 [INFO] IPUIPlugin:80 - create IPUIPlugin
2024-05-06 11:51:02,153 [INFO] IPUIPlugin:80 - create IPUIPlugin
2024-05-06 11:51:02,154 [INFO] IPUIPlugin:80 - create IPUIPlugin
2024-05-06 11:51:02,154 [INFO] IPUIPlugin:80 - create IPUIPlugin
2024-05-06 11:51:02,154 [INFO] IPUIPlugin:80 - create IPUIPlugin
2024-05-06 11:51:02,154 [INFO] IPUIPlugin:80 - create IPUIPlugin
2024-05-06 11:51:02,155 [INFO] IPUIPlugin:80 - create IPUIPlugin
2024-05-06 11:51:02,155 [INFO] IPUIPlugin:80 - create IPUIPlugin
2024-05-06 11:51:02,155 [INFO] IPUIPlugin:80 - create IPUIPlugin
2024-05-06 11:51:02,156 [INFO] IPUIPlugin:80 - create IPUIPlugin
2024-05-06 11:51:02,156 [INFO] IPUIPlugin:80 - create IPUIPlugin
2024-05-06 11:51:02,157 [INFO] IPUIPlugin:80 - create IPUIPlugin
2024-05-06 11:51:02,158 [INFO] IPUIPlugin:80 - create IPUIPlugin
2024-05-06 11:51:02,159 [INFO] IPUIPlugin:80 - create IPUIPlugin
2024-05-06 11:51:02,159 [INFO] IPUIPlugin:80 - create IPUIPlugin
2024-05-06 11:51:02,160 [INFO] IPUIPlugin:80 - create IPUIPlugin
2024-05-06 11:51:02,160 [INFO] IPUIPlugin:80 - create IPUIPlugin
2024-05-06 11:51:02,161 [INFO] IPUIPlugin:80 - create IPUIPlugin
2024-05-06 11:51:02,162 [INFO] IPUIPlugin:80 - create IPUIPlugin
2024-05-06 11:51:02,162 [INFO] IPUIPlugin:80 - create IPUIPlugin
2024-05-06 11:51:02,164 [INFO] IPUIPlugin:80 - create IPUIPlugin
2024-05-06 11:51:02,165 [INFO] IPUIPlugin:80 - create IPUIPlugin
2024-05-06 11:51:02,165 [INFO] IPUIPlugin:80 - create IPUIPlugin
2024-05-06 11:51:02,165 [INFO] IPUIPlugin:80 - create IPUIPlugin
2024-05-06 11:51:02,166 [INFO] IPUIPlugin:80 - create IPUIPlugin
2024-05-06 11:51:02,166 [INFO] IPUIPlugin:80 - create IPUIPlugin
2024-05-06 11:51:02,167 [INFO] IPUIPlugin:80 - create IPUIPlugin
2024-05-06 11:51:02,167 [INFO] IPUIPlugin:80 - create IPUIPlugin
2024-05-06 11:51:02,167 [INFO] IPUIPlugin:80 - create IPUIPlugin
2024-05-06 11:51:02,168 [INFO] IPUIPlugin:80 - create IPUIPlugin
2024-05-06 11:51:02,169 [INFO] IPUIPlugin:80 - create IPUIPlugin
2024-05-06 11:51:02,169 [INFO] IPUIPlugin:80 - create IPUIPlugin
2024-05-06 11:51:02,170 [INFO] IPUIPlugin:80 - create IPUIPlugin
2024-05-06 11:51:02,170 [INFO] IPUIPlugin:80 - create IPUIPlugin
2024-05-06 11:51:02,171 [INFO] IPUIPlugin:80 - create IPUIPlugin
2024-05-06 11:51:02,171 [INFO] IPUIPlugin:80 - create IPUIPlugin
2024-05-06 11:51:02,172 [INFO] IPUIPlugin:80 - create IPUIPlugin
2024-05-06 11:51:02,173 [INFO] IPUIPlugin:80 - create IPUIPlugin
2024-05-06 11:51:02,174 [INFO] IPUIPlugin:80 - create IPUIPlugin
2024-05-06 11:51:02,175 [INFO] IPUIPlugin:80 - create IPUIPlugin
2024-05-06 11:51:02,176 [INFO] IPUIPlugin:80 - create IPUIPlugin
2024-05-06 11:51:02,456 [INFO] CADModel:165 - CPN selected for project levelSTM32L475VGT6
2024-05-06 11:51:02,456 [INFO] CADModel:114 - Register for checkConnection events
2024-05-06 11:51:02,500 [INFO] OpenFileManager:328 - Restore cursor
2024-05-06 11:51:03,496 [INFO] UtilMem:75 - End SaveConfig() Used Memory: 836530480 Bytes (1073741824)
2024-05-06 11:51:03,618 [INFO] UtilMem:75 - End SaveConfig() Used Memory: 854280728 Bytes (1073741824)
2024-05-06 11:51:04,071 [INFO] BlockDiagram:2759 - set Specific Code input for plugin: SPI
2024-05-06 11:51:04,072 [INFO] BlockDiagram:2759 - set Specific Code input for plugin: DFSDM
2024-05-06 11:51:04,072 [INFO] BlockDiagram:2759 - set Specific Code input for plugin: SYS
2024-05-06 11:51:04,072 [INFO] BlockDiagram:2759 - set Specific Code input for plugin: RCC
2024-05-06 11:51:04,072 [INFO] BlockDiagram:2759 - set Specific Code input for plugin: I2C
2024-05-06 11:51:04,072 [INFO] BlockDiagram:2759 - set Specific Code input for plugin: USB_OTG_FS
2024-05-06 11:51:04,072 [INFO] BlockDiagram:2759 - set Specific Code input for plugin: NVIC
2024-05-06 11:51:04,072 [INFO] BlockDiagram:2759 - set Specific Code input for plugin: USART
2024-05-06 11:51:04,072 [INFO] BlockDiagram:2759 - set Specific Code input for plugin: USART
2024-05-06 11:51:04,073 [INFO] BlockDiagram:2759 - set Specific Code input for plugin: GPIO
2024-05-06 11:51:04,073 [INFO] BlockDiagram:2759 - set Specific Code input for plugin: QUADSPI
2024-05-06 11:51:04,074 [INFO] CodeGenerator:799 - code generatio: config db path: C:\ST\STM32CubeIDE_1.13.0\STM32CubeIDE\plugins\com.st.stm32cube.common.mx_6.9.0.202307051724\\db\
2024-05-06 11:51:04,607 [INFO] CodeEngine:255 - oldGeneratedFile, C:\Users\jesus\Documents\SETR1ws\Practicas-SETR1\P6_Fase2_3Intento\MXTmpFiles\license.tmp_save
2024-05-06 11:51:05,128 [INFO] CodeEngine:279 - Generated code: C:\Users\jesus\Documents\SETR1ws\Practicas-SETR1\P6_Fase2_3Intento\MXTmpFiles\license.tmp
2024-05-06 11:51:05,541 [INFO] CodeEngine:255 - oldGeneratedFile, C:\Users\jesus\Documents\SETR1ws\Practicas-SETR1\P6_Fase2_3Intento\MXTmpFiles\gpio.tmp_save
2024-05-06 11:51:05,714 [INFO] CodeEngine:279 - Generated code: C:\Users\jesus\Documents\SETR1ws\Practicas-SETR1\P6_Fase2_3Intento\MXTmpFiles\gpio.tmp
2024-05-06 11:51:08,549 [WARN] IPConfigManager:2937 - Warning: the RefConfig PWREx_EnableUSBVoltageDetector is not available in your config.xml file
2024-05-06 11:51:08,584 [INFO] CodeEngine:255 - oldGeneratedFile, C:\Users\jesus\Documents\SETR1ws\Practicas-SETR1\P6_Fase2_3Intento\Core\Src\stm32l4xx_it.c_save
2024-05-06 11:51:08,821 [INFO] CodeEngine:279 - Generated code: C:\Users\jesus\Documents\SETR1ws\Practicas-SETR1\P6_Fase2_3Intento\Core\Src\stm32l4xx_it.c
2024-05-06 11:51:08,835 [INFO] CodeEngine:255 - oldGeneratedFile, C:\Users\jesus\Documents\SETR1ws\Practicas-SETR1\P6_Fase2_3Intento\Core\Inc\stm32l4xx_it.h_save
2024-05-06 11:51:08,964 [INFO] CodeEngine:279 - Generated code: C:\Users\jesus\Documents\SETR1ws\Practicas-SETR1\P6_Fase2_3Intento\Core\Inc\stm32l4xx_it.h
2024-05-06 11:51:08,992 [INFO] CodeEngine:255 - oldGeneratedFile, C:\Users\jesus\Documents\SETR1ws\Practicas-SETR1\P6_Fase2_3Intento\Core\Src\stm32l4xx_hal_msp.c_save
2024-05-06 11:51:09,161 [INFO] CodeEngine:279 - Generated code: C:\Users\jesus\Documents\SETR1ws\Practicas-SETR1\P6_Fase2_3Intento\Core\Src\stm32l4xx_hal_msp.c
2024-05-06 11:51:09,185 [INFO] CodeEngine:255 - oldGeneratedFile, C:\Users\jesus\Documents\SETR1ws\Practicas-SETR1\P6_Fase2_3Intento\MXTmpFiles\system.tmp_save
2024-05-06 11:51:09,258 [INFO] CodeEngine:279 - Generated code: C:\Users\jesus\Documents\SETR1ws\Practicas-SETR1\P6_Fase2_3Intento\MXTmpFiles\system.tmp
2024-05-06 11:51:09,284 [INFO] CodeEngine:311 - oldGeneratedFile, C:\Users\jesus\Documents\SETR1ws\Practicas-SETR1\P6_Fase2_3Intento\Core\Inc\stm32l4xx_hal_conf.h_save
2024-05-06 11:51:09,417 [INFO] CodeEngine:335 - Generated code: C:\Users\jesus\Documents\SETR1ws\Practicas-SETR1\P6_Fase2_3Intento\Core\Inc\stm32l4xx_hal_conf.h
2024-05-06 11:51:09,484 [WARN] IPConfigManager:3431 - IP not found : USB_OTG
2024-05-06 11:51:09,486 [WARN] CodeGenerator:3760 - IP not found : null
2024-05-06 11:51:09,504 [INFO] CodeEngine:255 - oldGeneratedFile, C:\Users\jesus\Documents\SETR1ws\Practicas-SETR1\P6_Fase2_3Intento\Core\Inc\main.h_save
2024-05-06 11:51:09,641 [INFO] CodeEngine:279 - Generated code: C:\Users\jesus\Documents\SETR1ws\Practicas-SETR1\P6_Fase2_3Intento\Core\Inc\main.h
2024-05-06 11:51:09,665 [INFO] CodeEngine:255 - oldGeneratedFile, C:\Users\jesus\Documents\SETR1ws\Practicas-SETR1\P6_Fase2_3Intento\Core\Src\main.c_save
2024-05-06 11:51:09,837 [INFO] CodeEngine:279 - Generated code: C:\Users\jesus\Documents\SETR1ws\Practicas-SETR1\P6_Fase2_3Intento\Core\Src\main.c
2024-05-06 11:51:10,861 [INFO] ProjectBuilder:3064 - Time for Copy HAL[1] : 336mS.
2024-05-06 11:51:10,879 [INFO] ProjectBuilder:4404 - Project Generator version: 4.1.0
2024-05-06 11:51:11,279 [INFO] ConfigFileManager:1457 - The Die is : DIE415
2024-05-06 11:51:11,296 [INFO] ApiDbMcu:507 - Load IP Config File for FATFS
2024-05-06 11:51:11,313 [INFO] ApiDbMcu:507 - Load IP Config File for FREERTOS
2024-05-06 11:51:11,349 [INFO] ApiDbMcu:507 - Load IP Config File for TOUCHSENSING
2024-05-06 11:51:11,361 [INFO] ApiDbMcu:507 - Load IP Config File for USB_DEVICE
2024-05-06 11:51:11,388 [INFO] ApiDbMcu:507 - Load IP Config File for USB_HOST
