17:25:39 **** Clean-only build of configuration Debug for project Proyecto8C ****
make -j12 clean 
rm -rf ./Middlewares/Third_Party/FreeRTOS/Source/portable/MemMang/heap_4.cyclo ./Middlewares/Third_Party/FreeRTOS/Source/portable/MemMang/heap_4.d ./Middlewares/Third_Party/FreeRTOS/Source/portable/MemMang/heap_4.o ./Middlewares/Third_Party/FreeRTOS/Source/portable/MemMang/heap_4.su
rm -rf ./Middlewares/Third_Party/FreeRTOS/Source/portable/GCC/ARM_CM3/port.cyclo ./Middlewares/Third_Party/FreeRTOS/Source/portable/GCC/ARM_CM3/port.d ./Middlewares/Third_Party/FreeRTOS/Source/portable/GCC/ARM_CM3/port.o ./Middlewares/Third_Party/FreeRTOS/Source/portable/GCC/ARM_CM3/port.su
rm -rf ./Middlewares/Third_Party/FreeRTOS/Source/CMSIS_RTOS_V2/cmsis_os2.cyclo ./Middlewares/Third_Party/FreeRTOS/Source/CMSIS_RTOS_V2/cmsis_os2.d ./Middlewares/Third_Party/FreeRTOS/Source/CMSIS_RTOS_V2/cmsis_os2.o ./Middlewares/Third_Party/FreeRTOS/Source/CMSIS_RTOS_V2/cmsis_os2.su
rm -rf ./Middlewares/Third_Party/FreeRTOS/Source/croutine.cyclo ./Middlewares/Third_Party/FreeRTOS/Source/croutine.d ./Middlewares/Third_Party/FreeRTOS/Source/croutine.o ./Middlewares/Third_Party/FreeRTOS/Source/croutine.su ./Middlewares/Third_Party/FreeRTOS/Source/event_groups.cyclo ./Middlewares/Third_Party/FreeRTOS/Source/event_groups.d ./Middlewares/Third_Party/FreeRTOS/Source/event_groups.o ./Middlewares/Third_Party/FreeRTOS/Source/event_groups.su ./Middlewares/Third_Party/FreeRTOS/Source/list.cyclo ./Middlewares/Third_Party/FreeRTOS/Source/list.d ./Middlewares/Third_Party/FreeRTOS/Source/list.o ./Middlewares/Third_Party/FreeRTOS/Source/list.su ./Middlewares/Third_Party/FreeRTOS/Source/queue.cyclo ./Middlewares/Third_Party/FreeRTOS/Source/queue.d ./Middlewares/Third_Party/FreeRTOS/Source/queue.o ./Middlewares/Third_Party/FreeRTOS/Source/queue.su ./Middlewares/Third_Party/FreeRTOS/Source/stream_buffer.cyclo ./Middlewares/Third_Party/FreeRTOS/Source/stream_buffer.d ./Middlewares/Third_Party/FreeRTOS/Source/stream_buffer.o ./Middlewares/Third_Party/FreeRTOS/Source/stream_buffer.su ./Middlewares/Third_Party/FreeRTOS/Source/tasks.cyclo ./Middlewares/Third_Party/FreeRTOS/Source/tasks.d ./Middlewares/Third_Party/FreeRTOS/Source/tasks.o ./Middlewares/Third_Party/FreeRTOS/Source/tasks.su ./Middlewares/Third_Party/FreeRTOS/Source/timers.cyclo ./Middlewares/Third_Party/FreeRTOS/Source/timers.d ./Middlewares/Third_Party/FreeRTOS/Source/timers.o ./Middlewares/Third_Party/FreeRTOS/Source/timers.su
rm -rf ./Drivers/STM32F1xx_HAL_Driver/Src/stm32f1xx_hal.cyclo ./Drivers/STM32F1xx_HAL_Driver/Src/stm32f1xx_hal.d ./Drivers/STM32F1xx_HAL_Driver/Src/stm32f1xx_hal.o ./Drivers/STM32F1xx_HAL_Driver/Src/stm32f1xx_hal.su ./Drivers/STM32F1xx_HAL_Driver/Src/stm32f1xx_hal_cortex.cyclo ./Drivers/STM32F1xx_HAL_Driver/Src/stm32f1xx_hal_cortex.d ./Drivers/STM32F1xx_HAL_Driver/Src/stm32f1xx_hal_cortex.o ./Drivers/STM32F1xx_HAL_Driver/Src/stm32f1xx_hal_cortex.su ./Drivers/STM32F1xx_HAL_Driver/Src/stm32f1xx_hal_dma.cyclo ./Drivers/STM32F1xx_HAL_Driver/Src/stm32f1xx_hal_dma.d ./Drivers/STM32F1xx_HAL_Driver/Src/stm32f1xx_hal_dma.o ./Drivers/STM32F1xx_HAL_Driver/Src/stm32f1xx_hal_dma.su ./Drivers/STM32F1xx_HAL_Driver/Src/stm32f1xx_hal_exti.cyclo ./Drivers/STM32F1xx_HAL_Driver/Src/stm32f1xx_hal_exti.d ./Drivers/STM32F1xx_HAL_Driver/Src/stm32f1xx_hal_exti.o ./Drivers/STM32F1xx_HAL_Driver/Src/stm32f1xx_hal_exti.su ./Drivers/STM32F1xx_HAL_Driver/Src/stm32f1xx_hal_flash.cyclo ./Drivers/STM32F1xx_HAL_Driver/Src/stm32f1xx_hal_flash.d ./Drivers/STM32F1xx_HAL_Driver/Src/stm32f1xx_hal_flash.o ./Drivers/STM32F1xx_HAL_Driver/Src/stm32f1xx_hal_flash.su ./Drivers/STM32F1xx_HAL_Driver/Src/stm32f1xx_hal_flash_ex.cyclo ./Drivers/STM32F1xx_HAL_Driver/Src/stm32f1xx_hal_flash_ex.d ./Drivers/STM32F1xx_HAL_Driver/Src/stm32f1xx_hal_flash_ex.o ./Drivers/STM32F1xx_HAL_Driver/Src/stm32f1xx_hal_flash_ex.su ./Drivers/STM32F1xx_HAL_Driver/Src/stm32f1xx_hal_gpio.cyclo ./Drivers/STM32F1xx_HAL_Driver/Src/stm32f1xx_hal_gpio.d ./Drivers/STM32F1xx_HAL_Driver/Src/stm32f1xx_hal_gpio.o ./Drivers/STM32F1xx_HAL_Driver/Src/stm32f1xx_hal_gpio.su ./Drivers/STM32F1xx_HAL_Driver/Src/stm32f1xx_hal_gpio_ex.cyclo ./Drivers/STM32F1xx_HAL_Driver/Src/stm32f1xx_hal_gpio_ex.d ./Drivers/STM32F1xx_HAL_Driver/Src/stm32f1xx_hal_gpio_ex.o ./Drivers/STM32F1xx_HAL_Driver/Src/stm32f1xx_hal_gpio_ex.su ./Drivers/STM32F1xx_HAL_Driver/Src/stm32f1xx_hal_pwr.cyclo ./Drivers/STM32F1xx_HAL_Driver/Src/stm32f1xx_hal_pwr.d ./Drivers/STM32F1xx_HAL_Driver/Src/stm32f1xx_hal_pwr.o ./Drivers/STM32F1xx_HAL_Driver/Src/stm32f1xx_hal_pwr.su ./Drivers/STM32F1xx_HAL_Driver/Src/stm32f1xx_hal_rcc.cyclo ./Drivers/STM32F1xx_HAL_Driver/Src/stm32f1xx_hal_rcc.d ./Drivers/STM32F1xx_HAL_Driver/Src/stm32f1xx_hal_rcc.o ./Drivers/STM32F1xx_HAL_Driver/Src/stm32f1xx_hal_rcc.su ./Drivers/STM32F1xx_HAL_Driver/Src/stm32f1xx_hal_rcc_ex.cyclo ./Drivers/STM32F1xx_HAL_Driver/Src/stm32f1xx_hal_rcc_ex.d ./Drivers/STM32F1xx_HAL_Driver/Src/stm32f1xx_hal_rcc_ex.o ./Drivers/STM32F1xx_HAL_Driver/Src/stm32f1xx_hal_rcc_ex.su ./Drivers/STM32F1xx_HAL_Driver/Src/stm32f1xx_hal_tim.cyclo ./Drivers/STM32F1xx_HAL_Driver/Src/stm32f1xx_hal_tim.d ./Drivers/STM32F1xx_HAL_Driver/Src/stm32f1xx_hal_tim.o ./Drivers/STM32F1xx_HAL_Driver/Src/stm32f1xx_hal_tim.su ./Drivers/STM32F1xx_HAL_Driver/Src/stm32f1xx_hal_tim_ex.cyclo ./Drivers/STM32F1xx_HAL_Driver/Src/stm32f1xx_hal_tim_ex.d ./Drivers/STM32F1xx_HAL_Driver/Src/stm32f1xx_hal_tim_ex.o ./Drivers/STM32F1xx_HAL_Driver/Src/stm32f1xx_hal_tim_ex.su
rm -rf ./Core/Startup/startup_stm32f107vctx.d ./Core/Startup/startup_stm32f107vctx.o
rm -rf ./Core/Src/freertos.cyclo ./Core/Src/freertos.d ./Core/Src/freertos.o ./Core/Src/freertos.su ./Core/Src/main.cyclo ./Core/Src/main.d ./Core/Src/main.o ./Core/Src/main.su ./Core/Src/stm32f1xx_hal_msp.cyclo ./Core/Src/stm32f1xx_hal_msp.d ./Core/Src/stm32f1xx_hal_msp.o ./Core/Src/stm32f1xx_hal_msp.su ./Core/Src/stm32f1xx_hal_timebase_tim.cyclo ./Core/Src/stm32f1xx_hal_timebase_tim.d ./Core/Src/stm32f1xx_hal_timebase_tim.o ./Core/Src/stm32f1xx_hal_timebase_tim.su ./Core/Src/stm32f1xx_it.cyclo ./Core/Src/stm32f1xx_it.d ./Core/Src/stm32f1xx_it.o ./Core/Src/stm32f1xx_it.su ./Core/Src/syscalls.cyclo ./Core/Src/syscalls.d ./Core/Src/syscalls.o ./Core/Src/syscalls.su ./Core/Src/sysmem.cyclo ./Core/Src/sysmem.d ./Core/Src/sysmem.o ./Core/Src/sysmem.su ./Core/Src/system_stm32f1xx.cyclo ./Core/Src/system_stm32f1xx.d ./Core/Src/system_stm32f1xx.o ./Core/Src/system_stm32f1xx.su
rm -rf Proyecto8C.elf Proyecto8C.list Proyecto8C.map default.size.stdout
 
17:26:15 **** Incremental Build of configuration Debug for project Proyecto8D ****
make -j12 all 
arm-none-eabi-size   Proyecto8D.elf 
   text	   data	    bss	    dec	    hex	filename
  23524	     24	   9168	  32716	   7fcc	Proyecto8D.elf
Finished building: default.size.stdout
 
17:31:54 **** Incremental Build of configuration Debug for project Proyecto8D ****
make -j12 all 
arm-none-eabi-gcc "../Core/Src/main.c" -mcpu=cortex-m3 -std=gnu11 -g3 -DDEBUG -DUSE_HAL_DRIVER -DSTM32F107xC -c -I../Core/Inc -I../Drivers/STM32F1xx_HAL_Driver/Inc/Legacy -I../Drivers/STM32F1xx_HAL_Driver/Inc -I../Drivers/CMSIS/Device/ST/STM32F1xx/Include -I../Drivers/CMSIS/Include -I../Middlewares/Third_Party/FreeRTOS/Source/include -I../Middlewares/Third_Party/FreeRTOS/Source/CMSIS_RTOS_V2 -I../Middlewares/Third_Party/FreeRTOS/Source/portable/GCC/ARM_CM3 -O0 -ffunction-sections -fdata-sections -Wall -fstack-usage -fcyclomatic-complexity -MMD -MP -MF"Core/Src/main.d" -MT"Core/Src/main.o" --specs=nano.specs -mfloat-abi=soft -mthumb -o "Core/Src/main.o"
../Core/Src/main.c: In function 'Start_control_leds':
../Core/Src/main.c:390:36: error: expected ';' before '}' token
  390 |                         osDelay(10)
      |                                    ^
      |                                    ;
  391 |                 }
      |                 ~                   
make: *** [Core/Src/subdir.mk:40: Core/Src/main.o] Error 1
"make -j12 all" terminated with exit code 2. Build might be incomplete.
17:32:15 **** Incremental Build of configuration Debug for project Proyecto8D ****
make -j12 all 
arm-none-eabi-gcc "../Core/Src/main.c" -mcpu=cortex-m3 -std=gnu11 -g3 -DDEBUG -DUSE_HAL_DRIVER -DSTM32F107xC -c -I../Core/Inc -I../Drivers/STM32F1xx_HAL_Driver/Inc/Legacy -I../Drivers/STM32F1xx_HAL_Driver/Inc -I../Drivers/CMSIS/Device/ST/STM32F1xx/Include -I../Drivers/CMSIS/Include -I../Middlewares/Third_Party/FreeRTOS/Source/include -I../Middlewares/Third_Party/FreeRTOS/Source/CMSIS_RTOS_V2 -I../Middlewares/Third_Party/FreeRTOS/Source/portable/GCC/ARM_CM3 -O0 -ffunction-sections -fdata-sections -Wall -fstack-usage -fcyclomatic-complexity -MMD -MP -MF"Core/Src/main.d" -MT"Core/Src/main.o" --specs=nano.specs -mfloat-abi=soft -mthumb -o "Core/Src/main.o"
arm-none-eabi-gcc -o "Proyecto8D.elf" @"objects.list"   -mcpu=cortex-m3 -T"C:\Users\jesus\Documents\SETR1ws\Practicas-SETR1\Proyecto8D\STM32F107VCTX_FLASH.ld" --specs=nosys.specs -Wl,-Map="Proyecto8D.map" -Wl,--gc-sections -static --specs=nano.specs -mfloat-abi=soft -mthumb -Wl,--start-group -lc -lm -Wl,--end-group
Finished building target: Proyecto8D.elf
 
arm-none-eabi-size   Proyecto8D.elf 
arm-none-eabi-objdump -h -S  Proyecto8D.elf  > "Proyecto8D.list"
   text	   data	    bss	    dec	    hex	filename
  23540	     24	   9168	  32732	   7fdc	Proyecto8D.elf
Finished building: default.size.stdout
 
Finished building: Proyecto8D.list
 
17:32:29 **** Incremental Build of configuration Debug for project Proyecto8D ****
make -j12 all 
arm-none-eabi-size   Proyecto8D.elf 
   text	   data	    bss	    dec	    hex	filename
  23540	     24	   9168	  32732	   7fdc	Proyecto8D.elf
Finished building: default.size.stdout
 
17:36:35 **** Incremental Build of configuration Debug for project Proyecto8D ****
make -j12 all 
arm-none-eabi-gcc "../Core/Src/main.c" -mcpu=cortex-m3 -std=gnu11 -g3 -DDEBUG -DUSE_HAL_DRIVER -DSTM32F107xC -c -I../Core/Inc -I../Drivers/STM32F1xx_HAL_Driver/Inc/Legacy -I../Drivers/STM32F1xx_HAL_Driver/Inc -I../Drivers/CMSIS/Device/ST/STM32F1xx/Include -I../Drivers/CMSIS/Include -I../Middlewares/Third_Party/FreeRTOS/Source/include -I../Middlewares/Third_Party/FreeRTOS/Source/CMSIS_RTOS_V2 -I../Middlewares/Third_Party/FreeRTOS/Source/portable/GCC/ARM_CM3 -O0 -ffunction-sections -fdata-sections -Wall -fstack-usage -fcyclomatic-complexity -MMD -MP -MF"Core/Src/main.d" -MT"Core/Src/main.o" --specs=nano.specs -mfloat-abi=soft -mthumb -o "Core/Src/main.o"
arm-none-eabi-gcc -o "Proyecto8D.elf" @"objects.list"   -mcpu=cortex-m3 -T"C:\Users\jesus\Documents\SETR1ws\Practicas-SETR1\Proyecto8D\STM32F107VCTX_FLASH.ld" --specs=nosys.specs -Wl,-Map="Proyecto8D.map" -Wl,--gc-sections -static --specs=nano.specs -mfloat-abi=soft -mthumb -Wl,--start-group -lc -lm -Wl,--end-group
Finished building target: Proyecto8D.elf
 
arm-none-eabi-size   Proyecto8D.elf 
arm-none-eabi-objdump -h -S  Proyecto8D.elf  > "Proyecto8D.list"
   text	   data	    bss	    dec	    hex	filename
  23572	     24	   9168	  32764	   7ffc	Proyecto8D.elf
Finished building: default.size.stdout
 
Finished building: Proyecto8D.list
 
17:36:42 **** Incremental Build of configuration Debug for project Proyecto8D ****
make -j12 all 
arm-none-eabi-size   Proyecto8D.elf 
   text	   data	    bss	    dec	    hex	filename
  23572	     24	   9168	  32764	   7ffc	Proyecto8D.elf
Finished building: default.size.stdout
 
