20:49:08 **** Incremental Build of configuration Debug for project P6_f6 ****
make -j12 all 
arm-none-eabi-gcc "../Core/Src/main.c" -mcpu=cortex-m4 -std=gnu11 -g3 -DDEBUG -DUSE_HAL_DRIVER -DSTM32L475xx -c -I../Core/Inc -I../Drivers/STM32L4xx_HAL_Driver/Inc -I../Drivers/STM32L4xx_HAL_Driver/Inc/Legacy -I../Drivers/CMSIS/Device/ST/STM32L4xx/Include -I../Drivers/CMSIS/Include -I../USB_DEVICE/App -I../USB_DEVICE/Target -I../Middlewares/ST/STM32_USB_Device_Library/Core/Inc -I../Middlewares/ST/STM32_USB_Device_Library/Class/CustomHID/Inc -O0 -ffunction-sections -fdata-sections -Wall -fstack-usage -fcyclomatic-complexity -MMD -MP -MF"Core/Src/main.d" -MT"Core/Src/main.o" --specs=nano.specs -mfpu=fpv4-sp-d16 -mfloat-abi=hard -mthumb -o "Core/Src/main.o"
../Core/Src/main.c: In function 'main':
../Core/Src/main.c:131:1: warning: implicit declaration of function 'USBD_LL_PrepareReceive' [-Wimplicit-function-declaration]
  131 | USBD_LL_PrepareReceive(&hUsbDeviceFS, 1,dato, 6);
      | ^~~~~~~~~~~~~~~~~~~~~~
../Core/Src/main.c:157:1: warning: implicit declaration of function 'USBD_CUSTOM_HID_SendReport_FS' [-Wimplicit-function-declaration]
  157 | USBD_CUSTOM_HID_SendReport_FS(dato,6);
      | ^~~~~~~~~~~~~~~~~~~~~~~~~~~~~
../Core/Src/main.c:134:5: warning: unused variable 'i' [-Wunused-variable]
  134 | int i;
      |     ^
../Core/Src/main.c:133:6: warning: unused variable 'str' [-Wunused-variable]
  133 | char str[1];
      |      ^~~
../Core/Src/main.c:132:9: warning: unused variable 'datoCiclo' [-Wunused-variable]
  132 | uint8_t datoCiclo[6] = {115,101,116,114,0,0}; //setr ascii
      |         ^~~~~~~~~
arm-none-eabi-gcc -o "P6_f6.elf" @"objects.list"   -mcpu=cortex-m4 -T"C:\Users\jesus\Documents\SETR1ws\Practicas-SETR1\P6_f6\STM32L475VGTX_FLASH.ld" --specs=nosys.specs -Wl,-Map="P6_f6.map" -Wl,--gc-sections -static --specs=nano.specs -mfpu=fpv4-sp-d16 -mfloat-abi=hard -mthumb -u _printf_float -Wl,--start-group -lc -lm -Wl,--end-group
Finished building target: P6_f6.elf
 
arm-none-eabi-size   P6_f6.elf 
arm-none-eabi-objdump -h -S  P6_f6.elf  > "P6_f6.list"
   text	   data	    bss	    dec	    hex	filename
  59532	    744	   5192	  65468	   ffbc	P6_f6.elf
Finished building: default.size.stdout
 
Finished building: P6_f6.list
 

20:49:09 Build Finished. 0 errors, 5 warnings. (took 1s.651ms)

